#
# There is insufficient memory for the Java Runtime Environment to continue.
# Native memory allocation (malloc) failed to allocate 1132976 bytes. Error detail: Chunk::new
# Possible reasons:
#   The system is out of physical RAM or swap space
#   This process is running with CompressedOops enabled, and the Java Heap may be blocking the growth of the native heap
# Possible solutions:
#   Reduce memory load on the system
#   Increase physical memory or swap space
#   Check if swap backing store is full
#   Decrease Java heap size (-Xmx/-Xms)
#   Decrease number of Java threads
#   Decrease Java thread stack sizes (-Xss)
#   Set larger code cache with -XX:ReservedCodeCacheSize=
#   JVM is running with Unscaled Compressed Oops mode in which the Java heap is
#     placed in the first 4GB address space. The Java Heap base address is the
#     maximum limit for the native heap growth. Please use -XX:HeapBaseMinAddress
#     to set the Java Heap base and to place the Java Heap above 4GB virtual address.
# This output file may be truncated or incomplete.
#
#  Out of Memory Error (arena.cpp:168), pid=33368, tid=19140
#
# JRE version: OpenJDK Runtime Environment Temurin-21.0.9+10 (21.0.9+10) (build 21.0.9+10-LTS)
# Java VM: OpenJDK 64-Bit Server VM Temurin-21.0.9+10 (21.0.9+10-LTS, mixed mode, sharing, tiered, compressed oops, compressed class ptrs, parallel gc, windows-amd64)
# No core dump will be written. Minidumps are not enabled by default on client versions of Windows
#

---------------  S U M M A R Y ------------

Command Line: --add-modules=ALL-SYSTEM --add-opens=java.base/java.util=ALL-UNNAMED --add-opens=java.base/java.lang=ALL-UNNAMED --add-opens=java.base/sun.nio.fs=ALL-UNNAMED -Declipse.application=org.eclipse.jdt.ls.core.id1 -Dosgi.bundles.defaultStartLevel=4 -Declipse.product=org.eclipse.jdt.ls.core.product -Djava.import.generatesMetadataFilesAtProjectRoot=false -DDetectVMInstallationsJob.disabled=true -Dfile.encoding=utf8 -XX:+UseParallelGC -XX:GCTimeRatio=4 -XX:AdaptiveSizePolicyWeight=90 -Dsun.zip.disableMemoryMapping=true -Xmx2G -Xms100m -Xlog:disable -javaagent:c:\Users\slckc\.vscode\extensions\redhat.java-1.50.0-win32-x64\lombok\lombok-1.18.39-4050.jar -XX:+HeapDumpOnOutOfMemoryError -XX:HeapDumpPath=c:\Users\slckc\AppData\Roaming\Code\User\workspaceStorage\b5d2e1146c176a6eed179b0ba5530afd\redhat.java -Daether.dependencyCollector.impl=bf c:\Users\slckc\.vscode\extensions\redhat.java-1.50.0-win32-x64\server\plugins\org.eclipse.equinox.launcher_1.7.100.v20251111-0406.jar -configuration c:\Users\slckc\AppData\Roaming\Code\User\globalStorage\redhat.java\1.50.0\config_win -data c:\Users\slckc\AppData\Roaming\Code\User\workspaceStorage\b5d2e1146c176a6eed179b0ba5530afd\redhat.java\jdt_ws --pipe=\\.\pipe\lsp-ffaebb71bf101ee98fc616aa4ac55985-sock

Host: AMD Ryzen 7 9700X 8-Core Processor             , 16 cores, 31G,  Windows 11 , 64 bit Build 26100 (10.0.26100.7309)
Time: Thu Dec 18 10:52:53 2025 Turkey Standard Time elapsed time: 6.497560 seconds (0d 0h 0m 6s)

---------------  T H R E A D  ---------------

Current thread (0x000001cc0f7cff80):  JavaThread "C2 CompilerThread1" daemon [_thread_in_native, id=19140, stack(0x0000001269800000,0x0000001269900000) (1024K)]


Current CompileTask:
C2:6497 5380       4       org.eclipse.osgi.internal.serviceregistry.ServiceRegistry::notifyHooksPrivileged (57 bytes)

Stack: [0x0000001269800000,0x0000001269900000]
Native frames: (J=compiled Java code, j=interpreted, Vv=VM code, C=native code)
V  [jvm.dll+0x6d6e29]
V  [jvm.dll+0x8b4b76]
V  [jvm.dll+0x8b712e]
V  [jvm.dll+0x8b7813]
V  [jvm.dll+0x283d86]
V  [jvm.dll+0xc66ed]
V  [jvm.dll+0xc6c31]
V  [jvm.dll+0x3be501]
V  [jvm.dll+0x38ab92]
V  [jvm.dll+0x389fda]
V  [jvm.dll+0x24bfa0]
V  [jvm.dll+0x24b580]
V  [jvm.dll+0x1cb13e]
V  [jvm.dll+0x25b29d]
V  [jvm.dll+0x25982a]
V  [jvm.dll+0x3f7ea6]
V  [jvm.dll+0x85e9ad]
V  [jvm.dll+0x6d565d]
C  [ucrtbase.dll+0x37b0]
C  [KERNEL32.DLL+0x2e8d7]
C  [ntdll.dll+0x8c53c]


---------------  P R O C E S S  ---------------

Threads class SMR info:
_java_thread_list=0x000001cc11ac0530, length=52, elements={
0x000001cbae066580, 0x000001cbb0541f50, 0x000001cbb05429a0, 0x000001cbb0546ee0,
0x000001cbb0547d90, 0x000001cbb054e550, 0x000001cbb05562e0, 0x000001cc0909dfe0,
0x000001cc090a1d70, 0x000001cc09162a90, 0x000001cc09163ca0, 0x000001cc092d0bd0,
0x000001cc0f054db0, 0x000001cc0f8be330, 0x000001cc0f8de790, 0x000001cc0f7923b0,
0x000001cc0f95a380, 0x000001cc10048e00, 0x000001cc10048770, 0x000001cc0f7cff80,
0x000001cc10049490, 0x000001cc1040adf0, 0x000001cc10408690, 0x000001cc1040a760,
0x000001cc10407970, 0x000001cc1040b480, 0x000001cc1040a0d0, 0x000001cc10408000,
0x000001cc1040bb10, 0x000001cc1040c1a0, 0x000001cc104093b0, 0x000001cc1040c830,
0x000001cc10409a40, 0x000001cc1040ef90, 0x000001cc1040cec0, 0x000001cc1040d550,
0x000001cc1040dbe0, 0x000001cc1040e270, 0x000001cc1040e900, 0x000001cc1249a330,
0x000001cc1249ca90, 0x000001cc1249b6e0, 0x000001cc1249d120, 0x000001cc1249bd70,
0x000001cc1249d7b0, 0x000001cc1249b050, 0x000001cc1249de40, 0x000001cc1249a9c0,
0x000001cc1249e4d0, 0x000001cc1249eb60, 0x000001cc1249f1f0, 0x000001cc1249c400
}

Java Threads: ( => current thread )
  0x000001cbae066580 JavaThread "main"                              [_thread_blocked, id=33620, stack(0x0000001267700000,0x0000001267800000) (1024K)]
  0x000001cbb0541f50 JavaThread "Reference Handler"          daemon [_thread_blocked, id=23696, stack(0x0000001267b00000,0x0000001267c00000) (1024K)]
  0x000001cbb05429a0 JavaThread "Finalizer"                  daemon [_thread_blocked, id=17312, stack(0x0000001267c00000,0x0000001267d00000) (1024K)]
  0x000001cbb0546ee0 JavaThread "Signal Dispatcher"          daemon [_thread_blocked, id=29200, stack(0x0000001267d00000,0x0000001267e00000) (1024K)]
  0x000001cbb0547d90 JavaThread "Attach Listener"            daemon [_thread_blocked, id=30636, stack(0x0000001267e00000,0x0000001267f00000) (1024K)]
  0x000001cbb054e550 JavaThread "Service Thread"             daemon [_thread_blocked, id=29868, stack(0x0000001267f00000,0x0000001268000000) (1024K)]
  0x000001cbb05562e0 JavaThread "Monitor Deflation Thread"   daemon [_thread_blocked, id=31544, stack(0x0000001268000000,0x0000001268100000) (1024K)]
  0x000001cc0909dfe0 JavaThread "C2 CompilerThread0"         daemon [_thread_in_native, id=29584, stack(0x0000001268100000,0x0000001268200000) (1024K)]
  0x000001cc090a1d70 JavaThread "C1 CompilerThread0"         daemon [_thread_blocked, id=12900, stack(0x0000001268200000,0x0000001268300000) (1024K)]
  0x000001cc09162a90 JavaThread "C1 CompilerThread1"         daemon [_thread_blocked, id=32504, stack(0x0000001268300000,0x0000001268400000) (1024K)]
  0x000001cc09163ca0 JavaThread "C1 CompilerThread2"         daemon [_thread_blocked, id=26932, stack(0x0000001268400000,0x0000001268500000) (1024K)]
  0x000001cc092d0bd0 JavaThread "Common-Cleaner"             daemon [_thread_blocked, id=15372, stack(0x0000001268600000,0x0000001268700000) (1024K)]
  0x000001cc0f054db0 JavaThread "Notification Thread"        daemon [_thread_blocked, id=27712, stack(0x0000001268800000,0x0000001268900000) (1024K)]
  0x000001cc0f8be330 JavaThread "Active Thread: Equinox Container: c012eb0f-1396-4c72-b1d8-f2eda30bfbc7"        [_thread_blocked, id=14952, stack(0x0000001268f00000,0x0000001269000000) (1024K)]
  0x000001cc0f8de790 JavaThread "Refresh Thread: Equinox Container: c012eb0f-1396-4c72-b1d8-f2eda30bfbc7" daemon [_thread_blocked, id=33504, stack(0x0000001268700000,0x0000001268800000) (1024K)]
  0x000001cc0f7923b0 JavaThread "Framework Event Dispatcher: Equinox Container: c012eb0f-1396-4c72-b1d8-f2eda30bfbc7" daemon [_thread_blocked, id=30908, stack(0x0000001269100000,0x0000001269200000) (1024K)]
  0x000001cc0f95a380 JavaThread "Start Level: Equinox Container: c012eb0f-1396-4c72-b1d8-f2eda30bfbc7" daemon [_thread_blocked, id=32732, stack(0x0000001269200000,0x0000001269300000) (1024K)]
  0x000001cc10048e00 JavaThread "Bundle File Closer"         daemon [_thread_blocked, id=31356, stack(0x0000001269600000,0x0000001269700000) (1024K)]
  0x000001cc10048770 JavaThread "SCR Component Actor"        daemon [_thread_blocked, id=33412, stack(0x0000001269500000,0x0000001269600000) (1024K)]
=>0x000001cc0f7cff80 JavaThread "C2 CompilerThread1"         daemon [_thread_in_native, id=19140, stack(0x0000001269800000,0x0000001269900000) (1024K)]
  0x000001cc10049490 JavaThread "Worker-JM"                         [_thread_blocked, id=33408, stack(0x0000001269900000,0x0000001269a00000) (1024K)]
  0x000001cc1040adf0 JavaThread "JNA Cleaner"                daemon [_thread_blocked, id=20348, stack(0x0000001269c00000,0x0000001269d00000) (1024K)]
  0x000001cc10408690 JavaThread "Worker-0: Repository registry initialization"        [_thread_blocked, id=2188, stack(0x0000001269d00000,0x0000001269e00000) (1024K)]
  0x000001cc1040a760 JavaThread "Worker-1"                          [_thread_blocked, id=12692, stack(0x0000001269e00000,0x0000001269f00000) (1024K)]
  0x000001cc10407970 JavaThread "Worker-2: Initialize After Load"        [_thread_blocked, id=29732, stack(0x0000001269f00000,0x000000126a000000) (1024K)]
  0x000001cc1040b480 JavaThread "Worker-3: Synchronize Gradle projects with workspace"        [_thread_blocked, id=31364, stack(0x000000126a200000,0x000000126a300000) (1024K)]
  0x000001cc1040a0d0 JavaThread "Worker-4: Updating Maven Dependencies"        [_thread_in_native, id=14112, stack(0x000000126a300000,0x000000126a400000) (1024K)]
  0x000001cc10408000 JavaThread "Timer-0"                           [_thread_blocked, id=27612, stack(0x000000126a400000,0x000000126a500000) (1024K)]
  0x000001cc1040bb10 JavaThread "Java indexing"              daemon [_thread_blocked, id=31388, stack(0x000000126a500000,0x000000126a600000) (1024K)]
  0x000001cc1040c1a0 JavaThread "Timer-1"                           [_thread_blocked, id=18124, stack(0x000000126a600000,0x000000126a700000) (1024K)]
  0x000001cc104093b0 JavaThread "Connection worker"                 [_thread_in_native, id=28436, stack(0x000000126a700000,0x000000126a800000) (1024K)]
  0x000001cc1040c830 JavaThread "Thread-4"                   daemon [_thread_in_native, id=25684, stack(0x000000126a800000,0x000000126a900000) (1024K)]
  0x000001cc10409a40 JavaThread "Thread-5"                   daemon [_thread_in_native, id=16376, stack(0x000000126a900000,0x000000126aa00000) (1024K)]
  0x000001cc1040ef90 JavaThread "Thread-6"                   daemon [_thread_in_native, id=20440, stack(0x000000126aa00000,0x000000126ab00000) (1024K)]
  0x000001cc1040cec0 JavaThread "Thread-7"                   daemon [_thread_in_native, id=29708, stack(0x000000126ab00000,0x000000126ac00000) (1024K)]
  0x000001cc1040d550 JavaThread "Thread-8"                   daemon [_thread_in_native, id=28880, stack(0x000000126ac00000,0x000000126ad00000) (1024K)]
  0x000001cc1040dbe0 JavaThread "Thread-9"                   daemon [_thread_in_native, id=33492, stack(0x000000126ad00000,0x000000126ae00000) (1024K)]
  0x000001cc1040e270 JavaThread "Thread-10"                  daemon [_thread_in_native, id=7872, stack(0x000000126ae00000,0x000000126af00000) (1024K)]
  0x000001cc1040e900 JavaThread "Thread-11"                  daemon [_thread_in_native, id=33120, stack(0x000000126af00000,0x000000126b000000) (1024K)]
  0x000001cc1249a330 JavaThread "Thread-12"                  daemon [_thread_in_native, id=12784, stack(0x000000126b000000,0x000000126b100000) (1024K)]
  0x000001cc1249ca90 JavaThread "Thread-13"                  daemon [_thread_in_native, id=20416, stack(0x000000126b100000,0x000000126b200000) (1024K)]
  0x000001cc1249b6e0 JavaThread "Thread-14"                  daemon [_thread_in_native, id=31608, stack(0x000000126b200000,0x000000126b300000) (1024K)]
  0x000001cc1249d120 JavaThread "Thread-15"                  daemon [_thread_in_native, id=32540, stack(0x000000126b300000,0x000000126b400000) (1024K)]
  0x000001cc1249bd70 JavaThread "Thread-16"                  daemon [_thread_in_native, id=3928, stack(0x000000126b400000,0x000000126b500000) (1024K)]
  0x000001cc1249d7b0 JavaThread "Thread-17"                  daemon [_thread_in_native, id=428, stack(0x000000126b500000,0x000000126b600000) (1024K)]
  0x000001cc1249b050 JavaThread "Thread-18"                  daemon [_thread_in_native, id=7832, stack(0x000000126b600000,0x000000126b700000) (1024K)]
  0x000001cc1249de40 JavaThread "Thread-19"                  daemon [_thread_in_native, id=3808, stack(0x000000126b700000,0x000000126b800000) (1024K)]
  0x000001cc1249a9c0 JavaThread "Thread-20"                  daemon [_thread_in_native, id=19168, stack(0x000000126b800000,0x000000126b900000) (1024K)]
  0x000001cc1249e4d0 JavaThread "pool-2-thread-1"                   [_thread_blocked, id=28392, stack(0x000000126b900000,0x000000126ba00000) (1024K)]
  0x000001cc1249eb60 JavaThread "WorkspaceEventsHandler"            [_thread_blocked, id=30932, stack(0x000000126ba00000,0x000000126bb00000) (1024K)]
  0x000001cc1249f1f0 JavaThread "pool-1-thread-1"                   [_thread_blocked, id=3544, stack(0x000000126bb00000,0x000000126bc00000) (1024K)]
  0x000001cc1249c400 JavaThread "Worker-5"                          [_thread_blocked, id=26440, stack(0x0000001269a00000,0x0000001269b00000) (1024K)]
Total: 52

Other Threads:
  0x000001cbb0434a60 VMThread "VM Thread"                           [id=25708, stack(0x0000001267a00000,0x0000001267b00000) (1024K)]
  0x000001cbb0533cc0 WatcherThread "VM Periodic Task Thread"        [id=20012, stack(0x0000001267900000,0x0000001267a00000) (1024K)]
  0x000001cbb04e4920 WorkerThread "GC Thread#0"                     [id=20432, stack(0x0000001267800000,0x0000001267900000) (1024K)]
  0x000001cc0f64d330 WorkerThread "GC Thread#1"                     [id=20464, stack(0x0000001268900000,0x0000001268a00000) (1024K)]
  0x000001cc0f4b40e0 WorkerThread "GC Thread#2"                     [id=28100, stack(0x0000001268a00000,0x0000001268b00000) (1024K)]
  0x000001cc0f1d3920 WorkerThread "GC Thread#3"                     [id=26640, stack(0x0000001268b00000,0x0000001268c00000) (1024K)]
  0x000001cc0f1d3cc0 WorkerThread "GC Thread#4"                     [id=19620, stack(0x0000001268c00000,0x0000001268d00000) (1024K)]
  0x000001cc0f1d4460 WorkerThread "GC Thread#5"                     [id=26784, stack(0x0000001268d00000,0x0000001268e00000) (1024K)]
  0x000001cc0f3c4790 WorkerThread "GC Thread#6"                     [id=19520, stack(0x0000001268e00000,0x0000001268f00000) (1024K)]
  0x000001cc0f3c43f0 WorkerThread "GC Thread#7"                     [id=4172, stack(0x0000001269000000,0x0000001269100000) (1024K)]
  0x000001cc0f3c5270 WorkerThread "GC Thread#8"                     [id=33244, stack(0x0000001268500000,0x0000001268600000) (1024K)]
  0x000001cc0f3c3910 WorkerThread "GC Thread#9"                     [id=11228, stack(0x0000001269300000,0x0000001269400000) (1024K)]
  0x000001cc0f3c3cb0 WorkerThread "GC Thread#10"                    [id=33208, stack(0x0000001269400000,0x0000001269500000) (1024K)]
  0x000001cc0f3c4050 WorkerThread "GC Thread#11"                    [id=19988, stack(0x0000001269700000,0x0000001269800000) (1024K)]
  0x000001cc101cf130 WorkerThread "GC Thread#12"                    [id=29124, stack(0x0000001269b00000,0x0000001269c00000) (1024K)]
Total: 15

Threads with active compile tasks:
C2 CompilerThread0  6514 5484       4       java.util.regex.Matcher::match (154 bytes)
C2 CompilerThread1  6514 5380       4       org.eclipse.osgi.internal.serviceregistry.ServiceRegistry::notifyHooksPrivileged (57 bytes)
Total: 2

VM state: not at safepoint (normal execution)

VM Mutex/Monitor currently owned by a thread: None

Heap address: 0x0000000080000000, size: 2048 MB, Compressed Oops mode: 32-bit

CDS archive(s) mapped at: [0x000001cbc7000000-0x000001cbc7ba0000-0x000001cbc7ba0000), size 12189696, SharedBaseAddress: 0x000001cbc7000000, ArchiveRelocationMode: 1.
Compressed class space mapped at: 0x000001cbc8000000-0x000001cc08000000, reserved size: 1073741824
Narrow klass base: 0x000001cbc7000000, Narrow klass shift: 0, Narrow klass range: 0x100000000

GC Precious Log:
 CardTable entry size: 512
 CPUs: 16 total, 16 available
 Memory: 32361M
 Large Page Support: Disabled
 NUMA Support: Disabled
 Compressed Oops: Enabled (32-bit)
 Alignments: Space 512K, Generation 512K, Heap 2M
 Heap Min Capacity: 100M
 Heap Initial Capacity: 100M
 Heap Max Capacity: 2G
 Pre-touch: Disabled
 Parallel Workers: 13

Heap:
 PSYoungGen      total 23040K, used 11136K [0x00000000d5580000, 0x00000000d6f00000, 0x0000000100000000)
  eden space 22016K, 46% used [0x00000000d5580000,0x00000000d5f682a0,0x00000000d6b00000)
  from space 1024K, 96% used [0x00000000d6e00000,0x00000000d6ef8000,0x00000000d6f00000)
  to   space 1536K, 0% used [0x00000000d6c00000,0x00000000d6c00000,0x00000000d6d80000)
 ParOldGen       total 68608K, used 29328K [0x0000000080000000, 0x0000000084300000, 0x00000000d5580000)
  object space 68608K, 42% used [0x0000000080000000,0x0000000081ca4050,0x0000000084300000)
 Metaspace       used 43947K, committed 45120K, reserved 1114112K
  class space    used 4980K, committed 5504K, reserved 1048576K

Card table byte_map: [0x000001cbafe40000,0x000001cbb0250000] _byte_map_base: 0x000001cbafa40000

Marking Bits: (ParMarkBitMap*) 0x00007ffef9782460
 Begin Bits: [0x000001cbc2950000, 0x000001cbc4950000)
 End Bits:   [0x000001cbc4950000, 0x000001cbc6950000)

Polling page: 0x000001cbae230000

Metaspace:

Usage:
  Non-class:     38.06 MB used.
      Class:      4.86 MB used.
       Both:     42.92 MB used.

Virtual space:
  Non-class space:       64.00 MB reserved,      38.69 MB ( 60%) committed,  1 nodes.
      Class space:        1.00 GB reserved,       5.38 MB ( <1%) committed,  1 nodes.
             Both:        1.06 GB reserved,      44.06 MB (  4%) committed. 

Chunk freelists:
   Non-Class:  9.06 MB
       Class:  10.53 MB
        Both:  19.59 MB

MaxMetaspaceSize: unlimited
CompressedClassSpaceSize: 1.00 GB
Initial GC threshold: 21.00 MB
Current GC threshold: 58.38 MB
CDS: on
 - commit_granule_bytes: 65536.
 - commit_granule_words: 8192.
 - virtual_space_node_default_size: 8388608.
 - enlarge_chunks_in_place: 1.
 - use_allocation_guard: 0.


Internal statistics:

num_allocs_failed_limit: 6.
num_arena_births: 780.
num_arena_deaths: 14.
num_vsnodes_births: 2.
num_vsnodes_deaths: 0.
num_space_committed: 705.
num_space_uncommitted: 0.
num_chunks_returned_to_freelist: 20.
num_chunks_taken_from_freelist: 2811.
num_chunk_merges: 12.
num_chunk_splits: 1694.
num_chunks_enlarged: 916.
num_inconsistent_stats: 0.

CodeHeap 'non-profiled nmethods': size=119168Kb used=2020Kb max_used=2020Kb free=117148Kb
 bounds [0x000001cbbb240000, 0x000001cbbb4b0000, 0x000001cbc26a0000]
CodeHeap 'profiled nmethods': size=119104Kb used=10371Kb max_used=10371Kb free=108732Kb
 bounds [0x000001cbb36a0000, 0x000001cbb40d0000, 0x000001cbbaaf0000]
CodeHeap 'non-nmethods': size=7488Kb used=2498Kb max_used=3103Kb free=4989Kb
 bounds [0x000001cbbaaf0000, 0x000001cbbae60000, 0x000001cbbb240000]
CodeCache: size=245760Kb, used=14889Kb, max_used=15494Kb, free=230869Kb
 total_blobs=5583, nmethods=4920, adapters=567, full_count=0
Compilation: enabled, stopped_count=0, restarted_count=0

Compilation events (20 events):
Event: 5.492 Thread 0x000001cc09162a90 5461       3       com.google.inject.internal.Errors::<init> (22 bytes)
Event: 5.492 Thread 0x000001cc09163ca0 5462       3       sun.reflect.annotation.TypeAnnotationParser::parseTypeAnnotations (91 bytes)
Event: 5.492 Thread 0x000001cc090a1d70 nmethod 5460 0x000001cbb40a8d10 code [0x000001cbb40a8f40, 0x000001cbb40a9480]
Event: 5.492 Thread 0x000001cc09162a90 nmethod 5461 0x000001cbb40a9610 code [0x000001cbb40a97c0, 0x000001cbb40a9970]
Event: 5.493 Thread 0x000001cc09163ca0 nmethod 5462 0x000001cbb40a9a10 code [0x000001cbb40a9c60, 0x000001cbb40aa6d0]
Event: 5.493 Thread 0x000001cc09163ca0 5463       3       com.google.common.collect.LexicographicalOrdering::compare (13 bytes)
Event: 5.493 Thread 0x000001cc090a1d70 5464       3       com.google.common.collect.LexicographicalOrdering::compare (85 bytes)
Event: 5.493 Thread 0x000001cc09163ca0 nmethod 5463 0x000001cbb40aab10 code [0x000001cbb40aace0, 0x000001cbb40ab030]
Event: 5.493 Thread 0x000001cc0fae8090 5465       3       com.google.inject.spi.InjectionPoint::forInstanceMethodsAndFields (40 bytes)
Event: 5.493 Thread 0x000001cc09162a90 5466       3       com.google.inject.spi.InjectionPoint::hierarchyFor (44 bytes)
Event: 5.493 Thread 0x000001cc090a1d70 nmethod 5464 0x000001cbb40ab110 code [0x000001cbb40ab380, 0x000001cbb40abcb8]
Event: 5.493 Thread 0x000001cc0fae8090 nmethod 5465 0x000001cbb40abf10 code [0x000001cbb40ac140, 0x000001cbb40ac850]
Event: 5.493 Thread 0x000001cc09162a90 nmethod 5466 0x000001cbb40acb90 code [0x000001cbb40ace20, 0x000001cbb40ad908]
Event: 5.494 Thread 0x000001cc09162a90 5467       3       sun.reflect.annotation.AnnotationParser::toArray (18 bytes)
Event: 5.494 Thread 0x000001cc09162a90 nmethod 5467 0x000001cbb40ade10 code [0x000001cbb40adfe0, 0x000001cbb40ae378]
Event: 5.637 Thread 0x000001cc09162a90 5469       3       org.eclipse.core.internal.jobs.JobManager::select (60 bytes)
Event: 5.637 Thread 0x000001cc09162a90 nmethod 5469 0x000001cbb40ae490 code [0x000001cbb40ae680, 0x000001cbb40aebf8]
Event: 5.718 Thread 0x000001cc0fae8090 5470       3       org.eclipse.core.internal.jobs.JobQueue::peek (26 bytes)
Event: 5.719 Thread 0x000001cc0fae8090 nmethod 5470 0x000001cbb40aed90 code [0x000001cbb40aef40, 0x000001cbb40af0d8]
Event: 5.790 Thread 0x000001cc09162a90 5473   !   3       org.eclipse.core.internal.jobs.JobListeners::waitAndSendEvents (445 bytes)

GC Heap History (20 events):
Event: 4.969 GC heap before
{Heap before GC invocations=11 (full 1):
 PSYoungGen      total 26112K, used 24549K [0x00000000d5580000, 0x00000000d7380000, 0x0000000100000000)
  eden space 23552K, 99% used [0x00000000d5580000,0x00000000d6c7f808,0x00000000d6c80000)
  from space 2560K, 39% used [0x00000000d6f00000,0x00000000d6ff9ed8,0x00000000d7180000)
  to   space 1536K, 0% used [0x00000000d7200000,0x00000000d7200000,0x00000000d7380000)
 ParOldGen       total 68608K, used 13221K [0x0000000080000000, 0x0000000084300000, 0x00000000d5580000)
  object space 68608K, 19% used [0x0000000080000000,0x0000000080ce9598,0x0000000084300000)
 Metaspace       used 28311K, committed 29120K, reserved 1114112K
  class space    used 2844K, committed 3200K, reserved 1048576K
}
Event: 4.970 GC heap after
{Heap after GC invocations=11 (full 1):
 PSYoungGen      total 24576K, used 1532K [0x00000000d5580000, 0x00000000d7400000, 0x0000000100000000)
  eden space 23040K, 0% used [0x00000000d5580000,0x00000000d5580000,0x00000000d6c00000)
  from space 1536K, 99% used [0x00000000d7200000,0x00000000d737f110,0x00000000d7380000)
  to   space 4096K, 0% used [0x00000000d6c00000,0x00000000d6c00000,0x00000000d7000000)
 ParOldGen       total 68608K, used 15132K [0x0000000080000000, 0x0000000084300000, 0x00000000d5580000)
  object space 68608K, 22% used [0x0000000080000000,0x0000000080ec7360,0x0000000084300000)
 Metaspace       used 28311K, committed 29120K, reserved 1114112K
  class space    used 2844K, committed 3200K, reserved 1048576K
}
Event: 5.040 GC heap before
{Heap before GC invocations=12 (full 1):
 PSYoungGen      total 24576K, used 24572K [0x00000000d5580000, 0x00000000d7400000, 0x0000000100000000)
  eden space 23040K, 100% used [0x00000000d5580000,0x00000000d6c00000,0x00000000d6c00000)
  from space 1536K, 99% used [0x00000000d7200000,0x00000000d737f110,0x00000000d7380000)
  to   space 4096K, 0% used [0x00000000d6c00000,0x00000000d6c00000,0x00000000d7000000)
 ParOldGen       total 68608K, used 15132K [0x0000000080000000, 0x0000000084300000, 0x00000000d5580000)
  object space 68608K, 22% used [0x0000000080000000,0x0000000080ec7360,0x0000000084300000)
 Metaspace       used 31247K, committed 32256K, reserved 1114112K
  class space    used 3172K, committed 3584K, reserved 1048576K
}
Event: 5.042 GC heap after
{Heap after GC invocations=12 (full 1):
 PSYoungGen      total 26624K, used 2058K [0x00000000d5580000, 0x00000000d7280000, 0x0000000100000000)
  eden space 22528K, 0% used [0x00000000d5580000,0x00000000d5580000,0x00000000d6b80000)
  from space 4096K, 50% used [0x00000000d6c00000,0x00000000d6e02818,0x00000000d7000000)
  to   space 2560K, 0% used [0x00000000d7000000,0x00000000d7000000,0x00000000d7280000)
 ParOldGen       total 68608K, used 16235K [0x0000000080000000, 0x0000000084300000, 0x00000000d5580000)
  object space 68608K, 23% used [0x0000000080000000,0x0000000080fdaf48,0x0000000084300000)
 Metaspace       used 31247K, committed 32256K, reserved 1114112K
  class space    used 3172K, committed 3584K, reserved 1048576K
}
Event: 5.125 GC heap before
{Heap before GC invocations=13 (full 1):
 PSYoungGen      total 26624K, used 24586K [0x00000000d5580000, 0x00000000d7280000, 0x0000000100000000)
  eden space 22528K, 100% used [0x00000000d5580000,0x00000000d6b80000,0x00000000d6b80000)
  from space 4096K, 50% used [0x00000000d6c00000,0x00000000d6e02818,0x00000000d7000000)
  to   space 2560K, 0% used [0x00000000d7000000,0x00000000d7000000,0x00000000d7280000)
 ParOldGen       total 68608K, used 16235K [0x0000000080000000, 0x0000000084300000, 0x00000000d5580000)
  object space 68608K, 23% used [0x0000000080000000,0x0000000080fdaf48,0x0000000084300000)
 Metaspace       used 34459K, committed 35584K, reserved 1114112K
  class space    used 3593K, committed 4032K, reserved 1048576K
}
Event: 5.126 GC heap after
{Heap after GC invocations=13 (full 1):
 PSYoungGen      total 24064K, used 1968K [0x00000000d5580000, 0x00000000d7200000, 0x0000000100000000)
  eden space 22016K, 0% used [0x00000000d5580000,0x00000000d5580000,0x00000000d6b00000)
  from space 2048K, 96% used [0x00000000d7000000,0x00000000d71ec010,0x00000000d7200000)
  to   space 2560K, 0% used [0x00000000d6d00000,0x00000000d6d00000,0x00000000d6f80000)
 ParOldGen       total 68608K, used 17575K [0x0000000080000000, 0x0000000084300000, 0x00000000d5580000)
  object space 68608K, 25% used [0x0000000080000000,0x0000000081129d40,0x0000000084300000)
 Metaspace       used 34459K, committed 35584K, reserved 1114112K
  class space    used 3593K, committed 4032K, reserved 1048576K
}
Event: 5.135 GC heap before
{Heap before GC invocations=14 (full 1):
 PSYoungGen      total 24064K, used 5225K [0x00000000d5580000, 0x00000000d7200000, 0x0000000100000000)
  eden space 22016K, 14% used [0x00000000d5580000,0x00000000d58ae478,0x00000000d6b00000)
  from space 2048K, 96% used [0x00000000d7000000,0x00000000d71ec010,0x00000000d7200000)
  to   space 2560K, 0% used [0x00000000d6d00000,0x00000000d6d00000,0x00000000d6f80000)
 ParOldGen       total 68608K, used 17575K [0x0000000080000000, 0x0000000084300000, 0x00000000d5580000)
  object space 68608K, 25% used [0x0000000080000000,0x0000000081129d40,0x0000000084300000)
 Metaspace       used 34807K, committed 35840K, reserved 1114112K
  class space    used 3636K, committed 4096K, reserved 1048576K
}
Event: 5.136 GC heap after
{Heap after GC invocations=14 (full 1):
 PSYoungGen      total 23040K, used 733K [0x00000000d5580000, 0x00000000d7080000, 0x0000000100000000)
  eden space 22016K, 0% used [0x00000000d5580000,0x00000000d5580000,0x00000000d6b00000)
  from space 1024K, 71% used [0x00000000d6d00000,0x00000000d6db7798,0x00000000d6e00000)
  to   space 1536K, 0% used [0x00000000d6f00000,0x00000000d6f00000,0x00000000d7080000)
 ParOldGen       total 68608K, used 19252K [0x0000000080000000, 0x0000000084300000, 0x00000000d5580000)
  object space 68608K, 28% used [0x0000000080000000,0x00000000812cd140,0x0000000084300000)
 Metaspace       used 34807K, committed 35840K, reserved 1114112K
  class space    used 3636K, committed 4096K, reserved 1048576K
}
Event: 5.136 GC heap before
{Heap before GC invocations=15 (full 2):
 PSYoungGen      total 23040K, used 733K [0x00000000d5580000, 0x00000000d7080000, 0x0000000100000000)
  eden space 22016K, 0% used [0x00000000d5580000,0x00000000d5580000,0x00000000d6b00000)
  from space 1024K, 71% used [0x00000000d6d00000,0x00000000d6db7798,0x00000000d6e00000)
  to   space 1536K, 0% used [0x00000000d6f00000,0x00000000d6f00000,0x00000000d7080000)
 ParOldGen       total 68608K, used 19252K [0x0000000080000000, 0x0000000084300000, 0x00000000d5580000)
  object space 68608K, 28% used [0x0000000080000000,0x00000000812cd140,0x0000000084300000)
 Metaspace       used 34807K, committed 35840K, reserved 1114112K
  class space    used 3636K, committed 4096K, reserved 1048576K
}
Event: 5.152 GC heap after
{Heap after GC invocations=15 (full 2):
 PSYoungGen      total 23040K, used 0K [0x00000000d5580000, 0x00000000d7080000, 0x0000000100000000)
  eden space 22016K, 0% used [0x00000000d5580000,0x00000000d5580000,0x00000000d6b00000)
  from space 1024K, 0% used [0x00000000d6d00000,0x00000000d6d00000,0x00000000d6e00000)
  to   space 1536K, 0% used [0x00000000d6f00000,0x00000000d6f00000,0x00000000d7080000)
 ParOldGen       total 68608K, used 18795K [0x0000000080000000, 0x0000000084300000, 0x00000000d5580000)
  object space 68608K, 27% used [0x0000000080000000,0x000000008125ac40,0x0000000084300000)
 Metaspace       used 34807K, committed 35840K, reserved 1114112K
  class space    used 3636K, committed 4096K, reserved 1048576K
}
Event: 5.222 GC heap before
{Heap before GC invocations=16 (full 2):
 PSYoungGen      total 23040K, used 22013K [0x00000000d5580000, 0x00000000d7080000, 0x0000000100000000)
  eden space 22016K, 99% used [0x00000000d5580000,0x00000000d6aff5a8,0x00000000d6b00000)
  from space 1024K, 0% used [0x00000000d6d00000,0x00000000d6d00000,0x00000000d6e00000)
  to   space 1536K, 0% used [0x00000000d6f00000,0x00000000d6f00000,0x00000000d7080000)
 ParOldGen       total 68608K, used 18795K [0x0000000080000000, 0x0000000084300000, 0x00000000d5580000)
  object space 68608K, 27% used [0x0000000080000000,0x000000008125ac40,0x0000000084300000)
 Metaspace       used 36963K, committed 38016K, reserved 1114112K
  class space    used 3950K, committed 4352K, reserved 1048576K
}
Event: 5.223 GC heap after
{Heap after GC invocations=16 (full 2):
 PSYoungGen      total 23552K, used 1524K [0x00000000d5580000, 0x00000000d7300000, 0x0000000100000000)
  eden space 22016K, 0% used [0x00000000d5580000,0x00000000d5580000,0x00000000d6b00000)
  from space 1536K, 99% used [0x00000000d6f00000,0x00000000d707d208,0x00000000d7080000)
  to   space 4096K, 0% used [0x00000000d6b00000,0x00000000d6b00000,0x00000000d6f00000)
 ParOldGen       total 68608K, used 20796K [0x0000000080000000, 0x0000000084300000, 0x00000000d5580000)
  object space 68608K, 30% used [0x0000000080000000,0x000000008144f318,0x0000000084300000)
 Metaspace       used 36963K, committed 38016K, reserved 1114112K
  class space    used 3950K, committed 4352K, reserved 1048576K
}
Event: 5.291 GC heap before
{Heap before GC invocations=17 (full 2):
 PSYoungGen      total 23552K, used 23540K [0x00000000d5580000, 0x00000000d7300000, 0x0000000100000000)
  eden space 22016K, 100% used [0x00000000d5580000,0x00000000d6b00000,0x00000000d6b00000)
  from space 1536K, 99% used [0x00000000d6f00000,0x00000000d707d208,0x00000000d7080000)
  to   space 4096K, 0% used [0x00000000d6b00000,0x00000000d6b00000,0x00000000d6f00000)
 ParOldGen       total 68608K, used 20796K [0x0000000080000000, 0x0000000084300000, 0x00000000d5580000)
  object space 68608K, 30% used [0x0000000080000000,0x000000008144f318,0x0000000084300000)
 Metaspace       used 38539K, committed 39680K, reserved 1114112K
  class space    used 4179K, committed 4672K, reserved 1048576K
}
Event: 5.292 GC heap after
{Heap after GC invocations=17 (full 2):
 PSYoungGen      total 25088K, used 3070K [0x00000000d5580000, 0x00000000d7200000, 0x0000000100000000)
  eden space 22016K, 0% used [0x00000000d5580000,0x00000000d5580000,0x00000000d6b00000)
  from space 3072K, 99% used [0x00000000d6b00000,0x00000000d6dff9d0,0x00000000d6e00000)
  to   space 3584K, 0% used [0x00000000d6e80000,0x00000000d6e80000,0x00000000d7200000)
 ParOldGen       total 68608K, used 25346K [0x0000000080000000, 0x0000000084300000, 0x00000000d5580000)
  object space 68608K, 36% used [0x0000000080000000,0x00000000818c0920,0x0000000084300000)
 Metaspace       used 38539K, committed 39680K, reserved 1114112K
  class space    used 4179K, committed 4672K, reserved 1048576K
}
Event: 5.355 GC heap before
{Heap before GC invocations=18 (full 2):
 PSYoungGen      total 25088K, used 25086K [0x00000000d5580000, 0x00000000d7200000, 0x0000000100000000)
  eden space 22016K, 100% used [0x00000000d5580000,0x00000000d6b00000,0x00000000d6b00000)
  from space 3072K, 99% used [0x00000000d6b00000,0x00000000d6dff9d0,0x00000000d6e00000)
  to   space 3584K, 0% used [0x00000000d6e80000,0x00000000d6e80000,0x00000000d7200000)
 ParOldGen       total 68608K, used 25346K [0x0000000080000000, 0x0000000084300000, 0x00000000d5580000)
  object space 68608K, 36% used [0x0000000080000000,0x00000000818c0920,0x0000000084300000)
 Metaspace       used 40000K, committed 41152K, reserved 1114112K
  class space    used 4396K, committed 4928K, reserved 1048576K
}
Event: 5.356 GC heap after
{Heap after GC invocations=18 (full 2):
 PSYoungGen      total 23040K, used 896K [0x00000000d5580000, 0x00000000d6f80000, 0x0000000100000000)
  eden space 22016K, 0% used [0x00000000d5580000,0x00000000d5580000,0x00000000d6b00000)
  from space 1024K, 87% used [0x00000000d6e80000,0x00000000d6f60000,0x00000000d6f80000)
  to   space 2048K, 0% used [0x00000000d6b80000,0x00000000d6b80000,0x00000000d6d80000)
 ParOldGen       total 68608K, used 28047K [0x0000000080000000, 0x0000000084300000, 0x00000000d5580000)
  object space 68608K, 40% used [0x0000000080000000,0x0000000081b63ce8,0x0000000084300000)
 Metaspace       used 40000K, committed 41152K, reserved 1114112K
  class space    used 4396K, committed 4928K, reserved 1048576K
}
Event: 5.415 GC heap before
{Heap before GC invocations=19 (full 2):
 PSYoungGen      total 23040K, used 22912K [0x00000000d5580000, 0x00000000d6f80000, 0x0000000100000000)
  eden space 22016K, 100% used [0x00000000d5580000,0x00000000d6b00000,0x00000000d6b00000)
  from space 1024K, 87% used [0x00000000d6e80000,0x00000000d6f60000,0x00000000d6f80000)
  to   space 2048K, 0% used [0x00000000d6b80000,0x00000000d6b80000,0x00000000d6d80000)
 ParOldGen       total 68608K, used 28047K [0x0000000080000000, 0x0000000084300000, 0x00000000d5580000)
  object space 68608K, 40% used [0x0000000080000000,0x0000000081b63ce8,0x0000000084300000)
 Metaspace       used 41652K, committed 42816K, reserved 1114112K
  class space    used 4666K, committed 5184K, reserved 1048576K
}
Event: 5.416 GC heap after
{Heap after GC invocations=19 (full 2):
 PSYoungGen      total 24064K, used 800K [0x00000000d5580000, 0x00000000d6f00000, 0x0000000100000000)
  eden space 22016K, 0% used [0x00000000d5580000,0x00000000d5580000,0x00000000d6b00000)
  from space 2048K, 39% used [0x00000000d6b80000,0x00000000d6c48000,0x00000000d6d80000)
  to   space 1024K, 0% used [0x00000000d6e00000,0x00000000d6e00000,0x00000000d6f00000)
 ParOldGen       total 68608K, used 28735K [0x0000000080000000, 0x0000000084300000, 0x00000000d5580000)
  object space 68608K, 41% used [0x0000000080000000,0x0000000081c0fce8,0x0000000084300000)
 Metaspace       used 41652K, committed 42816K, reserved 1114112K
  class space    used 4666K, committed 5184K, reserved 1048576K
}
Event: 5.489 GC heap before
{Heap before GC invocations=20 (full 2):
 PSYoungGen      total 24064K, used 22816K [0x00000000d5580000, 0x00000000d6f00000, 0x0000000100000000)
  eden space 22016K, 100% used [0x00000000d5580000,0x00000000d6b00000,0x00000000d6b00000)
  from space 2048K, 39% used [0x00000000d6b80000,0x00000000d6c48000,0x00000000d6d80000)
  to   space 1024K, 0% used [0x00000000d6e00000,0x00000000d6e00000,0x00000000d6f00000)
 ParOldGen       total 68608K, used 28735K [0x0000000080000000, 0x0000000084300000, 0x00000000d5580000)
  object space 68608K, 41% used [0x0000000080000000,0x0000000081c0fce8,0x0000000084300000)
 Metaspace       used 43572K, committed 44736K, reserved 1114112K
  class space    used 4929K, committed 5440K, reserved 1048576K
}
Event: 5.490 GC heap after
{Heap after GC invocations=20 (full 2):
 PSYoungGen      total 23040K, used 992K [0x00000000d5580000, 0x00000000d6f00000, 0x0000000100000000)
  eden space 22016K, 0% used [0x00000000d5580000,0x00000000d5580000,0x00000000d6b00000)
  from space 1024K, 96% used [0x00000000d6e00000,0x00000000d6ef8000,0x00000000d6f00000)
  to   space 1536K, 0% used [0x00000000d6c00000,0x00000000d6c00000,0x00000000d6d80000)
 ParOldGen       total 68608K, used 29328K [0x0000000080000000, 0x0000000084300000, 0x00000000d5580000)
  object space 68608K, 42% used [0x0000000080000000,0x0000000081ca4050,0x0000000084300000)
 Metaspace       used 43572K, committed 44736K, reserved 1114112K
  class space    used 4929K, committed 5440K, reserved 1048576K
}

Dll operation events (11 events):
Event: 0.007 Loaded shared library c:\Users\slckc\.vscode\extensions\redhat.java-1.50.0-win32-x64\jre\21.0.9-win32-x86_64\bin\java.dll
Event: 0.037 Loaded shared library c:\Users\slckc\.vscode\extensions\redhat.java-1.50.0-win32-x64\jre\21.0.9-win32-x86_64\bin\zip.dll
Event: 0.047 Loaded shared library C:\Users\slckc\.vscode\extensions\redhat.java-1.50.0-win32-x64\jre\21.0.9-win32-x86_64\bin\instrument.dll
Event: 0.050 Loaded shared library C:\Users\slckc\.vscode\extensions\redhat.java-1.50.0-win32-x64\jre\21.0.9-win32-x86_64\bin\net.dll
Event: 0.052 Loaded shared library C:\Users\slckc\.vscode\extensions\redhat.java-1.50.0-win32-x64\jre\21.0.9-win32-x86_64\bin\nio.dll
Event: 0.053 Loaded shared library C:\Users\slckc\.vscode\extensions\redhat.java-1.50.0-win32-x64\jre\21.0.9-win32-x86_64\bin\zip.dll
Event: 0.062 Loaded shared library C:\Users\slckc\.vscode\extensions\redhat.java-1.50.0-win32-x64\jre\21.0.9-win32-x86_64\bin\jimage.dll
Event: 0.094 Loaded shared library c:\Users\slckc\.vscode\extensions\redhat.java-1.50.0-win32-x64\jre\21.0.9-win32-x86_64\bin\verify.dll
Event: 2.382 Loaded shared library C:\Users\slckc\AppData\Roaming\Code\User\globalStorage\redhat.java\1.50.0\config_win\org.eclipse.equinox.launcher\org.eclipse.equinox.launcher.win32.win32.x86_64_1.2.1400.v20250801-0854\eclipse_11916.dll
Event: 4.504 Loaded shared library C:\Users\slckc\AppData\Local\Temp\jna-109520898\jna4883298522147383215.dll
Event: 5.363 Loaded shared library C:\Users\slckc\.gradle\native\1def1411415f61bf3af743bc5b6707747c0891f09f0c88961ee8f79bc544acac\windows-amd64\native-platform.dll

Deoptimization events (20 events):
Event: 5.358 Thread 0x000001cc1040a0d0 DEOPT PACKING pc=0x000001cbb38b1e53 sp=0x000000126a3fdf60
Event: 5.358 Thread 0x000001cc1040a0d0 DEOPT UNPACKING pc=0x000001cbbab478e2 sp=0x000000126a3fd3d0 mode 0
Event: 5.379 Thread 0x000001cc104093b0 DEOPT PACKING pc=0x000001cbb40661d6 sp=0x000000126a7fd6f0
Event: 5.379 Thread 0x000001cc104093b0 DEOPT UNPACKING pc=0x000001cbbab478e2 sp=0x000000126a7fcc00 mode 0
Event: 5.426 Thread 0x000001cc104093b0 DEOPT PACKING pc=0x000001cbb40661b5 sp=0x000000126a7fc780
Event: 5.426 Thread 0x000001cc104093b0 DEOPT UNPACKING pc=0x000001cbbab478e2 sp=0x000000126a7fbc90 mode 0
Event: 5.446 Thread 0x000001cc104093b0 Uncommon trap: trap_request=0xffffff45 fr.pc=0x000001cbbb340944 relative=0x0000000000001704
Event: 5.446 Thread 0x000001cc104093b0 Uncommon trap: reason=unstable_if action=reinterpret pc=0x000001cbbb340944 method=java.lang.String.<init>(Ljava/nio/charset/Charset;[BII)V @ 113 c2
Event: 5.446 Thread 0x000001cc104093b0 DEOPT PACKING pc=0x000001cbbb340944 sp=0x000000126a7fcfe0
Event: 5.446 Thread 0x000001cc104093b0 DEOPT UNPACKING pc=0x000001cbbab46da2 sp=0x000000126a7fcfb0 mode 2
Event: 5.447 Thread 0x000001cc104093b0 DEOPT PACKING pc=0x000001cbb3bb441f sp=0x000000126a7fd150
Event: 5.447 Thread 0x000001cc104093b0 DEOPT UNPACKING pc=0x000001cbbab478e2 sp=0x000000126a7fc628 mode 0
Event: 5.458 Thread 0x000001cc104093b0 DEOPT PACKING pc=0x000001cbb38d099b sp=0x000000126a7fd970
Event: 5.458 Thread 0x000001cc104093b0 DEOPT UNPACKING pc=0x000001cbbab478e2 sp=0x000000126a7fce78 mode 0
Event: 5.463 Thread 0x000001cc104093b0 Uncommon trap: trap_request=0xffffff6e fr.pc=0x000001cbbb3e7290 relative=0x0000000000000650
Event: 5.463 Thread 0x000001cc104093b0 Uncommon trap: reason=loop_limit_check action=maybe_recompile pc=0x000001cbbb3e7290 method=java.util.regex.Pattern$Start.match(Ljava/util/regex/Matcher;ILjava/lang/CharSequence;)Z @ 34 c2
Event: 5.463 Thread 0x000001cc104093b0 DEOPT PACKING pc=0x000001cbbb3e7290 sp=0x000000126a7fd860
Event: 5.463 Thread 0x000001cc104093b0 DEOPT UNPACKING pc=0x000001cbbab46da2 sp=0x000000126a7fd7d0 mode 2
Event: 5.491 Thread 0x000001cc104093b0 DEOPT PACKING pc=0x000001cbb3b83da6 sp=0x000000126a7fd480
Event: 5.491 Thread 0x000001cc104093b0 DEOPT UNPACKING pc=0x000001cbbab478e2 sp=0x000000126a7fc978 mode 0

Classes loaded (20 events):
Event: 5.249 Loading class java/io/PrintWriter$1
Event: 5.249 Loading class jdk/internal/access/JavaIOPrintWriterAccess
Event: 5.249 Loading class jdk/internal/access/JavaIOPrintWriterAccess done
Event: 5.249 Loading class java/io/PrintWriter$1 done
Event: 5.250 Loading class java/time/format/DateTimeParseContext
Event: 5.250 Loading class java/time/format/DateTimeParseContext done
Event: 5.250 Loading class java/time/format/Parsed
Event: 5.251 Loading class java/time/format/Parsed done
Event: 5.274 Loading class java/lang/annotation/IncompleteAnnotationException
Event: 5.274 Loading class java/lang/annotation/IncompleteAnnotationException done
Event: 5.301 Loading class java/lang/foreign/MemorySegment
Event: 5.301 Loading class java/lang/foreign/MemorySegment done
Event: 5.381 Loading class java/lang/Class$EnclosingMethodInfo
Event: 5.381 Loading class java/lang/Class$EnclosingMethodInfo done
Event: 5.415 Loading class sun/reflect/annotation/AnnotatedTypeFactory$AnnotatedParameterizedTypeImpl
Event: 5.415 Loading class java/lang/reflect/AnnotatedParameterizedType
Event: 5.416 Loading class java/lang/reflect/AnnotatedParameterizedType done
Event: 5.416 Loading class sun/reflect/annotation/AnnotatedTypeFactory$AnnotatedParameterizedTypeImpl done
Event: 5.452 Loading class java/util/concurrent/CompletionService
Event: 5.452 Loading class java/util/concurrent/CompletionService done

Classes unloaded (7 events):
Event: 4.726 Thread 0x000001cbb0434a60 Unloading class 0x000001cbc81a8c00 'java/lang/invoke/LambdaForm$MH+0x000001cbc81a8c00'
Event: 4.726 Thread 0x000001cbb0434a60 Unloading class 0x000001cbc81a8800 'java/lang/invoke/LambdaForm$MH+0x000001cbc81a8800'
Event: 4.726 Thread 0x000001cbb0434a60 Unloading class 0x000001cbc81a8400 'java/lang/invoke/LambdaForm$MH+0x000001cbc81a8400'
Event: 4.726 Thread 0x000001cbb0434a60 Unloading class 0x000001cbc81a8000 'java/lang/invoke/LambdaForm$MH+0x000001cbc81a8000'
Event: 4.726 Thread 0x000001cbb0434a60 Unloading class 0x000001cbc81a7c00 'java/lang/invoke/LambdaForm$BMH+0x000001cbc81a7c00'
Event: 4.726 Thread 0x000001cbb0434a60 Unloading class 0x000001cbc81a7800 'java/lang/invoke/LambdaForm$DMH+0x000001cbc81a7800'
Event: 4.726 Thread 0x000001cbb0434a60 Unloading class 0x000001cbc81a6400 'java/lang/invoke/LambdaForm$DMH+0x000001cbc81a6400'

Classes redefined (0 events):
No events

Internal exceptions (20 events):
Event: 5.069 Thread 0x000001cc0f95a380 Exception <a 'java/lang/ClassNotFoundException'{0x00000000d5c42ce0}: com/sun/org/apache/xml/internal/serializer/spi/XMLEntitiesProvider> (0x00000000d5c42ce0) 
thrown [s\src\hotspot\share\classfile\systemDictionary.cpp, line 312]
Event: 5.101 Thread 0x000001cc104093b0 Implicit null exception at 0x000001cbbb30c09b to 0x000001cbbb30c2e8
Event: 5.121 Thread 0x000001cc1040a0d0 Exception <a 'java/lang/NoSuchMethodError'{0x00000000d6a7c5b8}: 'java.lang.Object java.lang.invoke.DirectMethodHandle$Holder.invokeStaticInit(java.lang.Object, java.lang.Object, java.lang.Object, java.lang.Object, java.lang.Object, java.lang.Object, java.lang.Object)'> (0x00000000d6a7c5b8) 
thrown [s\src\hotspot\share\interpreter\linkResolver.cpp, line 773]
Event: 5.122 Thread 0x000001cc1040a0d0 Exception <a 'java/lang/NoSuchMethodError'{0x00000000d6a93740}: 'java.lang.Object java.lang.invoke.Invokers$Holder.invoke_MT(java.lang.Object, java.lang.Object, java.lang.Object, java.lang.Object, java.lang.Object, java.lang.Object, java.lang.Object, java.lang.Object, java.lang.Object)'> (0x00000000d6a93740) 
thrown [s\src\hotspot\share\interpreter\linkResolver.cpp, line 773]
Event: 5.124 Thread 0x000001cc1040a0d0 Exception <a 'java/lang/NoSuchMethodError'{0x00000000d6b5d748}: 'int java.lang.invoke.DirectMethodHandle$Holder.invokeVirtual(java.lang.Object, java.lang.Object, java.lang.Object)'> (0x00000000d6b5d748) 
thrown [s\src\hotspot\share\interpreter\linkResolver.cpp, line 773]
Event: 5.124 Thread 0x000001cc1040a0d0 Exception <a 'java/lang/NoSuchMethodError'{0x00000000d6b79368}: 'int java.lang.invoke.DirectMethodHandle$Holder.invokeStaticInit(java.lang.Object, int, int)'> (0x00000000d6b79368) 
thrown [s\src\hotspot\share\interpreter\linkResolver.cpp, line 773]
Event: 5.126 Thread 0x000001cc1040a0d0 Exception <a 'java/lang/NoSuchMethodError'{0x00000000d55981e8}: 'int java.lang.invoke.DirectMethodHandle$Holder.invokeStaticInit(java.lang.Object, long, long)'> (0x00000000d55981e8) 
thrown [s\src\hotspot\share\interpreter\linkResolver.cpp, line 773]
Event: 5.126 Thread 0x000001cc1040a0d0 Exception <a 'java/lang/NoSuchMethodError'{0x00000000d55aef88}: 'int java.lang.invoke.DirectMethodHandle$Holder.invokeStaticInit(java.lang.Object, float, float)'> (0x00000000d55aef88) 
thrown [s\src\hotspot\share\interpreter\linkResolver.cpp, line 773]
Event: 5.126 Thread 0x000001cc1040a0d0 Exception <a 'java/lang/NoSuchMethodError'{0x00000000d55bd570}: 'int java.lang.invoke.DirectMethodHandle$Holder.invokeStaticInit(java.lang.Object, double, double)'> (0x00000000d55bd570) 
thrown [s\src\hotspot\share\interpreter\linkResolver.cpp, line 773]
Event: 5.126 Thread 0x000001cc1040a0d0 Exception <a 'java/lang/NoSuchMethodError'{0x00000000d55c7f88}: 'int java.lang.invoke.DirectMethodHandle$Holder.invokeStatic(java.lang.Object, long)'> (0x00000000d55c7f88) 
thrown [s\src\hotspot\share\interpreter\linkResolver.cpp, line 773]
Event: 5.127 Thread 0x000001cbae066580 Exception <a 'java/lang/NoSuchMethodError'{0x00000000d55dcaa0}: 'java.lang.Object java.lang.invoke.DirectMethodHandle$Holder.invokeStatic(java.lang.Object, long, java.lang.Object)'> (0x00000000d55dcaa0) 
thrown [s\src\hotspot\share\interpreter\linkResolver.cpp, line 773]
Event: 5.127 Thread 0x000001cbae066580 Exception <a 'java/lang/NoSuchMethodError'{0x00000000d55e0108}: 'java.lang.Object java.lang.invoke.DirectMethodHandle$Holder.invokeStaticInit(java.lang.Object, long, java.lang.Object)'> (0x00000000d55e0108) 
thrown [s\src\hotspot\share\interpreter\linkResolver.cpp, line 773]
Event: 5.127 Thread 0x000001cbae066580 Exception <a 'java/lang/NoSuchMethodError'{0x00000000d55ebd10}: 'java.lang.Object java.lang.invoke.DirectMethodHandle$Holder.newInvokeSpecial(java.lang.Object, long)'> (0x00000000d55ebd10) 
thrown [s\src\hotspot\share\interpreter\linkResolver.cpp, line 773]
Event: 5.127 Thread 0x000001cc1040a0d0 Exception <a 'java/lang/NoSuchMethodError'{0x00000000d5614ae8}: 'int java.lang.invoke.Invokers$Holder.linkToTargetMethod(java.lang.Object, java.lang.Object)'> (0x00000000d5614ae8) 
thrown [s\src\hotspot\share\interpreter\linkResolver.cpp, line 773]
Event: 5.160 Thread 0x000001cc1040a0d0 Exception <a 'java/lang/NoSuchMethodError'{0x00000000d56bda70}: 'java.lang.Object java.lang.invoke.DirectMethodHandle$Holder.invokeSpecialIFC(java.lang.Object, java.lang.Object, java.lang.Object, java.lang.Object)'> (0x00000000d56bda70) 
thrown [s\src\hotspot\share\interpreter\linkResolver.cpp, line 773]
Event: 5.226 Thread 0x000001cbae066580 Exception <a 'java/lang/NoSuchMethodError'{0x00000000d576a900}: 'void java.lang.invoke.DirectMethodHandle$Holder.invokeSpecial(java.lang.Object, java.lang.Object, java.lang.Object, java.lang.Object, java.lang.Object, java.lang.Object)'> (0x00000000d576a900) 
thrown [s\src\hotspot\share\interpreter\linkResolver.cpp, line 773]
Event: 5.227 Thread 0x000001cbae066580 Exception <a 'java/lang/IncompatibleClassChangeError'{0x00000000d5772a40}: Found class java.lang.Object, but interface was expected> (0x00000000d5772a40) 
thrown [s\src\hotspot\share\interpreter\linkResolver.cpp, line 840]
Event: 5.227 Thread 0x000001cbae066580 Exception <a 'java/lang/IncompatibleClassChangeError'{0x00000000d5774788}: Found class java.lang.Object, but interface was expected> (0x00000000d5774788) 
thrown [s\src\hotspot\share\interpreter\linkResolver.cpp, line 840]
Event: 5.274 Thread 0x000001cc1040a0d0 Exception <a 'java/lang/NoClassDefFoundError'{0x00000000d681d248}: javax/enterprise/inject/Typed> (0x00000000d681d248) 
thrown [s\src\hotspot\share\classfile\systemDictionary.cpp, line 301]
Event: 5.482 Thread 0x000001cc104093b0 Exception <a 'java/lang/NoSuchMethodError'{0x00000000d68c1048}: 'int java.lang.invoke.DirectMethodHandle$Holder.invokeSpecial(java.lang.Object, java.lang.Object, java.lang.Object, java.lang.Object)'> (0x00000000d68c1048) 
thrown [s\src\hotspot\share\interpreter\linkResolver.cpp, line 773]

ZGC Phase Switch (0 events):
No events

VM Operations (20 events):
Event: 5.130 Executing VM operation: HandshakeAllThreads (Deoptimize) done
Event: 5.135 Executing VM operation: CollectForMetadataAllocation (Metadata GC Threshold)
Event: 5.152 Executing VM operation: CollectForMetadataAllocation (Metadata GC Threshold) done
Event: 5.222 Executing VM operation: ParallelGCFailedAllocation (Allocation Failure)
Event: 5.223 Executing VM operation: ParallelGCFailedAllocation (Allocation Failure) done
Event: 5.265 Executing VM operation: HandshakeAllThreads (Deoptimize)
Event: 5.265 Executing VM operation: HandshakeAllThreads (Deoptimize) done
Event: 5.291 Executing VM operation: ParallelGCFailedAllocation (Allocation Failure)
Event: 5.292 Executing VM operation: ParallelGCFailedAllocation (Allocation Failure) done
Event: 5.355 Executing VM operation: ParallelGCFailedAllocation (Allocation Failure)
Event: 5.356 Executing VM operation: ParallelGCFailedAllocation (Allocation Failure) done
Event: 5.415 Executing VM operation: ParallelGCFailedAllocation (Allocation Failure)
Event: 5.416 Executing VM operation: ParallelGCFailedAllocation (Allocation Failure) done
Event: 5.438 Executing VM operation: HandshakeAllThreads (Deoptimize)
Event: 5.438 Executing VM operation: HandshakeAllThreads (Deoptimize) done
Event: 5.489 Executing VM operation: ParallelGCFailedAllocation (Allocation Failure)
Event: 5.490 Executing VM operation: ParallelGCFailedAllocation (Allocation Failure) done
Event: 5.492 Executing VM operation: HandshakeAllThreads (Deoptimize)
Event: 5.492 Executing VM operation: HandshakeAllThreads (Deoptimize) done
Event: 6.492 Executing VM operation: Cleanup

Memory protections (0 events):
No events

Nmethod flushes (20 events):
Event: 5.146 Thread 0x000001cbb0434a60 flushing  nmethod 0x000001cbb3d86090
Event: 5.146 Thread 0x000001cbb0434a60 flushing  nmethod 0x000001cbb3d86490
Event: 5.146 Thread 0x000001cbb0434a60 flushing  nmethod 0x000001cbb3d86d90
Event: 5.146 Thread 0x000001cbb0434a60 flushing  nmethod 0x000001cbb3d87190
Event: 5.146 Thread 0x000001cbb0434a60 flushing  nmethod 0x000001cbb3d88d10
Event: 5.146 Thread 0x000001cbb0434a60 flushing  nmethod 0x000001cbb3d89490
Event: 5.146 Thread 0x000001cbb0434a60 flushing  nmethod 0x000001cbb3d8aa10
Event: 5.146 Thread 0x000001cbb0434a60 flushing  nmethod 0x000001cbb3d8af10
Event: 5.146 Thread 0x000001cbb0434a60 flushing  nmethod 0x000001cbb3d8b810
Event: 5.146 Thread 0x000001cbb0434a60 flushing  nmethod 0x000001cbb3d8bc90
Event: 5.146 Thread 0x000001cbb0434a60 flushing  nmethod 0x000001cbb3d8d410
Event: 5.146 Thread 0x000001cbb0434a60 flushing  nmethod 0x000001cbb3d8e110
Event: 5.146 Thread 0x000001cbb0434a60 flushing  nmethod 0x000001cbb3d8f410
Event: 5.146 Thread 0x000001cbb0434a60 flushing  nmethod 0x000001cbb3d97110
Event: 5.146 Thread 0x000001cbb0434a60 flushing  nmethod 0x000001cbb3dd4510
Event: 5.146 Thread 0x000001cbb0434a60 flushing  nmethod 0x000001cbb3dd5010
Event: 5.146 Thread 0x000001cbb0434a60 flushing  nmethod 0x000001cbb3dda890
Event: 5.146 Thread 0x000001cbb0434a60 flushing  nmethod 0x000001cbb3e01710
Event: 5.146 Thread 0x000001cbb0434a60 flushing  nmethod 0x000001cbb3e11990
Event: 5.146 Thread 0x000001cbb0434a60 flushing  nmethod 0x000001cbb3e11d10

Events (20 events):
Event: 5.131 Thread 0x000001cbae066580 Thread added: 0x000001cc1040c830
Event: 5.132 Thread 0x000001cbae066580 Thread added: 0x000001cc10409a40
Event: 5.132 Thread 0x000001cbae066580 Thread added: 0x000001cc1040ef90
Event: 5.132 Thread 0x000001cbae066580 Thread added: 0x000001cc1040cec0
Event: 5.132 Thread 0x000001cbae066580 Thread added: 0x000001cc1040d550
Event: 5.132 Thread 0x000001cbae066580 Thread added: 0x000001cc1040dbe0
Event: 5.132 Thread 0x000001cbae066580 Thread added: 0x000001cc1040e270
Event: 5.132 Thread 0x000001cbae066580 Thread added: 0x000001cc1040e900
Event: 5.132 Thread 0x000001cbae066580 Thread added: 0x000001cc1249a330
Event: 5.133 Thread 0x000001cbae066580 Thread added: 0x000001cc1249ca90
Event: 5.133 Thread 0x000001cbae066580 Thread added: 0x000001cc1249b6e0
Event: 5.133 Thread 0x000001cbae066580 Thread added: 0x000001cc1249d120
Event: 5.133 Thread 0x000001cbae066580 Thread added: 0x000001cc1249bd70
Event: 5.133 Thread 0x000001cbae066580 Thread added: 0x000001cc1249d7b0
Event: 5.133 Thread 0x000001cbae066580 Thread added: 0x000001cc1249b050
Event: 5.133 Thread 0x000001cbae066580 Thread added: 0x000001cc1249de40
Event: 5.133 Thread 0x000001cbae066580 Thread added: 0x000001cc1249a9c0
Event: 5.160 Thread 0x000001cbae066580 Thread added: 0x000001cc1249e4d0
Event: 5.236 Thread 0x000001cbae066580 Thread added: 0x000001cc1249eb60
Event: 5.236 Thread 0x000001cbae066580 Thread added: 0x000001cc1249f1f0


Dynamic libraries:
0x00007ff68a120000 - 0x00007ff68a12e000 	c:\Users\slckc\.vscode\extensions\redhat.java-1.50.0-win32-x64\jre\21.0.9-win32-x86_64\bin\java.exe
0x00007ff84c860000 - 0x00007ff84cac7000 	C:\WINDOWS\SYSTEM32\ntdll.dll
0x00007ff84b3e0000 - 0x00007ff84b4a9000 	C:\WINDOWS\System32\KERNEL32.DLL
0x00007ff849ed0000 - 0x00007ff84a2bf000 	C:\WINDOWS\System32\KERNELBASE.dll
0x00007ff849d80000 - 0x00007ff849ecb000 	C:\WINDOWS\System32\ucrtbase.dll
0x00007ff82f8c0000 - 0x00007ff82f8d8000 	c:\Users\slckc\.vscode\extensions\redhat.java-1.50.0-win32-x64\jre\21.0.9-win32-x86_64\bin\jli.dll
0x00007ff82b620000 - 0x00007ff82b63e000 	c:\Users\slckc\.vscode\extensions\redhat.java-1.50.0-win32-x64\jre\21.0.9-win32-x86_64\bin\VCRUNTIME140.dll
0x00007ff84ab30000 - 0x00007ff84acf5000 	C:\WINDOWS\System32\USER32.dll
0x00007ff82d5a0000 - 0x00007ff82d833000 	C:\WINDOWS\WinSxS\amd64_microsoft.windows.common-controls_6595b64144ccf1df_6.0.26100.7309_none_3e05feeae336a044\COMCTL32.dll
0x00007ff849d50000 - 0x00007ff849d77000 	C:\WINDOWS\System32\win32u.dll
0x00007ff84ba30000 - 0x00007ff84bad9000 	C:\WINDOWS\System32\msvcrt.dll
0x00007ff84aa80000 - 0x00007ff84aaab000 	C:\WINDOWS\System32\GDI32.dll
0x00007ff84a360000 - 0x00007ff84a48c000 	C:\WINDOWS\System32\gdi32full.dll
0x00007ff84a490000 - 0x00007ff84a533000 	C:\WINDOWS\System32\msvcp_win.dll
0x00007ff84bca0000 - 0x00007ff84bcd1000 	C:\WINDOWS\System32\IMM32.DLL
0x00007ff827400000 - 0x00007ff8274f2000 	C:\Program Files\Windhawk\Engine\1.6.1\64\windhawk.dll
0x00007ff84bd90000 - 0x00007ff84be44000 	C:\WINDOWS\System32\ADVAPI32.dll
0x00007ff84a6d0000 - 0x00007ff84a776000 	C:\WINDOWS\System32\sechost.dll
0x00007ff84ad00000 - 0x00007ff84ae18000 	C:\WINDOWS\System32\RPCRT4.dll
0x00007ff8285f0000 - 0x00007ff828608000 	C:\ProgramData\Windhawk\Engine\Mods\64\remove-ms-store-open-with_1.0.0_714486.dll
0x00007ff84bed0000 - 0x00007ff84c623000 	C:\WINDOWS\System32\shell32.dll
0x00007ff8499b0000 - 0x00007ff849b1a000 	C:\WINDOWS\System32\wintypes.dll
0x00007ff84b050000 - 0x00007ff84b3d5000 	C:\WINDOWS\System32\combase.dll
0x00007ff840f30000 - 0x00007ff840f3c000 	c:\Users\slckc\.vscode\extensions\redhat.java-1.50.0-win32-x64\jre\21.0.9-win32-x86_64\bin\vcruntime140_1.dll
0x00007ff8063e0000 - 0x00007ff80646d000 	c:\Users\slckc\.vscode\extensions\redhat.java-1.50.0-win32-x64\jre\21.0.9-win32-x86_64\bin\msvcp140.dll
0x00007ffef8ac0000 - 0x00007ffef9860000 	c:\Users\slckc\.vscode\extensions\redhat.java-1.50.0-win32-x64\jre\21.0.9-win32-x86_64\bin\server\jvm.dll
0x00007ff84c7a0000 - 0x00007ff84c814000 	C:\WINDOWS\System32\WS2_32.dll
0x00007ff848590000 - 0x00007ff8485ee000 	C:\WINDOWS\SYSTEM32\POWRPROF.dll
0x00007ff842150000 - 0x00007ff84215b000 	C:\WINDOWS\SYSTEM32\VERSION.dll
0x00007ff83aff0000 - 0x00007ff83b025000 	C:\WINDOWS\SYSTEM32\WINMM.dll
0x00007ff848570000 - 0x00007ff848584000 	C:\WINDOWS\SYSTEM32\UMPDC.dll
0x00007ff848850000 - 0x00007ff84886b000 	C:\WINDOWS\SYSTEM32\kernel.appcore.dll
0x00007ff828200000 - 0x00007ff82820a000 	c:\Users\slckc\.vscode\extensions\redhat.java-1.50.0-win32-x64\jre\21.0.9-win32-x86_64\bin\jimage.dll
0x00007ff8477d0000 - 0x00007ff847a12000 	C:\WINDOWS\SYSTEM32\DBGHELP.DLL
0x00007ff84b4c0000 - 0x00007ff84b596000 	C:\WINDOWS\System32\OLEAUT32.dll
0x00007ff81a820000 - 0x00007ff81a85c000 	C:\WINDOWS\SYSTEM32\dbgcore.DLL
0x00007ff849ca0000 - 0x00007ff849d45000 	C:\WINDOWS\System32\bcryptPrimitives.dll
0x00007ff82f960000 - 0x00007ff82f96f000 	c:\Users\slckc\.vscode\extensions\redhat.java-1.50.0-win32-x64\jre\21.0.9-win32-x86_64\bin\instrument.dll
0x00007ff828120000 - 0x00007ff828140000 	c:\Users\slckc\.vscode\extensions\redhat.java-1.50.0-win32-x64\jre\21.0.9-win32-x86_64\bin\java.dll
0x00007ff8464f0000 - 0x00007ff846d4e000 	C:\WINDOWS\SYSTEM32\windows.storage.dll
0x00007ff84a960000 - 0x00007ff84aa55000 	C:\WINDOWS\System32\SHCORE.dll
0x00007ff84bcf0000 - 0x00007ff84bd56000 	C:\WINDOWS\System32\shlwapi.dll
0x00007ff8498d0000 - 0x00007ff8498f9000 	C:\WINDOWS\SYSTEM32\profapi.dll
0x00007ff8280b0000 - 0x00007ff8280c8000 	c:\Users\slckc\.vscode\extensions\redhat.java-1.50.0-win32-x64\jre\21.0.9-win32-x86_64\bin\zip.dll
0x00007ff828100000 - 0x00007ff828110000 	C:\Users\slckc\.vscode\extensions\redhat.java-1.50.0-win32-x64\jre\21.0.9-win32-x86_64\bin\net.dll
0x00007ff841490000 - 0x00007ff8415b8000 	C:\WINDOWS\SYSTEM32\WINHTTP.dll
0x00007ff848df0000 - 0x00007ff848e5b000 	C:\WINDOWS\system32\mswsock.dll
0x00007ff8258f0000 - 0x00007ff825906000 	C:\Users\slckc\.vscode\extensions\redhat.java-1.50.0-win32-x64\jre\21.0.9-win32-x86_64\bin\nio.dll
0x00007ff82f950000 - 0x00007ff82f960000 	c:\Users\slckc\.vscode\extensions\redhat.java-1.50.0-win32-x64\jre\21.0.9-win32-x86_64\bin\verify.dll
0x00007ff818730000 - 0x00007ff818774000 	C:\Users\slckc\AppData\Roaming\Code\User\globalStorage\redhat.java\1.50.0\config_win\org.eclipse.equinox.launcher\org.eclipse.equinox.launcher.win32.win32.x86_64_1.2.1400.v20250801-0854\eclipse_11916.dll
0x00007ff84ae20000 - 0x00007ff84afb7000 	C:\WINDOWS\System32\ole32.dll
0x00007ff8490b0000 - 0x00007ff8490cb000 	C:\WINDOWS\SYSTEM32\CRYPTSP.dll
0x00007ff8487b0000 - 0x00007ff8487ea000 	C:\WINDOWS\system32\rsaenh.dll
0x00007ff848ea0000 - 0x00007ff848ecb000 	C:\WINDOWS\SYSTEM32\USERENV.dll
0x00007ff8498a0000 - 0x00007ff8498ca000 	C:\WINDOWS\SYSTEM32\bcrypt.dll
0x00007ff8490d0000 - 0x00007ff8490dc000 	C:\WINDOWS\SYSTEM32\CRYPTBASE.dll
0x00007ff8481f0000 - 0x00007ff848224000 	C:\WINDOWS\SYSTEM32\IPHLPAPI.DLL
0x00007ff84bae0000 - 0x00007ff84baea000 	C:\WINDOWS\System32\NSI.dll
0x00007ff8127a0000 - 0x00007ff8127e9000 	C:\Users\slckc\AppData\Local\Temp\jna-109520898\jna4883298522147383215.dll
0x00007ff84bce0000 - 0x00007ff84bce8000 	C:\WINDOWS\System32\PSAPI.DLL
0x00007ff840eb0000 - 0x00007ff840ece000 	C:\WINDOWS\SYSTEM32\dhcpcsvc6.DLL
0x00007ff840bb0000 - 0x00007ff840bd3000 	C:\WINDOWS\SYSTEM32\dhcpcsvc.DLL
0x00007ff80dbf0000 - 0x00007ff80dc17000 	C:\Users\slckc\.gradle\native\1def1411415f61bf3af743bc5b6707747c0891f09f0c88961ee8f79bc544acac\windows-amd64\native-platform.dll

JVMTI agents:
c:\Users\slckc\.vscode\extensions\redhat.java-1.50.0-win32-x64\lombok\lombok-1.18.39-4050.jar path:c:\Users\slckc\.vscode\extensions\redhat.java-1.50.0-win32-x64\jre\21.0.9-win32-x86_64\bin\instrument.dll, loaded, initialized, instrumentlib options:none

dbghelp: loaded successfully - version: 4.0.5 - missing functions: none
symbol engine: initialized successfully - sym options: 0x614 - pdb path: .;c:\Users\slckc\.vscode\extensions\redhat.java-1.50.0-win32-x64\jre\21.0.9-win32-x86_64\bin;C:\WINDOWS\SYSTEM32;C:\WINDOWS\WinSxS\amd64_microsoft.windows.common-controls_6595b64144ccf1df_6.0.26100.7309_none_3e05feeae336a044;C:\Program Files\Windhawk\Engine\1.6.1\64;C:\ProgramData\Windhawk\Engine\Mods\64;c:\Users\slckc\.vscode\extensions\redhat.java-1.50.0-win32-x64\jre\21.0.9-win32-x86_64\bin\server;C:\Users\slckc\AppData\Roaming\Code\User\globalStorage\redhat.java\1.50.0\config_win\org.eclipse.equinox.launcher\org.eclipse.equinox.launcher.win32.win32.x86_64_1.2.1400.v20250801-0854;C:\Users\slckc\AppData\Local\Temp\jna-109520898;C:\Users\slckc\.gradle\native\1def1411415f61bf3af743bc5b6707747c0891f09f0c88961ee8f79bc544acac\windows-amd64

VM Arguments:
jvm_args: --add-modules=ALL-SYSTEM --add-opens=java.base/java.util=ALL-UNNAMED --add-opens=java.base/java.lang=ALL-UNNAMED --add-opens=java.base/sun.nio.fs=ALL-UNNAMED -Declipse.application=org.eclipse.jdt.ls.core.id1 -Dosgi.bundles.defaultStartLevel=4 -Declipse.product=org.eclipse.jdt.ls.core.product -Djava.import.generatesMetadataFilesAtProjectRoot=false -DDetectVMInstallationsJob.disabled=true -Dfile.encoding=utf8 -XX:+UseParallelGC -XX:GCTimeRatio=4 -XX:AdaptiveSizePolicyWeight=90 -Dsun.zip.disableMemoryMapping=true -Xmx2G -Xms100m -Xlog:disable -javaagent:c:\Users\slckc\.vscode\extensions\redhat.java-1.50.0-win32-x64\lombok\lombok-1.18.39-4050.jar -XX:+HeapDumpOnOutOfMemoryError -XX:HeapDumpPath=c:\Users\slckc\AppData\Roaming\Code\User\workspaceStorage\b5d2e1146c176a6eed179b0ba5530afd\redhat.java -Daether.dependencyCollector.impl=bf 
java_command: c:\Users\slckc\.vscode\extensions\redhat.java-1.50.0-win32-x64\server\plugins\org.eclipse.equinox.launcher_1.7.100.v20251111-0406.jar -configuration c:\Users\slckc\AppData\Roaming\Code\User\globalStorage\redhat.java\1.50.0\config_win -data c:\Users\slckc\AppData\Roaming\Code\User\workspaceStorage\b5d2e1146c176a6eed179b0ba5530afd\redhat.java\jdt_ws --pipe=\\.\pipe\lsp-ffaebb71bf101ee98fc616aa4ac55985-sock
java_class_path (initial): c:\Users\slckc\.vscode\extensions\redhat.java-1.50.0-win32-x64\server\plugins\org.eclipse.equinox.launcher_1.7.100.v20251111-0406.jar
Launcher Type: SUN_STANDARD

[Global flags]
    uintx AdaptiveSizePolicyWeight                 = 90                                        {product} {command line}
     intx CICompilerCount                          = 12                                        {product} {ergonomic}
    uintx GCTimeRatio                              = 4                                         {product} {command line}
     bool HeapDumpOnOutOfMemoryError               = true                                   {manageable} {command line}
    ccstr HeapDumpPath                             = c:\Users\slckc\AppData\Roaming\Code\User\workspaceStorage\b5d2e1146c176a6eed179b0ba5530afd\redhat.java         {manageable} {command line}
   size_t InitialHeapSize                          = 104857600                                 {product} {command line}
   size_t MaxHeapSize                              = 2147483648                                {product} {command line}
   size_t MaxNewSize                               = 715653120                                 {product} {ergonomic}
   size_t MinHeapDeltaBytes                        = 524288                                    {product} {ergonomic}
   size_t MinHeapSize                              = 104857600                                 {product} {command line}
   size_t NewSize                                  = 34603008                                  {product} {ergonomic}
    uintx NonNMethodCodeHeapSize                   = 7602480                                {pd product} {ergonomic}
    uintx NonProfiledCodeHeapSize                  = 122027880                              {pd product} {ergonomic}
   size_t OldSize                                  = 70254592                                  {product} {ergonomic}
    uintx ProfiledCodeHeapSize                     = 122027880                              {pd product} {ergonomic}
    uintx ReservedCodeCacheSize                    = 251658240                              {pd product} {ergonomic}
     bool SegmentedCodeCache                       = true                                      {product} {ergonomic}
   size_t SoftMaxHeapSize                          = 2147483648                             {manageable} {ergonomic}
     bool UseCompressedOops                        = true                           {product lp64_product} {ergonomic}
     bool UseLargePagesIndividualAllocation        = false                                  {pd product} {ergonomic}
     bool UseParallelGC                            = true                                      {product} {command line}

Logging:
Log output configuration:
 #0: stdout all=off uptime,level,tags foldmultilines=false
 #1: stderr all=off uptime,level,tags foldmultilines=false

Release file:
JAVA_VERSION="21.0.9" 
MODULES="java.base java.compiler java.datatransfer java.xml java.prefs java.desktop java.instrument java.logging java.management java.security.sasl java.naming java.rmi java.management.rmi java.net.http java.scripting java.security.jgss java.transaction.xa java.sql java.sql.rowset java.xml.crypto java.se java.smartcardio jdk.accessibility jdk.internal.jvmstat jdk.attach jdk.charsets jdk.internal.opt jdk.zipfs jdk.compiler jdk.crypto.ec jdk.crypto.cryptoki jdk.crypto.mscapi jdk.dynalink jdk.internal.ed jdk.editpad jdk.hotspot.agent jdk.httpserver jdk.internal.le jdk.internal.vm.ci jdk.internal.vm.compiler jdk.internal.vm.compiler.management jdk.jartool jdk.javadoc jdk.jcmd jdk.management jdk.management.agent jdk.jconsole jdk.jdeps jdk.jdwp.agent jdk.jdi jdk.jfr jdk.jshell jdk.jsobject jdk.jstatd jdk.localedata jdk.management.jfr jdk.naming.dns jdk.naming.rmi jdk.net jdk.nio.mapmode jdk.random jdk.sctp jdk.security.auth jdk.security.jgss jdk.unsupported jdk.unsupported.desktop jdk.xml.dom" 

Environment Variables:
PATH=C:\Program Files\NVIDIA GPU Computing Toolkit\CUDA\v13.1\bin\x64;C:\Program Files\NVIDIA GPU Computing Toolkit\CUDA\v13.1\bin;C:\Program Files (x86)\Common Files\Oracle\Java\java8path;C:\Program Files (x86)\Common Files\Oracle\Java\javapath;C:\Program Files\NVIDIA GPU Computing Toolkit\CUDA\v13.0\bin\x64;C:\Program Files\NVIDIA GPU Computing Toolkit\CUDA\v13.0\bin;C:\WINDOWS\system32;C:\WINDOWS;C:\WINDOWS\System32\Wbem;C:\WINDOWS\System32\WindowsPowerShell\v1.0\;C:\WINDOWS\System32\OpenSSH\;C:\Program Files (x86)\NVIDIA Corporation\PhysX\Common;C:\Program Files\dotnet\;C:\Program Files\Git\cmd;C:\Program Files\nodejs\;C:\ProgramData\chocolatey\bin;C:\Program Files\Apollo;C:\Program Files\Apollo\tools;C:\Program Files\NVIDIA Corporation\Nsight Compute 2025.1.1\;C:\Program Files\CMake\bin;C:\Program Files\NVIDIA Corporation\NVIDIA App\NvDLISR;C:\Program Files\NVIDIA Corporation\Nsight Compute 2025.4.0\;C:\Users\slckc\AppData\Local\Programs\Python\Python310\Scripts\;C:\Users\slckc\AppData\Local\Programs\Python\Python310\;C:\Users\slckc\AppData\Local\Microsoft\WindowsApps;C:\Users\slckc\AppData\Local\spicetify;C:\Users\slckc\AppData\Local\Programs\Microsoft VS Code\bin;C:\Users\slckc\AppData\Local\Microsoft\WinGet\Packages\Schniz.fnm_Microsoft.Winget.Source_8wekyb3d8bbwe;C:\Users\slckc\AppData\Roaming\npm;C:\Users\slckc\AppData\Local\Muse Hub\lib;C:\Users\slckc\AppData\Local\GitHubDesktop\bin;C:\Qt\6.9.0\msvc2022_64\bin;C:\Qt\Tools\Ninja;C:\Program Files\NVIDIA GPU Computing Toolkit\CUDA\v13.1;C:\ffmpeg\bin;
USERNAME=slckc
OS=Windows_NT
PROCESSOR_IDENTIFIER=AMD64 Family 26 Model 68 Stepping 0, AuthenticAMD
TMP=C:\Users\slckc\AppData\Local\Temp
TEMP=C:\Users\slckc\AppData\Local\Temp




Periodic native trim disabled

---------------  S Y S T E M  ---------------

OS:
 Windows 11 , 64 bit Build 26100 (10.0.26100.7309)
OS uptime: 0 days 10:43 hours
Hyper-V role detected

CPU: total 16 (initial active 16) (16 cores per cpu, 2 threads per core) family 26 model 68 stepping 0 microcode 0xb404023, cx8, cmov, fxsr, ht, mmx, 3dnowpref, sse, sse2, sse3, ssse3, sse4a, sse4.1, sse4.2, popcnt, lzcnt, tsc, tscinvbit, avx, avx2, aes, erms, clmul, bmi1, bmi2, adx, avx512f, avx512dq, avx512cd, avx512bw, avx512vl, sha, fma, vzeroupper, avx512_vpopcntdq, avx512_vpclmulqdq, avx512_vaes, avx512_vnni, clflush, clflushopt, avx512_vbmi2, avx512_vbmi, hv, rdtscp, rdpid, fsrm, gfni, avx512_bitalg, f16c, cet_ss, avx512_ifma
Processor Information for the first 16 processors :
  Max Mhz: 3800, Current Mhz: 3800, Mhz Limit: 3800

Memory: 4k page, system-wide physical 32361M (380M free)
TotalPageFile size 93303M (AvailPageFile size 7M)
current process WorkingSet (physical memory assigned to process): 226M, peak: 226M
current process commit charge ("private bytes"): 356M, peak: 356M

vm_info: OpenJDK 64-Bit Server VM (21.0.9+10-LTS) for windows-amd64 JRE (21.0.9+10-LTS), built on 2025-10-21T00:00:00Z by "admin" with unknown MS VC++:1942

END.
