#
# There is insufficient memory for the Java Runtime Environment to continue.
# Native memory allocation (malloc) failed to allocate 964176 bytes. Error detail: Chunk::new
# Possible reasons:
#   The system is out of physical RAM or swap space
#   This process is running with CompressedOops enabled, and the Java Heap may be blocking the growth of the native heap
# Possible solutions:
#   Reduce memory load on the system
#   Increase physical memory or swap space
#   Check if swap backing store is full
#   Decrease Java heap size (-Xmx/-Xms)
#   Decrease number of Java threads
#   Decrease Java thread stack sizes (-Xss)
#   Set larger code cache with -XX:ReservedCodeCacheSize=
#   JVM is running with Unscaled Compressed Oops mode in which the Java heap is
#     placed in the first 4GB address space. The Java Heap base address is the
#     maximum limit for the native heap growth. Please use -XX:HeapBaseMinAddress
#     to set the Java Heap base and to place the Java Heap above 4GB virtual address.
# This output file may be truncated or incomplete.
#
#  Out of Memory Error (arena.cpp:168), pid=30052, tid=29988
#
# JRE version: OpenJDK Runtime Environment Temurin-21.0.9+10 (21.0.9+10) (build 21.0.9+10-LTS)
# Java VM: OpenJDK 64-Bit Server VM Temurin-21.0.9+10 (21.0.9+10-LTS, mixed mode, sharing, tiered, compressed oops, compressed class ptrs, parallel gc, windows-amd64)
# No core dump will be written. Minidumps are not enabled by default on client versions of Windows
#

---------------  S U M M A R Y ------------

Command Line: --add-modules=ALL-SYSTEM --add-opens=java.base/java.util=ALL-UNNAMED --add-opens=java.base/java.lang=ALL-UNNAMED --add-opens=java.base/sun.nio.fs=ALL-UNNAMED -Declipse.application=org.eclipse.jdt.ls.core.id1 -Dosgi.bundles.defaultStartLevel=4 -Declipse.product=org.eclipse.jdt.ls.core.product -Djava.import.generatesMetadataFilesAtProjectRoot=false -DDetectVMInstallationsJob.disabled=true -Dfile.encoding=utf8 -XX:+UseParallelGC -XX:GCTimeRatio=4 -XX:AdaptiveSizePolicyWeight=90 -Dsun.zip.disableMemoryMapping=true -Xmx2G -Xms100m -Xlog:disable -javaagent:c:\Users\slckc\.vscode\extensions\redhat.java-1.50.0-win32-x64\lombok\lombok-1.18.39-4050.jar -XX:+HeapDumpOnOutOfMemoryError -XX:HeapDumpPath=c:\Users\slckc\AppData\Roaming\Code\User\workspaceStorage\b5d2e1146c176a6eed179b0ba5530afd\redhat.java -Daether.dependencyCollector.impl=bf c:\Users\slckc\.vscode\extensions\redhat.java-1.50.0-win32-x64\server\plugins\org.eclipse.equinox.launcher_1.7.100.v20251111-0406.jar -configuration c:\Users\slckc\AppData\Roaming\Code\User\globalStorage\redhat.java\1.50.0\config_win -data c:\Users\slckc\AppData\Roaming\Code\User\workspaceStorage\b5d2e1146c176a6eed179b0ba5530afd\redhat.java\jdt_ws --pipe=\\.\pipe\lsp-7ee2c2b5cad31c1643ae3205cdafb8df-sock

Host: AMD Ryzen 7 9700X 8-Core Processor             , 16 cores, 31G,  Windows 11 , 64 bit Build 26100 (10.0.26100.7309)
Time: Thu Dec 18 10:53:14 2025 Turkey Standard Time elapsed time: 11.776948 seconds (0d 0h 0m 11s)

---------------  T H R E A D  ---------------

Current thread (0x00000202ff03c0e0):  JavaThread "C2 CompilerThread2" daemon [_thread_in_native, id=29988, stack(0x0000001f8d800000,0x0000001f8d900000) (1024K)]


Current CompileTask:
C2:11776 4257       4       org.lombokweb.asm.ClassReader::readMethod (1070 bytes)

Stack: [0x0000001f8d800000,0x0000001f8d900000]
Native frames: (J=compiled Java code, j=interpreted, Vv=VM code, C=native code)
V  [jvm.dll+0x6d6e29]
V  [jvm.dll+0x8b4b76]
V  [jvm.dll+0x8b712e]
V  [jvm.dll+0x8b7813]
V  [jvm.dll+0x283d86]
V  [jvm.dll+0xc66ed]
V  [jvm.dll+0xc6c31]
V  [jvm.dll+0x2facee]
V  [jvm.dll+0x5fde44]
V  [jvm.dll+0x255557]
V  [jvm.dll+0x25591d]
V  [jvm.dll+0x24df40]
V  [jvm.dll+0x24b482]
V  [jvm.dll+0x1cb13e]
V  [jvm.dll+0x25b29d]
V  [jvm.dll+0x25982a]
V  [jvm.dll+0x3f7ea6]
V  [jvm.dll+0x85e9ad]
V  [jvm.dll+0x6d565d]
C  [ucrtbase.dll+0x37b0]
C  [KERNEL32.DLL+0x2e8d7]
C  [ntdll.dll+0x8c53c]


---------------  P R O C E S S  ---------------

Threads class SMR info:
_java_thread_list=0x0000020281fbfe00, length=28, elements={
0x000002029e0d8ce0, 0x00000202a05ad5c0, 0x00000202f93a5ad0, 0x00000202f93ab5c0,
0x00000202f93ac010, 0x00000202f93adf20, 0x00000202f93b1ee0, 0x00000202f93c4580,
0x00000202f93c9de0, 0x00000202f95851f0, 0x00000202f9608230, 0x00000202ff04b300,
0x00000202ff03c0e0, 0x00000202800bfbf0, 0x00000202801ce7a0, 0x00000202801ddcf0,
0x00000202803407a0, 0x0000020280990ef0, 0x00000202809922a0, 0x0000020280991580,
0x0000020280991c10, 0x00000202809901d0, 0x0000020280992930, 0x000002028098f4b0,
0x000002028098fb40, 0x000002028221ad30, 0x000002028221a6a0, 0x0000020281e6ce30
}

Java Threads: ( => current thread )
  0x000002029e0d8ce0 JavaThread "main"                              [_thread_blocked, id=21012, stack(0x0000001f8c600000,0x0000001f8c700000) (1024K)]
  0x00000202a05ad5c0 JavaThread "Reference Handler"          daemon [_thread_blocked, id=25756, stack(0x0000001f8ca00000,0x0000001f8cb00000) (1024K)]
  0x00000202f93a5ad0 JavaThread "Finalizer"                  daemon [_thread_blocked, id=20448, stack(0x0000001f8cb00000,0x0000001f8cc00000) (1024K)]
  0x00000202f93ab5c0 JavaThread "Signal Dispatcher"          daemon [_thread_blocked, id=31780, stack(0x0000001f8cc00000,0x0000001f8cd00000) (1024K)]
  0x00000202f93ac010 JavaThread "Attach Listener"            daemon [_thread_blocked, id=14260, stack(0x0000001f8cd00000,0x0000001f8ce00000) (1024K)]
  0x00000202f93adf20 JavaThread "Service Thread"             daemon [_thread_blocked, id=11144, stack(0x0000001f8ce00000,0x0000001f8cf00000) (1024K)]
  0x00000202f93b1ee0 JavaThread "Monitor Deflation Thread"   daemon [_thread_blocked, id=17760, stack(0x0000001f8cf00000,0x0000001f8d000000) (1024K)]
  0x00000202f93c4580 JavaThread "C2 CompilerThread0"         daemon [_thread_blocked, id=32544, stack(0x0000001f8d000000,0x0000001f8d100000) (1024K)]
  0x00000202f93c9de0 JavaThread "C1 CompilerThread0"         daemon [_thread_blocked, id=30260, stack(0x0000001f8d100000,0x0000001f8d200000) (1024K)]
  0x00000202f95851f0 JavaThread "C2 CompilerThread1"         daemon [_thread_blocked, id=31904, stack(0x0000001f8d300000,0x0000001f8d400000) (1024K)]
  0x00000202f9608230 JavaThread "Common-Cleaner"             daemon [_thread_blocked, id=27848, stack(0x0000001f8d400000,0x0000001f8d500000) (1024K)]
  0x00000202ff04b300 JavaThread "Notification Thread"        daemon [_thread_blocked, id=19092, stack(0x0000001f8d700000,0x0000001f8d800000) (1024K)]
=>0x00000202ff03c0e0 JavaThread "C2 CompilerThread2"         daemon [_thread_in_native, id=29988, stack(0x0000001f8d800000,0x0000001f8d900000) (1024K)]
  0x00000202800bfbf0 JavaThread "Active Thread: Equinox Container: 32bd01b0-168f-47fc-84b9-23d274a7748e"        [_thread_blocked, id=6148, stack(0x0000001f8df00000,0x0000001f8e000000) (1024K)]
  0x00000202801ce7a0 JavaThread "Refresh Thread: Equinox Container: 32bd01b0-168f-47fc-84b9-23d274a7748e" daemon [_thread_blocked, id=26144, stack(0x0000001f8e100000,0x0000001f8e200000) (1024K)]
  0x00000202801ddcf0 JavaThread "Framework Event Dispatcher: Equinox Container: 32bd01b0-168f-47fc-84b9-23d274a7748e" daemon [_thread_blocked, id=33592, stack(0x0000001f8e200000,0x0000001f8e300000) (1024K)]
  0x00000202803407a0 JavaThread "Start Level: Equinox Container: 32bd01b0-168f-47fc-84b9-23d274a7748e" daemon [_thread_in_Java, id=28700, stack(0x0000001f8e300000,0x0000001f8e400000) (1024K)]
  0x0000020280990ef0 JavaThread "Bundle File Closer"         daemon [_thread_in_native, id=29832, stack(0x0000001f8e700000,0x0000001f8e800000) (1024K)]
  0x00000202809922a0 JavaThread "SCR Component Actor"        daemon [_thread_blocked, id=17772, stack(0x0000001f8e800000,0x0000001f8e900000) (1024K)]
  0x0000020280991580 JavaThread "Worker-JM"                         [_thread_blocked, id=28296, stack(0x0000001f8ea00000,0x0000001f8eb00000) (1024K)]
  0x0000020280991c10 JavaThread "JNA Cleaner"                daemon [_thread_blocked, id=30752, stack(0x0000001f8ec00000,0x0000001f8ed00000) (1024K)]
  0x00000202809901d0 JavaThread "Worker-0: Loading available Gradle versions"        [_thread_blocked, id=3196, stack(0x0000001f8ed00000,0x0000001f8ee00000) (1024K)]
  0x0000020280992930 JavaThread "Worker-1: Load persistent model for all projects"        [_thread_blocked, id=24048, stack(0x0000001f8ee00000,0x0000001f8ef00000) (1024K)]
  0x000002028098f4b0 JavaThread "Worker-2: Building"                [_thread_in_vm, id=32444, stack(0x0000001f8ef00000,0x0000001f8f000000) (1024K)]
  0x000002028098fb40 JavaThread "Worker-3: Updating Maven Dependencies"        [_thread_blocked, id=32072, stack(0x0000001f8f200000,0x0000001f8f300000) (1024K)]
  0x000002028221ad30 JavaThread "Worker-4: Repository registry initialization"        [_thread_in_vm, id=20288, stack(0x0000001f8f300000,0x0000001f8f400000) (1024K)]
  0x000002028221a6a0 JavaThread "Worker-5"                          [_thread_blocked, id=30268, stack(0x0000001f8d500000,0x0000001f8d600000) (1024K)]
  0x0000020281e6ce30 JavaThread "C1 CompilerThread1"         daemon [_thread_in_vm, id=28500, stack(0x0000001f8d200000,0x0000001f8d300000) (1024K)]
Total: 28

Other Threads:
  0x00000202a06beb90 VMThread "VM Thread"                           [id=32172, stack(0x0000001f8c900000,0x0000001f8ca00000) (1024K)]
  0x00000202a068b570 WatcherThread "VM Periodic Task Thread"        [id=15868, stack(0x0000001f8c800000,0x0000001f8c900000) (1024K)]
  0x00000202a063ddf0 WorkerThread "GC Thread#0"                     [id=7700, stack(0x0000001f8c700000,0x0000001f8c800000) (1024K)]
  0x00000202ff036eb0 WorkerThread "GC Thread#1"                     [id=27516, stack(0x0000001f8d900000,0x0000001f8da00000) (1024K)]
  0x00000202ff509640 WorkerThread "GC Thread#2"                     [id=29428, stack(0x0000001f8da00000,0x0000001f8db00000) (1024K)]
  0x00000202ff5099e0 WorkerThread "GC Thread#3"                     [id=18180, stack(0x0000001f8db00000,0x0000001f8dc00000) (1024K)]
  0x00000202ff6575c0 WorkerThread "GC Thread#4"                     [id=27840, stack(0x0000001f8dc00000,0x0000001f8dd00000) (1024K)]
  0x00000202ff657960 WorkerThread "GC Thread#5"                     [id=5404, stack(0x0000001f8dd00000,0x0000001f8de00000) (1024K)]
  0x00000202ff657d00 WorkerThread "GC Thread#6"                     [id=29564, stack(0x0000001f8de00000,0x0000001f8df00000) (1024K)]
  0x00000202802df9f0 WorkerThread "GC Thread#7"                     [id=32124, stack(0x0000001f8e000000,0x0000001f8e100000) (1024K)]
  0x00000202805582a0 WorkerThread "GC Thread#8"                     [id=1612, stack(0x0000001f8e400000,0x0000001f8e500000) (1024K)]
  0x00000202806f4460 WorkerThread "GC Thread#9"                     [id=30572, stack(0x0000001f8e500000,0x0000001f8e600000) (1024K)]
  0x00000202806f3d20 WorkerThread "GC Thread#10"                    [id=33152, stack(0x0000001f8e600000,0x0000001f8e700000) (1024K)]
  0x00000202806f4ba0 WorkerThread "GC Thread#11"                    [id=26912, stack(0x0000001f8e900000,0x0000001f8ea00000) (1024K)]
  0x00000202806f4f40 WorkerThread "GC Thread#12"                    [id=10160, stack(0x0000001f8eb00000,0x0000001f8ec00000) (1024K)]
Total: 15

Threads with active compile tasks:
C2 CompilerThread0  11791 4390       4       java.lang.String::checkIndex (10 bytes)
C1 CompilerThread0  11791 4393       3       java.lang.Thread::isAlive (5 bytes)
C2 CompilerThread1  11791 4377       4       jdk.internal.jimage.ImageStringsReader::hashCode (33 bytes)
C2 CompilerThread2  11791 4257       4       org.lombokweb.asm.ClassReader::readMethod (1070 bytes)
Total: 4

VM state: not at safepoint (normal execution)

VM Mutex/Monitor currently owned by a thread: None

Heap address: 0x0000000080000000, size: 2048 MB, Compressed Oops mode: 32-bit

CDS archive(s) mapped at: [0x00000202b7000000-0x00000202b7ba0000-0x00000202b7ba0000), size 12189696, SharedBaseAddress: 0x00000202b7000000, ArchiveRelocationMode: 1.
Compressed class space mapped at: 0x00000202b8000000-0x00000202f8000000, reserved size: 1073741824
Narrow klass base: 0x00000202b7000000, Narrow klass shift: 0, Narrow klass range: 0x100000000

GC Precious Log:
 CardTable entry size: 512
 CPUs: 16 total, 16 available
 Memory: 32361M
 Large Page Support: Disabled
 NUMA Support: Disabled
 Compressed Oops: Enabled (32-bit)
 Alignments: Space 512K, Generation 512K, Heap 2M
 Heap Min Capacity: 100M
 Heap Initial Capacity: 100M
 Heap Max Capacity: 2G
 Pre-touch: Disabled
 Parallel Workers: 13

Heap:
 PSYoungGen      total 24064K, used 3946K [0x00000000d5580000, 0x00000000d7400000, 0x0000000100000000)
  eden space 23040K, 12% used [0x00000000d5580000,0x00000000d585b910,0x00000000d6c00000)
  from space 1024K, 99% used [0x00000000d7200000,0x00000000d72ff138,0x00000000d7300000)
  to   space 4096K, 0% used [0x00000000d6c00000,0x00000000d6c00000,0x00000000d7000000)
 ParOldGen       total 68608K, used 15516K [0x0000000080000000, 0x0000000084300000, 0x00000000d5580000)
  object space 68608K, 22% used [0x0000000080000000,0x0000000080f27370,0x0000000084300000)
 Metaspace       used 28453K, committed 29440K, reserved 1114112K
  class space    used 2869K, committed 3264K, reserved 1048576K

Card table byte_map: [0x000002029ffa0000,0x00000202a03b0000] _byte_map_base: 0x000002029fba0000

Marking Bits: (ParMarkBitMap*) 0x00007ffef9782460
 Begin Bits: [0x00000202b2ab0000, 0x00000202b4ab0000)
 End Bits:   [0x00000202b4ab0000, 0x00000202b6ab0000)

Polling page: 0x000002029e3d0000

Metaspace:

Usage:
  Non-class:     24.98 MB used.
      Class:      2.80 MB used.
       Both:     27.79 MB used.

Virtual space:
  Non-class space:       64.00 MB reserved,      25.56 MB ( 40%) committed,  1 nodes.
      Class space:        1.00 GB reserved,       3.19 MB ( <1%) committed,  1 nodes.
             Both:        1.06 GB reserved,      28.75 MB (  3%) committed. 

Chunk freelists:
   Non-Class:  6.48 MB
       Class:  12.72 MB
        Both:  19.20 MB

MaxMetaspaceSize: unlimited
CompressedClassSpaceSize: 1.00 GB
Initial GC threshold: 21.00 MB
Current GC threshold: 35.00 MB
CDS: on
 - commit_granule_bytes: 65536.
 - commit_granule_words: 8192.
 - virtual_space_node_default_size: 8388608.
 - enlarge_chunks_in_place: 1.
 - use_allocation_guard: 0.


Internal statistics:

num_allocs_failed_limit: 3.
num_arena_births: 706.
num_arena_deaths: 14.
num_vsnodes_births: 2.
num_vsnodes_deaths: 0.
num_space_committed: 460.
num_space_uncommitted: 0.
num_chunks_returned_to_freelist: 17.
num_chunks_taken_from_freelist: 1904.
num_chunk_merges: 8.
num_chunk_splits: 1200.
num_chunks_enlarged: 744.
num_inconsistent_stats: 0.

CodeHeap 'non-profiled nmethods': size=119168Kb used=2007Kb max_used=2007Kb free=117160Kb
 bounds [0x00000202ab3a0000, 0x00000202ab610000, 0x00000202b2800000]
CodeHeap 'profiled nmethods': size=119104Kb used=9367Kb max_used=9367Kb free=109736Kb
 bounds [0x00000202a3800000, 0x00000202a4130000, 0x00000202aac50000]
CodeHeap 'non-nmethods': size=7488Kb used=1917Kb max_used=3062Kb free=5570Kb
 bounds [0x00000202aac50000, 0x00000202aaf60000, 0x00000202ab3a0000]
CodeCache: size=245760Kb, used=13291Kb, max_used=14436Kb, free=232466Kb
 total_blobs=5020, nmethods=4385, adapters=540, full_count=0
Compilation: enabled, stopped_count=0, restarted_count=0

Compilation events (20 events):
Event: 7.747 Thread 0x00000202f93c4580 nmethod 4358 0x00000202ab592690 code [0x00000202ab592860, 0x00000202ab593078]
Event: 7.748 Thread 0x00000202f93c9de0 4383   !   3       org.eclipse.osgi.internal.loader.BundleLoader::findClass0 (490 bytes)
Event: 7.748 Thread 0x00000202f93c4580 4329       4       java.lang.String::valueOf (15 bytes)
Event: 7.748 Thread 0x0000020281e6ce30 4388       3       lombok.patcher.scripts.ReplaceMethodCallScript$ReplaceMethodCall::visitMethodInsn (250 bytes)
Event: 7.748 Thread 0x00000202f95851f0 nmethod 4268 0x00000202ab593490 code [0x00000202ab593640, 0x00000202ab593828]
Event: 7.748 Thread 0x00000202f95851f0 4377       4       jdk.internal.jimage.ImageStringsReader::hashCode (33 bytes)
Event: 7.748 Thread 0x00000202f93c4580 nmethod 4329 0x00000202ab593a10 code [0x00000202ab593ba0, 0x00000202ab593c40]
Event: 7.748 Thread 0x00000202f93c4580 4258       4       org.lombokweb.asm.MethodVisitor::<init> (79 bytes)
Event: 7.749 Thread 0x0000020281e6ce30 nmethod 4388 0x00000202a411ae10 code [0x00000202a411b1c0, 0x00000202a411c748]
Event: 7.749 Thread 0x00000202f93c4580 nmethod 4258 0x00000202ab593d10 code [0x00000202ab593ea0, 0x00000202ab593f70]
Event: 7.749 Thread 0x00000202f93c4580 4265       4       org.lombokweb.asm.ClassWriter::visitMethod (57 bytes)
Event: 7.749 Thread 0x0000020281e6ce30 4389       3       jdk.internal.org.objectweb.asm.ByteVector::putShort (52 bytes)
Event: 7.750 Thread 0x0000020281e6ce30 nmethod 4389 0x00000202a411d090 code [0x00000202a411d240, 0x00000202a411d440]
Event: 7.750 Thread 0x0000020281e6ce30 4381       1       lombok.patcher.scripts.ReplaceMethodCallScript::access$0 (5 bytes)
Event: 7.750 Thread 0x0000020281e6ce30 nmethod 4381 0x00000202ab594010 code [0x00000202ab5941a0, 0x00000202ab594250]
Event: 7.750 Thread 0x0000020281e6ce30 4386       3       lombok.patcher.Hook::getClassSpec (8 bytes)
Event: 7.750 Thread 0x0000020281e6ce30 nmethod 4386 0x00000202a411d590 code [0x00000202a411d740, 0x00000202a411d878]
Event: 7.750 Thread 0x0000020281e6ce30 4385       3       org.lombokweb.asm.MethodVisitor::visitFrame (22 bytes)
Event: 7.750 Thread 0x0000020281e6ce30 nmethod 4385 0x00000202a411d910 code [0x00000202a411dac0, 0x00000202a411dcc8]
Event: 7.750 Thread 0x0000020281e6ce30 4387       3       org.lombokweb.asm.MethodWriter::endCurrentBasicBlockWithNoSuccessor (98 bytes)

GC Heap History (20 events):
Event: 0.516 GC heap before
{Heap before GC invocations=2 (full 0):
 PSYoungGen      total 29696K, used 29339K [0x00000000d5580000, 0x00000000d7680000, 0x0000000100000000)
  eden space 25600K, 100% used [0x00000000d5580000,0x00000000d6e80000,0x00000000d6e80000)
  from space 4096K, 91% used [0x00000000d6e80000,0x00000000d7226ff8,0x00000000d7280000)
  to   space 4096K, 0% used [0x00000000d7280000,0x00000000d7280000,0x00000000d7680000)
 ParOldGen       total 68608K, used 16K [0x0000000080000000, 0x0000000084300000, 0x00000000d5580000)
  object space 68608K, 0% used [0x0000000080000000,0x0000000080004000,0x0000000084300000)
 Metaspace       used 7927K, committed 8192K, reserved 1114112K
  class space    used 823K, committed 960K, reserved 1048576K
}
Event: 0.519 GC heap after
{Heap after GC invocations=2 (full 0):
 PSYoungGen      total 29696K, used 4093K [0x00000000d5580000, 0x00000000d7680000, 0x0000000100000000)
  eden space 25600K, 0% used [0x00000000d5580000,0x00000000d5580000,0x00000000d6e80000)
  from space 4096K, 99% used [0x00000000d7280000,0x00000000d767f550,0x00000000d7680000)
  to   space 4096K, 0% used [0x00000000d6e80000,0x00000000d6e80000,0x00000000d7280000)
 ParOldGen       total 68608K, used 1594K [0x0000000080000000, 0x0000000084300000, 0x00000000d5580000)
  object space 68608K, 2% used [0x0000000080000000,0x000000008018e958,0x0000000084300000)
 Metaspace       used 7927K, committed 8192K, reserved 1114112K
  class space    used 823K, committed 960K, reserved 1048576K
}
Event: 0.681 GC heap before
{Heap before GC invocations=3 (full 0):
 PSYoungGen      total 29696K, used 29681K [0x00000000d5580000, 0x00000000d7680000, 0x0000000100000000)
  eden space 25600K, 99% used [0x00000000d5580000,0x00000000d6e7d230,0x00000000d6e80000)
  from space 4096K, 99% used [0x00000000d7280000,0x00000000d767f550,0x00000000d7680000)
  to   space 4096K, 0% used [0x00000000d6e80000,0x00000000d6e80000,0x00000000d7280000)
 ParOldGen       total 68608K, used 1594K [0x0000000080000000, 0x0000000084300000, 0x00000000d5580000)
  object space 68608K, 2% used [0x0000000080000000,0x000000008018e958,0x0000000084300000)
 Metaspace       used 9462K, committed 9856K, reserved 1114112K
  class space    used 1008K, committed 1152K, reserved 1048576K
}
Event: 0.683 GC heap after
{Heap after GC invocations=3 (full 0):
 PSYoungGen      total 29696K, used 4080K [0x00000000d5580000, 0x00000000d7680000, 0x0000000100000000)
  eden space 25600K, 0% used [0x00000000d5580000,0x00000000d5580000,0x00000000d6e80000)
  from space 4096K, 99% used [0x00000000d6e80000,0x00000000d727c218,0x00000000d7280000)
  to   space 4096K, 0% used [0x00000000d7280000,0x00000000d7280000,0x00000000d7680000)
 ParOldGen       total 68608K, used 4172K [0x0000000080000000, 0x0000000084300000, 0x00000000d5580000)
  object space 68608K, 6% used [0x0000000080000000,0x00000000804130c8,0x0000000084300000)
 Metaspace       used 9462K, committed 9856K, reserved 1114112K
  class space    used 1008K, committed 1152K, reserved 1048576K
}
Event: 0.876 GC heap before
{Heap before GC invocations=4 (full 0):
 PSYoungGen      total 29696K, used 29680K [0x00000000d5580000, 0x00000000d7680000, 0x0000000100000000)
  eden space 25600K, 100% used [0x00000000d5580000,0x00000000d6e80000,0x00000000d6e80000)
  from space 4096K, 99% used [0x00000000d6e80000,0x00000000d727c218,0x00000000d7280000)
  to   space 4096K, 0% used [0x00000000d7280000,0x00000000d7280000,0x00000000d7680000)
 ParOldGen       total 68608K, used 4172K [0x0000000080000000, 0x0000000084300000, 0x00000000d5580000)
  object space 68608K, 6% used [0x0000000080000000,0x00000000804130c8,0x0000000084300000)
 Metaspace       used 11838K, committed 12224K, reserved 1114112K
  class space    used 1255K, committed 1408K, reserved 1048576K
}
Event: 0.878 GC heap after
{Heap after GC invocations=4 (full 0):
 PSYoungGen      total 29696K, used 4065K [0x00000000d5580000, 0x00000000d7680000, 0x0000000100000000)
  eden space 25600K, 0% used [0x00000000d5580000,0x00000000d5580000,0x00000000d6e80000)
  from space 4096K, 99% used [0x00000000d7280000,0x00000000d7678568,0x00000000d7680000)
  to   space 4096K, 0% used [0x00000000d6e80000,0x00000000d6e80000,0x00000000d7280000)
 ParOldGen       total 68608K, used 6059K [0x0000000080000000, 0x0000000084300000, 0x00000000d5580000)
  object space 68608K, 8% used [0x0000000080000000,0x00000000805eadf0,0x0000000084300000)
 Metaspace       used 11838K, committed 12224K, reserved 1114112K
  class space    used 1255K, committed 1408K, reserved 1048576K
}
Event: 1.065 GC heap before
{Heap before GC invocations=5 (full 0):
 PSYoungGen      total 29696K, used 29665K [0x00000000d5580000, 0x00000000d7680000, 0x0000000100000000)
  eden space 25600K, 100% used [0x00000000d5580000,0x00000000d6e80000,0x00000000d6e80000)
  from space 4096K, 99% used [0x00000000d7280000,0x00000000d7678568,0x00000000d7680000)
  to   space 4096K, 0% used [0x00000000d6e80000,0x00000000d6e80000,0x00000000d7280000)
 ParOldGen       total 68608K, used 6059K [0x0000000080000000, 0x0000000084300000, 0x00000000d5580000)
  object space 68608K, 8% used [0x0000000080000000,0x00000000805eadf0,0x0000000084300000)
 Metaspace       used 15673K, committed 16256K, reserved 1114112K
  class space    used 1608K, committed 1856K, reserved 1048576K
}
Event: 1.067 GC heap after
{Heap after GC invocations=5 (full 0):
 PSYoungGen      total 29184K, used 4074K [0x00000000d5580000, 0x00000000d7a00000, 0x0000000100000000)
  eden space 25088K, 0% used [0x00000000d5580000,0x00000000d5580000,0x00000000d6e00000)
  from space 4096K, 99% used [0x00000000d6e80000,0x00000000d727ab38,0x00000000d7280000)
  to   space 6144K, 0% used [0x00000000d7400000,0x00000000d7400000,0x00000000d7a00000)
 ParOldGen       total 68608K, used 8091K [0x0000000080000000, 0x0000000084300000, 0x00000000d5580000)
  object space 68608K, 11% used [0x0000000080000000,0x00000000807e6fb8,0x0000000084300000)
 Metaspace       used 15673K, committed 16256K, reserved 1114112K
  class space    used 1608K, committed 1856K, reserved 1048576K
}
Event: 1.276 GC heap before
{Heap before GC invocations=6 (full 0):
 PSYoungGen      total 29184K, used 29162K [0x00000000d5580000, 0x00000000d7a00000, 0x0000000100000000)
  eden space 25088K, 100% used [0x00000000d5580000,0x00000000d6e00000,0x00000000d6e00000)
  from space 4096K, 99% used [0x00000000d6e80000,0x00000000d727ab38,0x00000000d7280000)
  to   space 6144K, 0% used [0x00000000d7400000,0x00000000d7400000,0x00000000d7a00000)
 ParOldGen       total 68608K, used 8091K [0x0000000080000000, 0x0000000084300000, 0x00000000d5580000)
  object space 68608K, 11% used [0x0000000080000000,0x00000000807e6fb8,0x0000000084300000)
 Metaspace       used 18639K, committed 19392K, reserved 1114112K
  class space    used 1942K, committed 2240K, reserved 1048576K
}
Event: 1.278 GC heap after
{Heap after GC invocations=6 (full 0):
 PSYoungGen      total 29696K, used 5116K [0x00000000d5580000, 0x00000000d7900000, 0x0000000100000000)
  eden space 24576K, 0% used [0x00000000d5580000,0x00000000d5580000,0x00000000d6d80000)
  from space 5120K, 99% used [0x00000000d7400000,0x00000000d78ff370,0x00000000d7900000)
  to   space 5632K, 0% used [0x00000000d6e00000,0x00000000d6e00000,0x00000000d7380000)
 ParOldGen       total 68608K, used 8099K [0x0000000080000000, 0x0000000084300000, 0x00000000d5580000)
  object space 68608K, 11% used [0x0000000080000000,0x00000000807e8fb8,0x0000000084300000)
 Metaspace       used 18639K, committed 19392K, reserved 1114112K
  class space    used 1942K, committed 2240K, reserved 1048576K
}
Event: 1.379 GC heap before
{Heap before GC invocations=7 (full 0):
 PSYoungGen      total 29696K, used 26578K [0x00000000d5580000, 0x00000000d7900000, 0x0000000100000000)
  eden space 24576K, 87% used [0x00000000d5580000,0x00000000d6a756c0,0x00000000d6d80000)
  from space 5120K, 99% used [0x00000000d7400000,0x00000000d78ff370,0x00000000d7900000)
  to   space 5632K, 0% used [0x00000000d6e00000,0x00000000d6e00000,0x00000000d7380000)
 ParOldGen       total 68608K, used 8099K [0x0000000080000000, 0x0000000084300000, 0x00000000d5580000)
  object space 68608K, 11% used [0x0000000080000000,0x00000000807e8fb8,0x0000000084300000)
 Metaspace       used 20660K, committed 21504K, reserved 1114112K
  class space    used 2184K, committed 2560K, reserved 1048576K
}
Event: 1.380 GC heap after
{Heap after GC invocations=7 (full 0):
 PSYoungGen      total 29184K, used 4307K [0x00000000d5580000, 0x00000000d7780000, 0x0000000100000000)
  eden space 24576K, 0% used [0x00000000d5580000,0x00000000d5580000,0x00000000d6d80000)
  from space 4608K, 93% used [0x00000000d6e00000,0x00000000d7234f30,0x00000000d7280000)
  to   space 5120K, 0% used [0x00000000d7280000,0x00000000d7280000,0x00000000d7780000)
 ParOldGen       total 68608K, used 9530K [0x0000000080000000, 0x0000000084300000, 0x00000000d5580000)
  object space 68608K, 13% used [0x0000000080000000,0x000000008094e870,0x0000000084300000)
 Metaspace       used 20660K, committed 21504K, reserved 1114112K
  class space    used 2184K, committed 2560K, reserved 1048576K
}
Event: 1.380 GC heap before
{Heap before GC invocations=8 (full 1):
 PSYoungGen      total 29184K, used 4307K [0x00000000d5580000, 0x00000000d7780000, 0x0000000100000000)
  eden space 24576K, 0% used [0x00000000d5580000,0x00000000d5580000,0x00000000d6d80000)
  from space 4608K, 93% used [0x00000000d6e00000,0x00000000d7234f30,0x00000000d7280000)
  to   space 5120K, 0% used [0x00000000d7280000,0x00000000d7280000,0x00000000d7780000)
 ParOldGen       total 68608K, used 9530K [0x0000000080000000, 0x0000000084300000, 0x00000000d5580000)
  object space 68608K, 13% used [0x0000000080000000,0x000000008094e870,0x0000000084300000)
 Metaspace       used 20660K, committed 21504K, reserved 1114112K
  class space    used 2184K, committed 2560K, reserved 1048576K
}
Event: 1.396 GC heap after
{Heap after GC invocations=8 (full 1):
 PSYoungGen      total 29184K, used 0K [0x00000000d5580000, 0x00000000d7780000, 0x0000000100000000)
  eden space 24576K, 0% used [0x00000000d5580000,0x00000000d5580000,0x00000000d6d80000)
  from space 4608K, 0% used [0x00000000d6e00000,0x00000000d6e00000,0x00000000d7280000)
  to   space 5120K, 0% used [0x00000000d7280000,0x00000000d7280000,0x00000000d7780000)
 ParOldGen       total 68608K, used 13208K [0x0000000080000000, 0x0000000084300000, 0x00000000d5580000)
  object space 68608K, 19% used [0x0000000080000000,0x0000000080ce6088,0x0000000084300000)
 Metaspace       used 20648K, committed 21504K, reserved 1114112K
  class space    used 2180K, committed 2560K, reserved 1048576K
}
Event: 1.490 GC heap before
{Heap before GC invocations=9 (full 1):
 PSYoungGen      total 29184K, used 24576K [0x00000000d5580000, 0x00000000d7780000, 0x0000000100000000)
  eden space 24576K, 100% used [0x00000000d5580000,0x00000000d6d80000,0x00000000d6d80000)
  from space 4608K, 0% used [0x00000000d6e00000,0x00000000d6e00000,0x00000000d7280000)
  to   space 5120K, 0% used [0x00000000d7280000,0x00000000d7280000,0x00000000d7780000)
 ParOldGen       total 68608K, used 13208K [0x0000000080000000, 0x0000000084300000, 0x00000000d5580000)
  object space 68608K, 19% used [0x0000000080000000,0x0000000080ce6088,0x0000000084300000)
 Metaspace       used 23291K, committed 24064K, reserved 1114112K
  class space    used 2356K, committed 2688K, reserved 1048576K
}
Event: 1.490 GC heap after
{Heap after GC invocations=9 (full 1):
 PSYoungGen      total 25088K, used 549K [0x00000000d5580000, 0x00000000d7380000, 0x0000000100000000)
  eden space 24064K, 0% used [0x00000000d5580000,0x00000000d5580000,0x00000000d6d00000)
  from space 1024K, 53% used [0x00000000d7280000,0x00000000d7309648,0x00000000d7380000)
  to   space 2048K, 0% used [0x00000000d6f80000,0x00000000d6f80000,0x00000000d7180000)
 ParOldGen       total 68608K, used 13216K [0x0000000080000000, 0x0000000084300000, 0x00000000d5580000)
  object space 68608K, 19% used [0x0000000080000000,0x0000000080ce8088,0x0000000084300000)
 Metaspace       used 23291K, committed 24064K, reserved 1114112K
  class space    used 2356K, committed 2688K, reserved 1048576K
}
Event: 1.583 GC heap before
{Heap before GC invocations=10 (full 1):
 PSYoungGen      total 25088K, used 24613K [0x00000000d5580000, 0x00000000d7380000, 0x0000000100000000)
  eden space 24064K, 100% used [0x00000000d5580000,0x00000000d6d00000,0x00000000d6d00000)
  from space 1024K, 53% used [0x00000000d7280000,0x00000000d7309648,0x00000000d7380000)
  to   space 2048K, 0% used [0x00000000d6f80000,0x00000000d6f80000,0x00000000d7180000)
 ParOldGen       total 68608K, used 13216K [0x0000000080000000, 0x0000000084300000, 0x00000000d5580000)
  object space 68608K, 19% used [0x0000000080000000,0x0000000080ce8088,0x0000000084300000)
 Metaspace       used 26625K, committed 27456K, reserved 1114112K
  class space    used 2670K, committed 3008K, reserved 1048576K
}
Event: 1.584 GC heap after
{Heap after GC invocations=10 (full 1):
 PSYoungGen      total 25600K, used 868K [0x00000000d5580000, 0x00000000d7300000, 0x0000000100000000)
  eden space 23552K, 0% used [0x00000000d5580000,0x00000000d5580000,0x00000000d6c80000)
  from space 2048K, 42% used [0x00000000d6f80000,0x00000000d7059228,0x00000000d7180000)
  to   space 1024K, 0% used [0x00000000d7200000,0x00000000d7200000,0x00000000d7300000)
 ParOldGen       total 68608K, used 13224K [0x0000000080000000, 0x0000000084300000, 0x00000000d5580000)
  object space 68608K, 19% used [0x0000000080000000,0x0000000080cea088,0x0000000084300000)
 Metaspace       used 26625K, committed 27456K, reserved 1114112K
  class space    used 2670K, committed 3008K, reserved 1048576K
}
Event: 7.745 GC heap before
{Heap before GC invocations=11 (full 1):
 PSYoungGen      total 25600K, used 24419K [0x00000000d5580000, 0x00000000d7300000, 0x0000000100000000)
  eden space 23552K, 99% used [0x00000000d5580000,0x00000000d6c7faf8,0x00000000d6c80000)
  from space 2048K, 42% used [0x00000000d6f80000,0x00000000d7059228,0x00000000d7180000)
  to   space 1024K, 0% used [0x00000000d7200000,0x00000000d7200000,0x00000000d7300000)
 ParOldGen       total 68608K, used 13224K [0x0000000080000000, 0x0000000084300000, 0x00000000d5580000)
  object space 68608K, 19% used [0x0000000080000000,0x0000000080cea088,0x0000000084300000)
 Metaspace       used 28298K, committed 29312K, reserved 1114112K
  class space    used 2853K, committed 3264K, reserved 1048576K
}
Event: 7.746 GC heap after
{Heap after GC invocations=11 (full 1):
 PSYoungGen      total 24064K, used 1020K [0x00000000d5580000, 0x00000000d7400000, 0x0000000100000000)
  eden space 23040K, 0% used [0x00000000d5580000,0x00000000d5580000,0x00000000d6c00000)
  from space 1024K, 99% used [0x00000000d7200000,0x00000000d72ff138,0x00000000d7300000)
  to   space 4096K, 0% used [0x00000000d6c00000,0x00000000d6c00000,0x00000000d7000000)
 ParOldGen       total 68608K, used 15516K [0x0000000080000000, 0x0000000084300000, 0x00000000d5580000)
  object space 68608K, 22% used [0x0000000080000000,0x0000000080f27370,0x0000000084300000)
 Metaspace       used 28298K, committed 29312K, reserved 1114112K
  class space    used 2853K, committed 3264K, reserved 1048576K
}

Dll operation events (10 events):
Event: 0.005 Loaded shared library c:\Users\slckc\.vscode\extensions\redhat.java-1.50.0-win32-x64\jre\21.0.9-win32-x86_64\bin\java.dll
Event: 0.039 Loaded shared library c:\Users\slckc\.vscode\extensions\redhat.java-1.50.0-win32-x64\jre\21.0.9-win32-x86_64\bin\zip.dll
Event: 0.048 Loaded shared library C:\Users\slckc\.vscode\extensions\redhat.java-1.50.0-win32-x64\jre\21.0.9-win32-x86_64\bin\instrument.dll
Event: 0.051 Loaded shared library C:\Users\slckc\.vscode\extensions\redhat.java-1.50.0-win32-x64\jre\21.0.9-win32-x86_64\bin\net.dll
Event: 0.052 Loaded shared library C:\Users\slckc\.vscode\extensions\redhat.java-1.50.0-win32-x64\jre\21.0.9-win32-x86_64\bin\nio.dll
Event: 0.053 Loaded shared library C:\Users\slckc\.vscode\extensions\redhat.java-1.50.0-win32-x64\jre\21.0.9-win32-x86_64\bin\zip.dll
Event: 0.062 Loaded shared library C:\Users\slckc\.vscode\extensions\redhat.java-1.50.0-win32-x64\jre\21.0.9-win32-x86_64\bin\jimage.dll
Event: 0.094 Loaded shared library c:\Users\slckc\.vscode\extensions\redhat.java-1.50.0-win32-x64\jre\21.0.9-win32-x86_64\bin\verify.dll
Event: 0.551 Loaded shared library C:\Users\slckc\AppData\Roaming\Code\User\globalStorage\redhat.java\1.50.0\config_win\org.eclipse.equinox.launcher\org.eclipse.equinox.launcher.win32.win32.x86_64_1.2.1400.v20250801-0854\eclipse_11916.dll
Event: 1.164 Loaded shared library C:\Users\slckc\AppData\Local\Temp\jna-109520898\jna12909289775700868259.dll

Deoptimization events (20 events):
Event: 7.749 Thread 0x000002028221ad30 Uncommon trap: trap_request=0xffffffde fr.pc=0x00000202ab559db8 relative=0x00000000000000f8
Event: 7.749 Thread 0x000002028221ad30 Uncommon trap: reason=class_check action=maybe_recompile pc=0x00000202ab559db8 method=java.lang.Character.codePointAt(Ljava/lang/CharSequence;I)I @ 2 c2
Event: 7.749 Thread 0x000002028221ad30 DEOPT PACKING pc=0x00000202ab559db8 sp=0x0000001f8f3feb60
Event: 7.749 Thread 0x000002028221ad30 DEOPT UNPACKING pc=0x00000202aaca6da2 sp=0x0000001f8f3feae8 mode 2
Event: 7.750 Thread 0x000002028221ad30 Uncommon trap: trap_request=0xffffffde fr.pc=0x00000202ab559db8 relative=0x00000000000000f8
Event: 7.750 Thread 0x000002028221ad30 Uncommon trap: reason=class_check action=maybe_recompile pc=0x00000202ab559db8 method=java.lang.Character.codePointAt(Ljava/lang/CharSequence;I)I @ 2 c2
Event: 7.750 Thread 0x000002028221ad30 DEOPT PACKING pc=0x00000202ab559db8 sp=0x0000001f8f3feb60
Event: 7.750 Thread 0x000002028221ad30 DEOPT UNPACKING pc=0x00000202aaca6da2 sp=0x0000001f8f3feae8 mode 2
Event: 7.750 Thread 0x000002028221ad30 Uncommon trap: trap_request=0xffffffde fr.pc=0x00000202ab559db8 relative=0x00000000000000f8
Event: 7.750 Thread 0x000002028221ad30 Uncommon trap: reason=class_check action=maybe_recompile pc=0x00000202ab559db8 method=java.lang.Character.codePointAt(Ljava/lang/CharSequence;I)I @ 2 c2
Event: 7.750 Thread 0x000002028221ad30 DEOPT PACKING pc=0x00000202ab559db8 sp=0x0000001f8f3feb60
Event: 7.750 Thread 0x000002028221ad30 DEOPT UNPACKING pc=0x00000202aaca6da2 sp=0x0000001f8f3feae8 mode 2
Event: 7.750 Thread 0x000002028221ad30 Uncommon trap: trap_request=0xffffffde fr.pc=0x00000202ab559db8 relative=0x00000000000000f8
Event: 7.750 Thread 0x000002028221ad30 Uncommon trap: reason=class_check action=maybe_recompile pc=0x00000202ab559db8 method=java.lang.Character.codePointAt(Ljava/lang/CharSequence;I)I @ 2 c2
Event: 7.750 Thread 0x000002028221ad30 DEOPT PACKING pc=0x00000202ab559db8 sp=0x0000001f8f3feb60
Event: 7.750 Thread 0x000002028221ad30 DEOPT UNPACKING pc=0x00000202aaca6da2 sp=0x0000001f8f3feae8 mode 2
Event: 7.750 Thread 0x000002028221ad30 Uncommon trap: trap_request=0xffffff76 fr.pc=0x00000202ab4ebc00 relative=0x0000000000000380
Event: 7.750 Thread 0x000002028221ad30 Uncommon trap: reason=predicate action=maybe_recompile pc=0x00000202ab4ebc00 method=java.util.regex.Pattern$BmpCharPropertyGreedy.match(Ljava/util/regex/Matcher;ILjava/lang/CharSequence;)Z @ 12 c2
Event: 7.750 Thread 0x000002028221ad30 DEOPT PACKING pc=0x00000202ab4ebc00 sp=0x0000001f8f3feae0
Event: 7.750 Thread 0x000002028221ad30 DEOPT UNPACKING pc=0x00000202aaca6da2 sp=0x0000001f8f3fea68 mode 2

Classes loaded (20 events):
Event: 1.606 Loading class java/util/Collections$2
Event: 1.607 Loading class java/util/Collections$2 done
Event: 2.663 Loading class java/lang/runtime/ObjectMethods
Event: 2.663 Loading class java/lang/runtime/ObjectMethods done
Event: 3.675 Loading class java/lang/invoke/MethodHandleImpl$Makers
Event: 3.675 Loading class java/lang/invoke/MethodHandleImpl$Makers done
Event: 3.676 Loading class java/lang/invoke/MethodHandleImpl$Makers$1
Event: 3.676 Loading class java/lang/invoke/MethodHandleImpl$Makers$1 done
Event: 3.676 Loading class java/lang/invoke/MethodHandleImpl$Makers$2
Event: 3.676 Loading class java/lang/invoke/MethodHandleImpl$Makers$2 done
Event: 3.676 Loading class java/lang/invoke/MethodHandleImpl$Makers$3
Event: 3.676 Loading class java/lang/invoke/MethodHandleImpl$Makers$3 done
Event: 4.690 Loading class java/lang/StringIndexOutOfBoundsException
Event: 4.690 Loading class java/lang/StringIndexOutOfBoundsException done
Event: 4.691 Loading class java/lang/runtime/ObjectMethods$1
Event: 4.691 Loading class java/lang/runtime/ObjectMethods$1 done
Event: 4.695 Loading class java/lang/invoke/MethodHandleImpl$CountingWrapper
Event: 7.739 Loading class java/lang/invoke/MethodHandleImpl$CountingWrapper done
Event: 7.749 Loading class java/io/FileReader
Event: 7.749 Loading class java/io/FileReader done

Classes unloaded (7 events):
Event: 1.382 Thread 0x00000202a06beb90 Unloading class 0x00000202b81a5000 'java/lang/invoke/LambdaForm$MH+0x00000202b81a5000'
Event: 1.382 Thread 0x00000202a06beb90 Unloading class 0x00000202b81a4c00 'java/lang/invoke/LambdaForm$MH+0x00000202b81a4c00'
Event: 1.382 Thread 0x00000202a06beb90 Unloading class 0x00000202b81a4800 'java/lang/invoke/LambdaForm$MH+0x00000202b81a4800'
Event: 1.382 Thread 0x00000202a06beb90 Unloading class 0x00000202b81a4400 'java/lang/invoke/LambdaForm$MH+0x00000202b81a4400'
Event: 1.382 Thread 0x00000202a06beb90 Unloading class 0x00000202b81a4000 'java/lang/invoke/LambdaForm$BMH+0x00000202b81a4000'
Event: 1.382 Thread 0x00000202a06beb90 Unloading class 0x00000202b81a3c00 'java/lang/invoke/LambdaForm$DMH+0x00000202b81a3c00'
Event: 1.382 Thread 0x00000202a06beb90 Unloading class 0x00000202b81a2800 'java/lang/invoke/LambdaForm$DMH+0x00000202b81a2800'

Classes redefined (0 events):
No events

Internal exceptions (20 events):
Event: 1.552 Thread 0x000002028098f4b0 Exception <a 'java/lang/UnsatisfiedLinkError'{0x00000000d61a7948}: The specified procedure could not be found.
> (0x00000000d61a7948) 
thrown [s\src\hotspot\share\prims\jni.cpp, line 539]
Event: 1.554 Thread 0x000002028098f4b0 Exception <a 'java/io/FileNotFoundException'{0x00000000d62539e8}> (0x00000000d62539e8) 
thrown [s\src\hotspot\share\prims\jni.cpp, line 520]
Event: 1.554 Thread 0x00000202803407a0 Implicit null exception at 0x00000202ab574375 to 0x00000202ab574450
Event: 1.560 Thread 0x000002028098f4b0 Exception <a 'java/io/FileNotFoundException'{0x00000000d6401ae8}> (0x00000000d6401ae8) 
thrown [s\src\hotspot\share\prims\jni.cpp, line 520]
Event: 1.563 Thread 0x000002028098f4b0 Exception <a 'java/lang/UnsatisfiedLinkError'{0x00000000d64a9a80}: The specified procedure could not be found.
> (0x00000000d64a9a80) 
thrown [s\src\hotspot\share\prims\jni.cpp, line 539]
Event: 2.664 Thread 0x000002028221ad30 Exception <a 'java/lang/NoSuchMethodError'{0x00000000d6774d38}: 'java.lang.Object java.lang.invoke.DirectMethodHandle$Holder.invokeStaticInit(java.lang.Object, java.lang.Object, java.lang.Object, java.lang.Object, java.lang.Object, java.lang.Object, java.lang.Object)'> (0x00000000d6774d38) 
thrown [s\src\hotspot\share\interpreter\linkResolver.cpp, line 773]
Event: 3.675 Thread 0x000002028221ad30 Exception <a 'java/lang/NoSuchMethodError'{0x00000000d6779510}: 'java.lang.Object java.lang.invoke.Invokers$Holder.invoke_MT(java.lang.Object, java.lang.Object, java.lang.Object, java.lang.Object, java.lang.Object, java.lang.Object, java.lang.Object, java.lang.Object, java.lang.Object)'> (0x00000000d6779510) 
thrown [s\src\hotspot\share\interpreter\linkResolver.cpp, line 773]
Event: 4.691 Thread 0x000002028221ad30 Exception <a 'java/lang/NoSuchMethodError'{0x00000000d690ae28}: 'int java.lang.invoke.DirectMethodHandle$Holder.invokeVirtual(java.lang.Object, java.lang.Object, java.lang.Object)'> (0x00000000d690ae28) 
thrown [s\src\hotspot\share\interpreter\linkResolver.cpp, line 773]
Event: 4.691 Thread 0x000002028221ad30 Exception <a 'java/lang/NoSuchMethodError'{0x00000000d690eaf0}: 'int java.lang.invoke.DirectMethodHandle$Holder.invokeStaticInit(java.lang.Object, int, int)'> (0x00000000d690eaf0) 
thrown [s\src\hotspot\share\interpreter\linkResolver.cpp, line 773]
Event: 4.691 Thread 0x000002028221ad30 Exception <a 'java/lang/NoSuchMethodError'{0x00000000d6946150}: 'int java.lang.invoke.DirectMethodHandle$Holder.invokeStaticInit(java.lang.Object, long, long)'> (0x00000000d6946150) 
thrown [s\src\hotspot\share\interpreter\linkResolver.cpp, line 773]
Event: 4.692 Thread 0x000002028221ad30 Exception <a 'java/lang/NoSuchMethodError'{0x00000000d694c838}: 'int java.lang.invoke.DirectMethodHandle$Holder.invokeStaticInit(java.lang.Object, float, float)'> (0x00000000d694c838) 
thrown [s\src\hotspot\share\interpreter\linkResolver.cpp, line 773]
Event: 4.692 Thread 0x000002028221ad30 Exception <a 'java/lang/NoSuchMethodError'{0x00000000d69876e0}: 'int java.lang.invoke.DirectMethodHandle$Holder.invokeStaticInit(java.lang.Object, double, double)'> (0x00000000d69876e0) 
thrown [s\src\hotspot\share\interpreter\linkResolver.cpp, line 773]
Event: 4.692 Thread 0x000002028221ad30 Exception <a 'java/lang/NoSuchMethodError'{0x00000000d698b828}: 'int java.lang.invoke.DirectMethodHandle$Holder.invokeStatic(java.lang.Object, long)'> (0x00000000d698b828) 
thrown [s\src\hotspot\share\interpreter\linkResolver.cpp, line 773]
Event: 4.694 Thread 0x000002028098fb40 Exception <a 'java/lang/NoSuchMethodError'{0x00000000d69e0030}: 'int java.lang.invoke.Invokers$Holder.linkToTargetMethod(java.lang.Object, java.lang.Object)'> (0x00000000d69e0030) 
thrown [s\src\hotspot\share\interpreter\linkResolver.cpp, line 773]
Event: 4.694 Thread 0x000002028221ad30 Exception <a 'java/lang/NoSuchMethodError'{0x00000000d69d5e68}: 'int java.lang.invoke.Invokers$Holder.linkToTargetMethod(java.lang.Object, java.lang.Object)'> (0x00000000d69d5e68) 
thrown [s\src\hotspot\share\interpreter\linkResolver.cpp, line 773]
Event: 4.694 Thread 0x000002028098fb40 Exception <a 'java/lang/NoSuchMethodError'{0x00000000d6a05790}: 'int java.lang.invoke.DirectMethodHandle$Holder.invokeSpecial(java.lang.Object, java.lang.Object, java.lang.Object, java.lang.Object)'> (0x00000000d6a05790) 
thrown [s\src\hotspot\share\interpreter\linkResolver.cpp, line 773]
Event: 4.695 Thread 0x000002028098fb40 Exception <a 'java/lang/NoSuchMethodError'{0x00000000d6a873f8}: 'java.lang.Object java.lang.invoke.DirectMethodHandle$Holder.invokeStatic(java.lang.Object, int, java.lang.Object, java.lang.Object)'> (0x00000000d6a873f8) 
thrown [s\src\hotspot\share\interpreter\linkResolver.cpp, line 773]
Event: 4.695 Thread 0x000002028098fb40 Exception <a 'java/lang/NoSuchMethodError'{0x00000000d6a8abd8}: 'java.lang.Object java.lang.invoke.DelegatingMethodHandle$Holder.delegate(java.lang.Object, int, java.lang.Object, java.lang.Object)'> (0x00000000d6a8abd8) 
thrown [s\src\hotspot\share\interpreter\linkResolver.cpp, line 773]
Event: 7.740 Thread 0x000002028098fb40 Exception <a 'java/lang/NoSuchMethodError'{0x00000000d6b11790}: 'int java.lang.invoke.Invokers$Holder.linkToTargetMethod(java.lang.Object, java.lang.Object, java.lang.Object)'> (0x00000000d6b11790) 
thrown [s\src\hotspot\share\interpreter\linkResolver.cpp, line 773]
Event: 7.743 Thread 0x000002028098f4b0 Exception <a 'java/io/FileNotFoundException'{0x00000000d6b733d8}> (0x00000000d6b733d8) 
thrown [s\src\hotspot\share\prims\jni.cpp, line 520]

ZGC Phase Switch (0 events):
No events

VM Operations (20 events):
Event: 1.396 Executing VM operation: CollectForMetadataAllocation (Metadata GC Threshold) done
Event: 1.413 Executing VM operation: HandshakeAllThreads (Deoptimize)
Event: 1.413 Executing VM operation: HandshakeAllThreads (Deoptimize) done
Event: 1.489 Executing VM operation: ParallelGCFailedAllocation (Allocation Failure)
Event: 1.490 Executing VM operation: ParallelGCFailedAllocation (Allocation Failure) done
Event: 1.556 Executing VM operation: HandshakeAllThreads (Deoptimize)
Event: 1.556 Executing VM operation: HandshakeAllThreads (Deoptimize) done
Event: 1.583 Executing VM operation: ParallelGCFailedAllocation (Allocation Failure)
Event: 1.584 Executing VM operation: ParallelGCFailedAllocation (Allocation Failure) done
Event: 2.584 Executing VM operation: Cleanup
Event: 2.661 Executing VM operation: Cleanup done
Event: 4.689 Executing VM operation: Cleanup
Event: 4.689 Executing VM operation: Cleanup done
Event: 5.701 Executing VM operation: Cleanup
Event: 7.739 Executing VM operation: Cleanup done
Event: 7.741 Executing VM operation: HandshakeAllThreads (Deoptimize)
Event: 7.741 Executing VM operation: HandshakeAllThreads (Deoptimize) done
Event: 7.745 Executing VM operation: ParallelGCFailedAllocation (Allocation Failure)
Event: 7.746 Executing VM operation: ParallelGCFailedAllocation (Allocation Failure) done
Event: 9.753 Executing VM operation: Cleanup

Memory protections (0 events):
No events

Nmethod flushes (0 events):
No events

Events (20 events):
Event: 0.131 Thread 0x000002029e0d8ce0 Thread added: 0x00000202ff04b300
Event: 0.172 Thread 0x00000202f93c9de0 Thread added: 0x00000202ff03c0e0
Event: 0.471 Thread 0x000002029e0d8ce0 Thread added: 0x00000202800bfbf0
Event: 0.548 Thread 0x000002029e0d8ce0 Thread added: 0x00000202801ce7a0
Event: 0.564 Thread 0x00000202801ce7a0 Thread added: 0x00000202801ddcf0
Event: 0.565 Thread 0x000002029e0d8ce0 Thread added: 0x00000202803407a0
Event: 0.721 Thread 0x00000202803407a0 Thread added: 0x0000020280990ef0
Event: 0.856 Thread 0x00000202803407a0 Thread added: 0x00000202809922a0
Event: 0.975 Thread 0x00000202803407a0 Thread added: 0x0000020280991580
Event: 1.176 Thread 0x00000202803407a0 Thread added: 0x0000020280991c10
Event: 1.190 Thread 0x00000202803407a0 Thread added: 0x00000202809901d0
Event: 1.198 Thread 0x00000202803407a0 Thread added: 0x0000020280992930
Event: 1.433 Thread 0x00000202809901d0 Thread added: 0x000002028098f4b0
Event: 1.599 Thread 0x0000020280992930 Thread added: 0x000002028098fb40
Event: 2.661 Thread 0x000002028098fb40 Thread added: 0x000002028221ad30
Event: 2.661 Thread 0x00000202f9694a70 Thread exited: 0x00000202f9694a70
Event: 2.661 Thread 0x00000202f9698ba0 Thread exited: 0x00000202f9698ba0
Event: 2.662 Thread 0x000002028221ad30 Thread added: 0x000002028221a6a0
Event: 3.674 Thread 0x00000202f9492b80 Thread exited: 0x00000202f9492b80
Event: 7.748 Thread 0x00000202f93c9de0 Thread added: 0x0000020281e6ce30


Dynamic libraries:
0x00007ff68a120000 - 0x00007ff68a12e000 	c:\Users\slckc\.vscode\extensions\redhat.java-1.50.0-win32-x64\jre\21.0.9-win32-x86_64\bin\java.exe
0x00007ff84c860000 - 0x00007ff84cac7000 	C:\WINDOWS\SYSTEM32\ntdll.dll
0x00007ff84b3e0000 - 0x00007ff84b4a9000 	C:\WINDOWS\System32\KERNEL32.DLL
0x00007ff849ed0000 - 0x00007ff84a2bf000 	C:\WINDOWS\System32\KERNELBASE.dll
0x00007ff849d80000 - 0x00007ff849ecb000 	C:\WINDOWS\System32\ucrtbase.dll
0x00007ff82f8c0000 - 0x00007ff82f8d8000 	c:\Users\slckc\.vscode\extensions\redhat.java-1.50.0-win32-x64\jre\21.0.9-win32-x86_64\bin\jli.dll
0x00007ff82b620000 - 0x00007ff82b63e000 	c:\Users\slckc\.vscode\extensions\redhat.java-1.50.0-win32-x64\jre\21.0.9-win32-x86_64\bin\VCRUNTIME140.dll
0x00007ff84ab30000 - 0x00007ff84acf5000 	C:\WINDOWS\System32\USER32.dll
0x00007ff849d50000 - 0x00007ff849d77000 	C:\WINDOWS\System32\win32u.dll
0x00007ff82d5a0000 - 0x00007ff82d833000 	C:\WINDOWS\WinSxS\amd64_microsoft.windows.common-controls_6595b64144ccf1df_6.0.26100.7309_none_3e05feeae336a044\COMCTL32.dll
0x00007ff84aa80000 - 0x00007ff84aaab000 	C:\WINDOWS\System32\GDI32.dll
0x00007ff84ba30000 - 0x00007ff84bad9000 	C:\WINDOWS\System32\msvcrt.dll
0x00007ff84a360000 - 0x00007ff84a48c000 	C:\WINDOWS\System32\gdi32full.dll
0x00007ff84a490000 - 0x00007ff84a533000 	C:\WINDOWS\System32\msvcp_win.dll
0x00007ff84bca0000 - 0x00007ff84bcd1000 	C:\WINDOWS\System32\IMM32.DLL
0x00007ff827400000 - 0x00007ff8274f2000 	C:\Program Files\Windhawk\Engine\1.6.1\64\windhawk.dll
0x00007ff84bd90000 - 0x00007ff84be44000 	C:\WINDOWS\System32\ADVAPI32.dll
0x00007ff84a6d0000 - 0x00007ff84a776000 	C:\WINDOWS\System32\sechost.dll
0x00007ff84ad00000 - 0x00007ff84ae18000 	C:\WINDOWS\System32\RPCRT4.dll
0x00007ff8285f0000 - 0x00007ff828608000 	C:\ProgramData\Windhawk\Engine\Mods\64\remove-ms-store-open-with_1.0.0_714486.dll
0x00007ff84bed0000 - 0x00007ff84c623000 	C:\WINDOWS\System32\shell32.dll
0x00007ff8499b0000 - 0x00007ff849b1a000 	C:\WINDOWS\System32\wintypes.dll
0x00007ff84b050000 - 0x00007ff84b3d5000 	C:\WINDOWS\System32\combase.dll
0x00007ff840f30000 - 0x00007ff840f3c000 	c:\Users\slckc\.vscode\extensions\redhat.java-1.50.0-win32-x64\jre\21.0.9-win32-x86_64\bin\vcruntime140_1.dll
0x00007ff8063e0000 - 0x00007ff80646d000 	c:\Users\slckc\.vscode\extensions\redhat.java-1.50.0-win32-x64\jre\21.0.9-win32-x86_64\bin\msvcp140.dll
0x00007ffef8ac0000 - 0x00007ffef9860000 	c:\Users\slckc\.vscode\extensions\redhat.java-1.50.0-win32-x64\jre\21.0.9-win32-x86_64\bin\server\jvm.dll
0x00007ff84c7a0000 - 0x00007ff84c814000 	C:\WINDOWS\System32\WS2_32.dll
0x00007ff848590000 - 0x00007ff8485ee000 	C:\WINDOWS\SYSTEM32\POWRPROF.dll
0x00007ff842150000 - 0x00007ff84215b000 	C:\WINDOWS\SYSTEM32\VERSION.dll
0x00007ff83aff0000 - 0x00007ff83b025000 	C:\WINDOWS\SYSTEM32\WINMM.dll
0x00007ff848570000 - 0x00007ff848584000 	C:\WINDOWS\SYSTEM32\UMPDC.dll
0x00007ff848850000 - 0x00007ff84886b000 	C:\WINDOWS\SYSTEM32\kernel.appcore.dll
0x00007ff828200000 - 0x00007ff82820a000 	c:\Users\slckc\.vscode\extensions\redhat.java-1.50.0-win32-x64\jre\21.0.9-win32-x86_64\bin\jimage.dll
0x00007ff8477d0000 - 0x00007ff847a12000 	C:\WINDOWS\SYSTEM32\DBGHELP.DLL
0x00007ff84b4c0000 - 0x00007ff84b596000 	C:\WINDOWS\System32\OLEAUT32.dll
0x00007ff81a820000 - 0x00007ff81a85c000 	C:\WINDOWS\SYSTEM32\dbgcore.DLL
0x00007ff849ca0000 - 0x00007ff849d45000 	C:\WINDOWS\System32\bcryptPrimitives.dll
0x00007ff82f960000 - 0x00007ff82f96f000 	c:\Users\slckc\.vscode\extensions\redhat.java-1.50.0-win32-x64\jre\21.0.9-win32-x86_64\bin\instrument.dll
0x00007ff828120000 - 0x00007ff828140000 	c:\Users\slckc\.vscode\extensions\redhat.java-1.50.0-win32-x64\jre\21.0.9-win32-x86_64\bin\java.dll
0x00007ff8464f0000 - 0x00007ff846d4e000 	C:\WINDOWS\SYSTEM32\windows.storage.dll
0x00007ff84a960000 - 0x00007ff84aa55000 	C:\WINDOWS\System32\SHCORE.dll
0x00007ff84bcf0000 - 0x00007ff84bd56000 	C:\WINDOWS\System32\shlwapi.dll
0x00007ff8498d0000 - 0x00007ff8498f9000 	C:\WINDOWS\SYSTEM32\profapi.dll
0x00007ff8280b0000 - 0x00007ff8280c8000 	c:\Users\slckc\.vscode\extensions\redhat.java-1.50.0-win32-x64\jre\21.0.9-win32-x86_64\bin\zip.dll
0x00007ff828100000 - 0x00007ff828110000 	C:\Users\slckc\.vscode\extensions\redhat.java-1.50.0-win32-x64\jre\21.0.9-win32-x86_64\bin\net.dll
0x00007ff841490000 - 0x00007ff8415b8000 	C:\WINDOWS\SYSTEM32\WINHTTP.dll
0x00007ff848df0000 - 0x00007ff848e5b000 	C:\WINDOWS\system32\mswsock.dll
0x00007ff8258f0000 - 0x00007ff825906000 	C:\Users\slckc\.vscode\extensions\redhat.java-1.50.0-win32-x64\jre\21.0.9-win32-x86_64\bin\nio.dll
0x00007ff82f950000 - 0x00007ff82f960000 	c:\Users\slckc\.vscode\extensions\redhat.java-1.50.0-win32-x64\jre\21.0.9-win32-x86_64\bin\verify.dll
0x00007ff818730000 - 0x00007ff818774000 	C:\Users\slckc\AppData\Roaming\Code\User\globalStorage\redhat.java\1.50.0\config_win\org.eclipse.equinox.launcher\org.eclipse.equinox.launcher.win32.win32.x86_64_1.2.1400.v20250801-0854\eclipse_11916.dll
0x00007ff84ae20000 - 0x00007ff84afb7000 	C:\WINDOWS\System32\ole32.dll
0x00007ff8490b0000 - 0x00007ff8490cb000 	C:\WINDOWS\SYSTEM32\CRYPTSP.dll
0x00007ff8487b0000 - 0x00007ff8487ea000 	C:\WINDOWS\system32\rsaenh.dll
0x00007ff848ea0000 - 0x00007ff848ecb000 	C:\WINDOWS\SYSTEM32\USERENV.dll
0x00007ff8498a0000 - 0x00007ff8498ca000 	C:\WINDOWS\SYSTEM32\bcrypt.dll
0x00007ff8490d0000 - 0x00007ff8490dc000 	C:\WINDOWS\SYSTEM32\CRYPTBASE.dll
0x00007ff8481f0000 - 0x00007ff848224000 	C:\WINDOWS\SYSTEM32\IPHLPAPI.DLL
0x00007ff84bae0000 - 0x00007ff84baea000 	C:\WINDOWS\System32\NSI.dll
0x00007ff8127a0000 - 0x00007ff8127e9000 	C:\Users\slckc\AppData\Local\Temp\jna-109520898\jna12909289775700868259.dll
0x00007ff84bce0000 - 0x00007ff84bce8000 	C:\WINDOWS\System32\PSAPI.DLL
0x00007ff840eb0000 - 0x00007ff840ece000 	C:\WINDOWS\SYSTEM32\dhcpcsvc6.DLL
0x00007ff840bb0000 - 0x00007ff840bd3000 	C:\WINDOWS\SYSTEM32\dhcpcsvc.DLL

JVMTI agents:
c:\Users\slckc\.vscode\extensions\redhat.java-1.50.0-win32-x64\lombok\lombok-1.18.39-4050.jar path:c:\Users\slckc\.vscode\extensions\redhat.java-1.50.0-win32-x64\jre\21.0.9-win32-x86_64\bin\instrument.dll, loaded, initialized, instrumentlib options:none

dbghelp: loaded successfully - version: 4.0.5 - missing functions: none
symbol engine: initialized successfully - sym options: 0x614 - pdb path: .;c:\Users\slckc\.vscode\extensions\redhat.java-1.50.0-win32-x64\jre\21.0.9-win32-x86_64\bin;C:\WINDOWS\SYSTEM32;C:\WINDOWS\WinSxS\amd64_microsoft.windows.common-controls_6595b64144ccf1df_6.0.26100.7309_none_3e05feeae336a044;C:\Program Files\Windhawk\Engine\1.6.1\64;C:\ProgramData\Windhawk\Engine\Mods\64;c:\Users\slckc\.vscode\extensions\redhat.java-1.50.0-win32-x64\jre\21.0.9-win32-x86_64\bin\server;C:\Users\slckc\AppData\Roaming\Code\User\globalStorage\redhat.java\1.50.0\config_win\org.eclipse.equinox.launcher\org.eclipse.equinox.launcher.win32.win32.x86_64_1.2.1400.v20250801-0854;C:\Users\slckc\AppData\Local\Temp\jna-109520898

VM Arguments:
jvm_args: --add-modules=ALL-SYSTEM --add-opens=java.base/java.util=ALL-UNNAMED --add-opens=java.base/java.lang=ALL-UNNAMED --add-opens=java.base/sun.nio.fs=ALL-UNNAMED -Declipse.application=org.eclipse.jdt.ls.core.id1 -Dosgi.bundles.defaultStartLevel=4 -Declipse.product=org.eclipse.jdt.ls.core.product -Djava.import.generatesMetadataFilesAtProjectRoot=false -DDetectVMInstallationsJob.disabled=true -Dfile.encoding=utf8 -XX:+UseParallelGC -XX:GCTimeRatio=4 -XX:AdaptiveSizePolicyWeight=90 -Dsun.zip.disableMemoryMapping=true -Xmx2G -Xms100m -Xlog:disable -javaagent:c:\Users\slckc\.vscode\extensions\redhat.java-1.50.0-win32-x64\lombok\lombok-1.18.39-4050.jar -XX:+HeapDumpOnOutOfMemoryError -XX:HeapDumpPath=c:\Users\slckc\AppData\Roaming\Code\User\workspaceStorage\b5d2e1146c176a6eed179b0ba5530afd\redhat.java -Daether.dependencyCollector.impl=bf 
java_command: c:\Users\slckc\.vscode\extensions\redhat.java-1.50.0-win32-x64\server\plugins\org.eclipse.equinox.launcher_1.7.100.v20251111-0406.jar -configuration c:\Users\slckc\AppData\Roaming\Code\User\globalStorage\redhat.java\1.50.0\config_win -data c:\Users\slckc\AppData\Roaming\Code\User\workspaceStorage\b5d2e1146c176a6eed179b0ba5530afd\redhat.java\jdt_ws --pipe=\\.\pipe\lsp-7ee2c2b5cad31c1643ae3205cdafb8df-sock
java_class_path (initial): c:\Users\slckc\.vscode\extensions\redhat.java-1.50.0-win32-x64\server\plugins\org.eclipse.equinox.launcher_1.7.100.v20251111-0406.jar
Launcher Type: SUN_STANDARD

[Global flags]
    uintx AdaptiveSizePolicyWeight                 = 90                                        {product} {command line}
     intx CICompilerCount                          = 12                                        {product} {ergonomic}
    uintx GCTimeRatio                              = 4                                         {product} {command line}
     bool HeapDumpOnOutOfMemoryError               = true                                   {manageable} {command line}
    ccstr HeapDumpPath                             = c:\Users\slckc\AppData\Roaming\Code\User\workspaceStorage\b5d2e1146c176a6eed179b0ba5530afd\redhat.java         {manageable} {command line}
   size_t InitialHeapSize                          = 104857600                                 {product} {command line}
   size_t MaxHeapSize                              = 2147483648                                {product} {command line}
   size_t MaxNewSize                               = 715653120                                 {product} {ergonomic}
   size_t MinHeapDeltaBytes                        = 524288                                    {product} {ergonomic}
   size_t MinHeapSize                              = 104857600                                 {product} {command line}
   size_t NewSize                                  = 34603008                                  {product} {ergonomic}
    uintx NonNMethodCodeHeapSize                   = 7602480                                {pd product} {ergonomic}
    uintx NonProfiledCodeHeapSize                  = 122027880                              {pd product} {ergonomic}
   size_t OldSize                                  = 70254592                                  {product} {ergonomic}
    uintx ProfiledCodeHeapSize                     = 122027880                              {pd product} {ergonomic}
    uintx ReservedCodeCacheSize                    = 251658240                              {pd product} {ergonomic}
     bool SegmentedCodeCache                       = true                                      {product} {ergonomic}
   size_t SoftMaxHeapSize                          = 2147483648                             {manageable} {ergonomic}
     bool UseCompressedOops                        = true                           {product lp64_product} {ergonomic}
     bool UseLargePagesIndividualAllocation        = false                                  {pd product} {ergonomic}
     bool UseParallelGC                            = true                                      {product} {command line}

Logging:
Log output configuration:
 #0: stdout all=off uptime,level,tags foldmultilines=false
 #1: stderr all=off uptime,level,tags foldmultilines=false

Release file:
JAVA_VERSION="21.0.9" 
MODULES="java.base java.compiler java.datatransfer java.xml java.prefs java.desktop java.instrument java.logging java.management java.security.sasl java.naming java.rmi java.management.rmi java.net.http java.scripting java.security.jgss java.transaction.xa java.sql java.sql.rowset java.xml.crypto java.se java.smartcardio jdk.accessibility jdk.internal.jvmstat jdk.attach jdk.charsets jdk.internal.opt jdk.zipfs jdk.compiler jdk.crypto.ec jdk.crypto.cryptoki jdk.crypto.mscapi jdk.dynalink jdk.internal.ed jdk.editpad jdk.hotspot.agent jdk.httpserver jdk.internal.le jdk.internal.vm.ci jdk.internal.vm.compiler jdk.internal.vm.compiler.management jdk.jartool jdk.javadoc jdk.jcmd jdk.management jdk.management.agent jdk.jconsole jdk.jdeps jdk.jdwp.agent jdk.jdi jdk.jfr jdk.jshell jdk.jsobject jdk.jstatd jdk.localedata jdk.management.jfr jdk.naming.dns jdk.naming.rmi jdk.net jdk.nio.mapmode jdk.random jdk.sctp jdk.security.auth jdk.security.jgss jdk.unsupported jdk.unsupported.desktop jdk.xml.dom" 

Environment Variables:
PATH=C:\Program Files\NVIDIA GPU Computing Toolkit\CUDA\v13.1\bin\x64;C:\Program Files\NVIDIA GPU Computing Toolkit\CUDA\v13.1\bin;C:\Program Files (x86)\Common Files\Oracle\Java\java8path;C:\Program Files (x86)\Common Files\Oracle\Java\javapath;C:\Program Files\NVIDIA GPU Computing Toolkit\CUDA\v13.0\bin\x64;C:\Program Files\NVIDIA GPU Computing Toolkit\CUDA\v13.0\bin;C:\WINDOWS\system32;C:\WINDOWS;C:\WINDOWS\System32\Wbem;C:\WINDOWS\System32\WindowsPowerShell\v1.0\;C:\WINDOWS\System32\OpenSSH\;C:\Program Files (x86)\NVIDIA Corporation\PhysX\Common;C:\Program Files\dotnet\;C:\Program Files\Git\cmd;C:\Program Files\nodejs\;C:\ProgramData\chocolatey\bin;C:\Program Files\Apollo;C:\Program Files\Apollo\tools;C:\Program Files\NVIDIA Corporation\Nsight Compute 2025.1.1\;C:\Program Files\CMake\bin;C:\Program Files\NVIDIA Corporation\NVIDIA App\NvDLISR;C:\Program Files\NVIDIA Corporation\Nsight Compute 2025.4.0\;C:\Users\slckc\AppData\Local\Programs\Python\Python310\Scripts\;C:\Users\slckc\AppData\Local\Programs\Python\Python310\;C:\Users\slckc\AppData\Local\Microsoft\WindowsApps;C:\Users\slckc\AppData\Local\spicetify;C:\Users\slckc\AppData\Local\Programs\Microsoft VS Code\bin;C:\Users\slckc\AppData\Local\Microsoft\WinGet\Packages\Schniz.fnm_Microsoft.Winget.Source_8wekyb3d8bbwe;C:\Users\slckc\AppData\Roaming\npm;C:\Users\slckc\AppData\Local\Muse Hub\lib;C:\Users\slckc\AppData\Local\GitHubDesktop\bin;C:\Qt\6.9.0\msvc2022_64\bin;C:\Qt\Tools\Ninja;C:\Program Files\NVIDIA GPU Computing Toolkit\CUDA\v13.1;C:\ffmpeg\bin;
USERNAME=slckc
OS=Windows_NT
PROCESSOR_IDENTIFIER=AMD64 Family 26 Model 68 Stepping 0, AuthenticAMD
TMP=C:\Users\slckc\AppData\Local\Temp
TEMP=C:\Users\slckc\AppData\Local\Temp




Periodic native trim disabled

---------------  S Y S T E M  ---------------

OS:
 Windows 11 , 64 bit Build 26100 (10.0.26100.7309)
OS uptime: 0 days 10:43 hours
Hyper-V role detected

CPU: total 16 (initial active 16) (16 cores per cpu, 2 threads per core) family 26 model 68 stepping 0 microcode 0xb404023, cx8, cmov, fxsr, ht, mmx, 3dnowpref, sse, sse2, sse3, ssse3, sse4a, sse4.1, sse4.2, popcnt, lzcnt, tsc, tscinvbit, avx, avx2, aes, erms, clmul, bmi1, bmi2, adx, avx512f, avx512dq, avx512cd, avx512bw, avx512vl, sha, fma, vzeroupper, avx512_vpopcntdq, avx512_vpclmulqdq, avx512_vaes, avx512_vnni, clflush, clflushopt, avx512_vbmi2, avx512_vbmi, hv, rdtscp, rdpid, fsrm, gfni, avx512_bitalg, f16c, cet_ss, avx512_ifma
Processor Information for the first 16 processors :
  Max Mhz: 3800, Current Mhz: 3800, Mhz Limit: 3800

Memory: 4k page, system-wide physical 32361M (538M free)
TotalPageFile size 93303M (AvailPageFile size 1M)
current process WorkingSet (physical memory assigned to process): 171M, peak: 175M
current process commit charge ("private bytes"): 314M, peak: 319M

vm_info: OpenJDK 64-Bit Server VM (21.0.9+10-LTS) for windows-amd64 JRE (21.0.9+10-LTS), built on 2025-10-21T00:00:00Z by "admin" with unknown MS VC++:1942

END.
