#
# There is insufficient memory for the Java Runtime Environment to continue.
# Native memory allocation (malloc) failed to allocate 1048576 bytes. Error detail: AllocateHeap
# Possible reasons:
#   The system is out of physical RAM or swap space
#   This process is running with CompressedOops enabled, and the Java Heap may be blocking the growth of the native heap
# Possible solutions:
#   Reduce memory load on the system
#   Increase physical memory or swap space
#   Check if swap backing store is full
#   Decrease Java heap size (-Xmx/-Xms)
#   Decrease number of Java threads
#   Decrease Java thread stack sizes (-Xss)
#   Set larger code cache with -XX:ReservedCodeCacheSize=
#   JVM is running with Unscaled Compressed Oops mode in which the Java heap is
#     placed in the first 4GB address space. The Java Heap base address is the
#     maximum limit for the native heap growth. Please use -XX:HeapBaseMinAddress
#     to set the Java Heap base and to place the Java Heap above 4GB virtual address.
# This output file may be truncated or incomplete.
#
#  Out of Memory Error (allocation.cpp:44), pid=26632, tid=2936
#
# JRE version: OpenJDK Runtime Environment Temurin-21.0.9+10 (21.0.9+10) (build 21.0.9+10-LTS)
# Java VM: OpenJDK 64-Bit Server VM Temurin-21.0.9+10 (21.0.9+10-LTS, mixed mode, sharing, tiered, compressed oops, compressed class ptrs, parallel gc, windows-amd64)
# No core dump will be written. Minidumps are not enabled by default on client versions of Windows
#

---------------  S U M M A R Y ------------

Command Line: --add-modules=ALL-SYSTEM --add-opens=java.base/java.util=ALL-UNNAMED --add-opens=java.base/java.lang=ALL-UNNAMED --add-opens=java.base/sun.nio.fs=ALL-UNNAMED -Declipse.application=org.eclipse.jdt.ls.core.id1 -Dosgi.bundles.defaultStartLevel=4 -Declipse.product=org.eclipse.jdt.ls.core.product -Djava.import.generatesMetadataFilesAtProjectRoot=false -DDetectVMInstallationsJob.disabled=true -Dfile.encoding=utf8 -XX:+UseParallelGC -XX:GCTimeRatio=4 -XX:AdaptiveSizePolicyWeight=90 -Dsun.zip.disableMemoryMapping=true -Xmx2G -Xms100m -Xlog:disable -javaagent:c:\Users\slckc\.vscode\extensions\redhat.java-1.50.0-win32-x64\lombok\lombok-1.18.39-4050.jar -XX:+HeapDumpOnOutOfMemoryError -XX:HeapDumpPath=c:\Users\slckc\AppData\Roaming\Code\User\workspaceStorage\b5d2e1146c176a6eed179b0ba5530afd\redhat.java -Daether.dependencyCollector.impl=bf c:\Users\slckc\.vscode\extensions\redhat.java-1.50.0-win32-x64\server\plugins\org.eclipse.equinox.launcher_1.7.100.v20251111-0406.jar -configuration c:\Users\slckc\AppData\Roaming\Code\User\globalStorage\redhat.java\1.50.0\config_win -data c:\Users\slckc\AppData\Roaming\Code\User\workspaceStorage\b5d2e1146c176a6eed179b0ba5530afd\redhat.java\jdt_ws --pipe=\\.\pipe\lsp-06cea735a90e769b1892919d0c03bf46-sock

Host: AMD Ryzen 7 9700X 8-Core Processor             , 16 cores, 31G,  Windows 11 , 64 bit Build 26100 (10.0.26100.7309)
Time: Thu Dec 18 10:52:46 2025 Turkey Standard Time elapsed time: 30315.585797 seconds (0d 8h 25m 15s)

---------------  T H R E A D  ---------------

Current thread (0x00000148fd06bca0):  JavaThread "Attach Listener" daemon [_thread_in_vm, id=2936, stack(0x0000000335400000,0x0000000335500000) (1024K)]

Stack: [0x0000000335400000,0x0000000335500000]
Native frames: (J=compiled Java code, j=interpreted, Vv=VM code, C=native code)
V  [jvm.dll+0x6d6e29]
V  [jvm.dll+0x8b4b76]
V  [jvm.dll+0x8b712e]
V  [jvm.dll+0x8b7813]
V  [jvm.dll+0x283d86]
V  [jvm.dll+0xc1277]
V  [jvm.dll+0x6d76d9]
V  [jvm.dll+0x133466]
V  [jvm.dll+0x3f7ea6]
V  [jvm.dll+0x85e9ad]
V  [jvm.dll+0x6d565d]
C  [ucrtbase.dll+0x37b0]
C  [KERNEL32.DLL+0x2e8d7]
C  [ntdll.dll+0x8c53c]


---------------  P R O C E S S  ---------------

Threads class SMR info:
_java_thread_list=0x00000148c7cd6db0, length=54, elements={
0x00000148e2d140f0, 0x00000148fbc8adb0, 0x00000148fbc8bcc0, 0x00000148fd068db0,
0x00000148fd06bca0, 0x00000148fd070fb0, 0x00000148fd072f60, 0x00000148fd080950,
0x00000148fd082b90, 0x00000148fd30cf70, 0x00000148fe9bff40, 0x00000148c51e47a0,
0x00000148fd147b20, 0x00000148fd2825a0, 0x00000148ff0c6700, 0x00000148c56fff00,
0x00000148c56fe4c0, 0x00000148c56ff1e0, 0x00000148c56feb50, 0x00000148c56fd7a0,
0x00000148c6bb15b0, 0x00000148c6bafb70, 0x00000148c6bb22d0, 0x00000148c6bb2960,
0x00000148c6bb3680, 0x00000148c6bb1c40, 0x00000148c6bb0f20, 0x00000148c6bb2ff0,
0x00000148c6bb0200, 0x00000148c6bb3d10, 0x00000148c6bb0890, 0x00000148c6bb50c0,
0x00000148c6bb6470, 0x00000148c6bb5750, 0x00000148c6bb5de0, 0x00000148c6bb6b00,
0x00000148c6bb7190, 0x00000148c6bb43a0, 0x00000148c6bb4a30, 0x00000148c8de7b80,
0x00000148c8de5ab0, 0x00000148c8de6140, 0x00000148c8de8210, 0x00000148c8de6e60,
0x00000148c8de5420, 0x00000148c8debd20, 0x00000148c8deb690, 0x00000148c8deb000,
0x00000148c8dec3b0, 0x00000148c8de9c50, 0x00000148cbb13d80, 0x00000148cbb157c0,
0x00000148cbb15e50, 0x00000148cbb16b70
}

Java Threads: ( => current thread )
  0x00000148e2d140f0 JavaThread "main"                              [_thread_blocked, id=4376, stack(0x0000000334d00000,0x0000000334e00000) (1024K)]
  0x00000148fbc8adb0 JavaThread "Reference Handler"          daemon [_thread_blocked, id=29396, stack(0x0000000335100000,0x0000000335200000) (1024K)]
  0x00000148fbc8bcc0 JavaThread "Finalizer"                  daemon [_thread_blocked, id=8592, stack(0x0000000335200000,0x0000000335300000) (1024K)]
  0x00000148fd068db0 JavaThread "Signal Dispatcher"          daemon [_thread_blocked, id=21444, stack(0x0000000335300000,0x0000000335400000) (1024K)]
=>0x00000148fd06bca0 JavaThread "Attach Listener"            daemon [_thread_in_vm, id=2936, stack(0x0000000335400000,0x0000000335500000) (1024K)]
  0x00000148fd070fb0 JavaThread "Service Thread"             daemon [_thread_blocked, id=9596, stack(0x0000000335500000,0x0000000335600000) (1024K)]
  0x00000148fd072f60 JavaThread "Monitor Deflation Thread"   daemon [_thread_blocked, id=14968, stack(0x0000000335600000,0x0000000335700000) (1024K)]
  0x00000148fd080950 JavaThread "C2 CompilerThread0"         daemon [_thread_blocked, id=25872, stack(0x0000000335700000,0x0000000335800000) (1024K)]
  0x00000148fd082b90 JavaThread "C1 CompilerThread0"         daemon [_thread_blocked, id=19760, stack(0x0000000335800000,0x0000000335900000) (1024K)]
  0x00000148fd30cf70 JavaThread "Common-Cleaner"             daemon [_thread_blocked, id=4904, stack(0x0000000335d00000,0x0000000335e00000) (1024K)]
  0x00000148fe9bff40 JavaThread "Notification Thread"        daemon [_thread_blocked, id=13596, stack(0x0000000335f00000,0x0000000336000000) (1024K)]
  0x00000148c51e47a0 JavaThread "Active Thread: Equinox Container: 06d4110a-3fb9-4a01-95dd-6910c3932b1c"        [_thread_blocked, id=20100, stack(0x0000000336700000,0x0000000336800000) (1024K)]
  0x00000148fd147b20 JavaThread "Refresh Thread: Equinox Container: 06d4110a-3fb9-4a01-95dd-6910c3932b1c" daemon [_thread_blocked, id=12144, stack(0x0000000335900000,0x0000000335a00000) (1024K)]
  0x00000148fd2825a0 JavaThread "Framework Event Dispatcher: Equinox Container: 06d4110a-3fb9-4a01-95dd-6910c3932b1c" daemon [_thread_blocked, id=3076, stack(0x0000000335a00000,0x0000000335b00000) (1024K)]
  0x00000148ff0c6700 JavaThread "Start Level: Equinox Container: 06d4110a-3fb9-4a01-95dd-6910c3932b1c" daemon [_thread_blocked, id=3876, stack(0x0000000335b00000,0x0000000335c00000) (1024K)]
  0x00000148c56fff00 JavaThread "Bundle File Closer"         daemon [_thread_blocked, id=5928, stack(0x0000000336b00000,0x0000000336c00000) (1024K)]
  0x00000148c56fe4c0 JavaThread "SCR Component Actor"        daemon [_thread_blocked, id=21068, stack(0x0000000336c00000,0x0000000336d00000) (1024K)]
  0x00000148c56ff1e0 JavaThread "Worker-JM"                         [_thread_blocked, id=2032, stack(0x0000000337000000,0x0000000337100000) (1024K)]
  0x00000148c56feb50 JavaThread "JNA Cleaner"                daemon [_thread_blocked, id=16044, stack(0x0000000337400000,0x0000000337500000) (1024K)]
  0x00000148c56fd7a0 JavaThread "Java indexing"              daemon [_thread_blocked, id=6512, stack(0x0000000337800000,0x0000000337900000) (1024K)]
  0x00000148c6bb15b0 JavaThread "Worker-3"                          [_thread_blocked, id=8648, stack(0x0000000337c00000,0x0000000337d00000) (1024K)]
  0x00000148c6bafb70 JavaThread "Thread-1"                   daemon [_thread_in_native, id=5588, stack(0x0000000337d00000,0x0000000337e00000) (1024K)]
  0x00000148c6bb22d0 JavaThread "Thread-2"                   daemon [_thread_in_native, id=18056, stack(0x0000000337e00000,0x0000000337f00000) (1024K)]
  0x00000148c6bb2960 JavaThread "Thread-3"                   daemon [_thread_in_native, id=19248, stack(0x0000000337f00000,0x0000000338000000) (1024K)]
  0x00000148c6bb3680 JavaThread "Thread-4"                   daemon [_thread_in_native, id=3176, stack(0x0000000338000000,0x0000000338100000) (1024K)]
  0x00000148c6bb1c40 JavaThread "Thread-5"                   daemon [_thread_in_native, id=27908, stack(0x0000000338100000,0x0000000338200000) (1024K)]
  0x00000148c6bb0f20 JavaThread "Thread-6"                   daemon [_thread_in_native, id=28164, stack(0x0000000338200000,0x0000000338300000) (1024K)]
  0x00000148c6bb2ff0 JavaThread "Thread-7"                   daemon [_thread_in_native, id=27052, stack(0x0000000338300000,0x0000000338400000) (1024K)]
  0x00000148c6bb0200 JavaThread "Thread-8"                   daemon [_thread_in_native, id=26804, stack(0x0000000338400000,0x0000000338500000) (1024K)]
  0x00000148c6bb3d10 JavaThread "Thread-9"                   daemon [_thread_in_native, id=18084, stack(0x0000000338500000,0x0000000338600000) (1024K)]
  0x00000148c6bb0890 JavaThread "Thread-10"                  daemon [_thread_in_native, id=13280, stack(0x0000000338600000,0x0000000338700000) (1024K)]
  0x00000148c6bb50c0 JavaThread "Thread-11"                  daemon [_thread_in_native, id=8092, stack(0x0000000338700000,0x0000000338800000) (1024K)]
  0x00000148c6bb6470 JavaThread "Thread-12"                  daemon [_thread_in_native, id=4628, stack(0x0000000338800000,0x0000000338900000) (1024K)]
  0x00000148c6bb5750 JavaThread "Thread-13"                  daemon [_thread_in_native, id=29404, stack(0x0000000338900000,0x0000000338a00000) (1024K)]
  0x00000148c6bb5de0 JavaThread "Thread-14"                  daemon [_thread_in_native, id=28208, stack(0x0000000338a00000,0x0000000338b00000) (1024K)]
  0x00000148c6bb6b00 JavaThread "Thread-15"                  daemon [_thread_in_native, id=21248, stack(0x0000000338b00000,0x0000000338c00000) (1024K)]
  0x00000148c6bb7190 JavaThread "Thread-16"                  daemon [_thread_in_native, id=2840, stack(0x0000000338c00000,0x0000000338d00000) (1024K)]
  0x00000148c6bb43a0 JavaThread "Thread-17"                  daemon [_thread_in_native, id=28316, stack(0x0000000338d00000,0x0000000338e00000) (1024K)]
  0x00000148c6bb4a30 JavaThread "pool-2-thread-1"                   [_thread_blocked, id=11952, stack(0x0000000338e00000,0x0000000338f00000) (1024K)]
  0x00000148c8de7b80 JavaThread "Timer-0"                           [_thread_blocked, id=2372, stack(0x0000000339000000,0x0000000339100000) (1024K)]
  0x00000148c8de5ab0 JavaThread "Timer-1"                           [_thread_blocked, id=20512, stack(0x0000000339100000,0x0000000339200000) (1024K)]
  0x00000148c8de6140 JavaThread "WorkspaceEventsHandler"            [_thread_blocked, id=11948, stack(0x0000000339200000,0x0000000339300000) (1024K)]
  0x00000148c8de8210 JavaThread "pool-1-thread-1"                   [_thread_blocked, id=27428, stack(0x0000000339300000,0x0000000339400000) (1024K)]
  0x00000148c8de6e60 JavaThread "Worker-4"                          [_thread_blocked, id=28468, stack(0x0000000339700000,0x0000000339800000) (1024K)]
  0x00000148c8de5420 JavaThread "Timer-2"                           [_thread_blocked, id=12716, stack(0x0000000339400000,0x0000000339500000) (1024K)]
  0x00000148c8debd20 JavaThread "Timer-3"                           [_thread_blocked, id=15948, stack(0x0000000339a00000,0x0000000339b00000) (1024K)]
  0x00000148c8deb690 JavaThread "Timer-4"                           [_thread_blocked, id=10712, stack(0x0000000339b00000,0x0000000339c00000) (1024K)]
  0x00000148c8deb000 JavaThread "Timer-5"                           [_thread_blocked, id=3956, stack(0x0000000339c00000,0x0000000339d00000) (1024K)]
  0x00000148c8dec3b0 JavaThread "Timer-6"                           [_thread_blocked, id=7324, stack(0x0000000339d00000,0x0000000339e00000) (1024K)]
  0x00000148c8de9c50 JavaThread "Timer-7"                           [_thread_blocked, id=8132, stack(0x0000000339e00000,0x0000000339f00000) (1024K)]
  0x00000148cbb13d80 JavaThread "Timer-8"                           [_thread_blocked, id=26916, stack(0x0000000337100000,0x0000000337200000) (1024K)]
  0x00000148cbb157c0 JavaThread "Timer-9"                           [_thread_blocked, id=28872, stack(0x0000000337200000,0x0000000337300000) (1024K)]
  0x00000148cbb15e50 JavaThread "Timer-10"                          [_thread_blocked, id=4412, stack(0x0000000336e00000,0x0000000336f00000) (1024K)]
  0x00000148cbb16b70 JavaThread "Timer-11"                          [_thread_blocked, id=7188, stack(0x0000000336f00000,0x0000000337000000) (1024K)]
Total: 54

Other Threads:
  0x00000148fbc72f00 VMThread "VM Thread"                           [id=5424, stack(0x0000000335000000,0x0000000335100000) (1024K)]
  0x00000148fbb6c950 WatcherThread "VM Periodic Task Thread"        [id=11460, stack(0x0000000334f00000,0x0000000335000000) (1024K)]
  0x00000148e521b2a0 WorkerThread "GC Thread#0"                     [id=8384, stack(0x0000000334e00000,0x0000000334f00000) (1024K)]
  0x00000148fee616d0 WorkerThread "GC Thread#1"                     [id=13584, stack(0x0000000336100000,0x0000000336200000) (1024K)]
  0x00000148fee61a70 WorkerThread "GC Thread#2"                     [id=29672, stack(0x0000000336200000,0x0000000336300000) (1024K)]
  0x00000148fefff480 WorkerThread "GC Thread#3"                     [id=27692, stack(0x0000000336300000,0x0000000336400000) (1024K)]
  0x00000148fefffc30 WorkerThread "GC Thread#4"                     [id=26724, stack(0x0000000336400000,0x0000000336500000) (1024K)]
  0x00000148fec82070 WorkerThread "GC Thread#5"                     [id=19488, stack(0x0000000336500000,0x0000000336600000) (1024K)]
  0x00000148fec82410 WorkerThread "GC Thread#6"                     [id=23428, stack(0x0000000336600000,0x0000000336700000) (1024K)]
  0x00000148c523c2c0 WorkerThread "GC Thread#7"                     [id=4484, stack(0x0000000336800000,0x0000000336900000) (1024K)]
  0x00000148ff1075d0 WorkerThread "GC Thread#8"                     [id=26980, stack(0x0000000335e00000,0x0000000335f00000) (1024K)]
  0x00000148ff107970 WorkerThread "GC Thread#9"                     [id=8368, stack(0x0000000336000000,0x0000000336100000) (1024K)]
  0x00000148ff106af0 WorkerThread "GC Thread#10"                    [id=29208, stack(0x0000000336900000,0x0000000336a00000) (1024K)]
  0x00000148ff106e90 WorkerThread "GC Thread#11"                    [id=6668, stack(0x0000000336d00000,0x0000000336e00000) (1024K)]
  0x00000148ff107230 WorkerThread "GC Thread#12"                    [id=26944, stack(0x0000000337300000,0x0000000337400000) (1024K)]
Total: 15

Threads with active compile tasks:
Total: 0

VM state: not at safepoint (normal execution)

VM Mutex/Monitor currently owned by a thread: None

Heap address: 0x0000000080000000, size: 2048 MB, Compressed Oops mode: 32-bit

CDS archive(s) mapped at: [0x0000014880000000-0x0000014880ba0000-0x0000014880ba0000), size 12189696, SharedBaseAddress: 0x0000014880000000, ArchiveRelocationMode: 1.
Compressed class space mapped at: 0x0000014881000000-0x00000148c1000000, reserved size: 1073741824
Narrow klass base: 0x0000014880000000, Narrow klass shift: 0, Narrow klass range: 0x100000000

GC Precious Log:
 CardTable entry size: 512
 CPUs: 16 total, 16 available
 Memory: 32361M
 Large Page Support: Disabled
 NUMA Support: Disabled
 Compressed Oops: Enabled (32-bit)
 Alignments: Space 512K, Generation 512K, Heap 2M
 Heap Min Capacity: 100M
 Heap Initial Capacity: 100M
 Heap Max Capacity: 2G
 Pre-touch: Disabled
 Parallel Workers: 13

Heap:
 PSYoungGen      total 21504K, used 6333K [0x00000000d5580000, 0x00000000d6c00000, 0x0000000100000000)
  eden space 20992K, 27% used [0x00000000d5580000,0x00000000d5b37488,0x00000000d6a00000)
  from space 512K, 93% used [0x00000000d6b80000,0x00000000d6bf8000,0x00000000d6c00000)
  to   space 1024K, 0% used [0x00000000d6a00000,0x00000000d6a00000,0x00000000d6b00000)
 ParOldGen       total 68608K, used 42140K [0x0000000080000000, 0x0000000084300000, 0x00000000d5580000)
  object space 68608K, 61% used [0x0000000080000000,0x0000000082927100,0x0000000084300000)
 Metaspace       used 65892K, committed 67520K, reserved 1114112K
  class space    used 8324K, committed 9024K, reserved 1048576K

Card table byte_map: [0x00000148e4b80000,0x00000148e4f90000] _byte_map_base: 0x00000148e4780000

Marking Bits: (ParMarkBitMap*) 0x00007ffef9782460
 Begin Bits: [0x00000148f7690000, 0x00000148f9690000)
 End Bits:   [0x00000148f9690000, 0x00000148fb690000)

Polling page: 0x00000148e2fd0000

Metaspace:

Usage:
  Non-class:     56.22 MB used.
      Class:      8.13 MB used.
       Both:     64.35 MB used.

Virtual space:
  Non-class space:       64.00 MB reserved,      57.12 MB ( 89%) committed,  1 nodes.
      Class space:        1.00 GB reserved,       8.81 MB ( <1%) committed,  1 nodes.
             Both:        1.06 GB reserved,      65.94 MB (  6%) committed. 

Chunk freelists:
   Non-Class:  6.55 MB
       Class:  7.16 MB
        Both:  13.71 MB

MaxMetaspaceSize: unlimited
CompressedClassSpaceSize: 1.00 GB
Initial GC threshold: 21.00 MB
Current GC threshold: 97.31 MB
CDS: on
 - commit_granule_bytes: 65536.
 - commit_granule_words: 8192.
 - virtual_space_node_default_size: 8388608.
 - enlarge_chunks_in_place: 1.
 - use_allocation_guard: 0.


Internal statistics:

num_allocs_failed_limit: 11.
num_arena_births: 1314.
num_arena_deaths: 14.
num_vsnodes_births: 2.
num_vsnodes_deaths: 0.
num_space_committed: 1055.
num_space_uncommitted: 0.
num_chunks_returned_to_freelist: 25.
num_chunks_taken_from_freelist: 4431.
num_chunk_merges: 16.
num_chunk_splits: 2723.
num_chunks_enlarged: 1493.
num_inconsistent_stats: 0.

CodeHeap 'non-profiled nmethods': size=119168Kb used=5610Kb max_used=5610Kb free=113557Kb
 bounds [0x00000148eff80000, 0x00000148f0500000, 0x00000148f73e0000]
CodeHeap 'profiled nmethods': size=119104Kb used=16407Kb max_used=16407Kb free=102696Kb
 bounds [0x00000148e83e0000, 0x00000148e93f0000, 0x00000148ef830000]
CodeHeap 'non-nmethods': size=7488Kb used=1406Kb max_used=3173Kb free=6081Kb
 bounds [0x00000148ef830000, 0x00000148efbb0000, 0x00000148eff80000]
CodeCache: size=245760Kb, used=23423Kb, max_used=25190Kb, free=222334Kb
 total_blobs=8747, nmethods=8048, adapters=605, full_count=0
Compilation: enabled, stopped_count=0, restarted_count=0

Compilation events (20 events):
Event: 25088.284 Thread 0x00000148fd080950 8796       4       java.util.concurrent.locks.AbstractQueuedSynchronizer$Node::clearStatus (12 bytes)
Event: 25088.285 Thread 0x00000148fd080950 nmethod 8796 0x00000148f04f8c10 code [0x00000148f04f8da0, 0x00000148f04f8e30]
Event: 25506.992 Thread 0x00000148fd082b90 8797       3       org.eclipse.core.internal.resources.Resource::contains (131 bytes)
Event: 25506.996 Thread 0x00000148fd082b90 nmethod 8797 0x00000148e93e3c90 code [0x00000148e93e3f20, 0x00000148e93e4ec0]
Event: 25506.996 Thread 0x00000148fd082b90 8798       1       org.eclipse.core.internal.jobs.JobManager::getLockManager (5 bytes)
Event: 25506.996 Thread 0x00000148fd082b90 nmethod 8798 0x00000148f04f8f10 code [0x00000148f04f90a0, 0x00000148f04f9168]
Event: 26406.995 Thread 0x00000148fd080950 8799 %     4       java.util.Arrays::fill @ 5 (21 bytes)
Event: 26406.995 Thread 0x00000148fd082b90 8800       3       org.eclipse.core.runtime.ListenerList::<init> (43 bytes)
Event: 26406.996 Thread 0x00000148fd082b90 nmethod 8800 0x00000148e93e5290 code [0x00000148e93e5460, 0x00000148e93e5770]
Event: 26406.998 Thread 0x00000148fd080950 nmethod 8799% 0x00000148f04f9210 code [0x00000148f04f93a0, 0x00000148f04f9570]
Event: 28631.053 Thread 0x00000148fd080950 8801   !   4       java.util.concurrent.locks.AbstractQueuedSynchronizer$ConditionObject::newConditionNode (78 bytes)
Event: 28631.062 Thread 0x00000148fd080950 nmethod 8801 0x00000148f04f9690 code [0x00000148f04f9880, 0x00000148f04f9c30]
Event: 28661.054 Thread 0x00000148fd080950 8802   !   4       java.util.concurrent.locks.AbstractQueuedSynchronizer::reacquire (64 bytes)
Event: 28661.055 Thread 0x00000148fd080950 nmethod 8802 0x00000148f04f9f10 code [0x00000148f04fa0c0, 0x00000148f04fa2b0]
Event: 28898.381 Thread 0x00000148fd080950 8803       4       java.util.concurrent.locks.AbstractQueuedSynchronizer$ConditionObject::unlinkCancelledWaiters (91 bytes)
Event: 28898.382 Thread 0x00000148fd080950 nmethod 8803 0x00000148f04fa410 code [0x00000148f04fa5a0, 0x00000148f04fa708]
Event: 29107.105 Thread 0x00000148fd082b90 8804       3       org.eclipse.core.runtime.ListenerList$ListenerListIterator::next (39 bytes)
Event: 29107.107 Thread 0x00000148fd082b90 nmethod 8804 0x00000148e93e5890 code [0x00000148e93e5a40, 0x00000148e93e5c90]
Event: 30007.155 Thread 0x00000148fd082b90 8805       1       org.eclipse.core.internal.jobs.InternalJob::getPriority (5 bytes)
Event: 30007.155 Thread 0x00000148fd082b90 nmethod 8805 0x00000148f04fa890 code [0x00000148f04faa20, 0x00000148f04faae8]

GC Heap History (20 events):
Event: 9.023 GC heap before
{Heap before GC invocations=36 (full 3):
 PSYoungGen      total 22016K, used 21739K [0x00000000d5580000, 0x00000000d6c80000, 0x0000000100000000)
  eden space 20992K, 100% used [0x00000000d5580000,0x00000000d6a00000,0x00000000d6a00000)
  from space 1024K, 72% used [0x00000000d6b80000,0x00000000d6c3ac60,0x00000000d6c80000)
  to   space 1024K, 0% used [0x00000000d6a80000,0x00000000d6a80000,0x00000000d6b80000)
 ParOldGen       total 68608K, used 38567K [0x0000000080000000, 0x0000000084300000, 0x00000000d5580000)
  object space 68608K, 56% used [0x0000000080000000,0x00000000825a9e80,0x0000000084300000)
 Metaspace       used 58748K, committed 60096K, reserved 1114112K
  class space    used 7403K, committed 8000K, reserved 1048576K
}
Event: 9.023 GC heap after
{Heap after GC invocations=36 (full 3):
 PSYoungGen      total 22016K, used 912K [0x00000000d5580000, 0x00000000d6c00000, 0x0000000100000000)
  eden space 20992K, 0% used [0x00000000d5580000,0x00000000d5580000,0x00000000d6a00000)
  from space 1024K, 89% used [0x00000000d6a80000,0x00000000d6b64030,0x00000000d6b80000)
  to   space 512K, 0% used [0x00000000d6b80000,0x00000000d6b80000,0x00000000d6c00000)
 ParOldGen       total 68608K, used 38615K [0x0000000080000000, 0x0000000084300000, 0x00000000d5580000)
  object space 68608K, 56% used [0x0000000080000000,0x00000000825b5e80,0x0000000084300000)
 Metaspace       used 58748K, committed 60096K, reserved 1114112K
  class space    used 7403K, committed 8000K, reserved 1048576K
}
Event: 9.070 GC heap before
{Heap before GC invocations=37 (full 3):
 PSYoungGen      total 22016K, used 21904K [0x00000000d5580000, 0x00000000d6c00000, 0x0000000100000000)
  eden space 20992K, 100% used [0x00000000d5580000,0x00000000d6a00000,0x00000000d6a00000)
  from space 1024K, 89% used [0x00000000d6a80000,0x00000000d6b64030,0x00000000d6b80000)
  to   space 512K, 0% used [0x00000000d6b80000,0x00000000d6b80000,0x00000000d6c00000)
 ParOldGen       total 68608K, used 38615K [0x0000000080000000, 0x0000000084300000, 0x00000000d5580000)
  object space 68608K, 56% used [0x0000000080000000,0x00000000825b5e80,0x0000000084300000)
 Metaspace       used 58748K, committed 60096K, reserved 1114112K
  class space    used 7403K, committed 8000K, reserved 1048576K
}
Event: 9.070 GC heap after
{Heap after GC invocations=37 (full 3):
 PSYoungGen      total 21504K, used 405K [0x00000000d5580000, 0x00000000d6c00000, 0x0000000100000000)
  eden space 20992K, 0% used [0x00000000d5580000,0x00000000d5580000,0x00000000d6a00000)
  from space 512K, 79% used [0x00000000d6b80000,0x00000000d6be56b8,0x00000000d6c00000)
  to   space 1024K, 0% used [0x00000000d6a00000,0x00000000d6a00000,0x00000000d6b00000)
 ParOldGen       total 68608K, used 38663K [0x0000000080000000, 0x0000000084300000, 0x00000000d5580000)
  object space 68608K, 56% used [0x0000000080000000,0x00000000825c1e80,0x0000000084300000)
 Metaspace       used 58748K, committed 60096K, reserved 1114112K
  class space    used 7403K, committed 8000K, reserved 1048576K
}
Event: 9.115 GC heap before
{Heap before GC invocations=38 (full 3):
 PSYoungGen      total 21504K, used 21397K [0x00000000d5580000, 0x00000000d6c00000, 0x0000000100000000)
  eden space 20992K, 100% used [0x00000000d5580000,0x00000000d6a00000,0x00000000d6a00000)
  from space 512K, 79% used [0x00000000d6b80000,0x00000000d6be56b8,0x00000000d6c00000)
  to   space 1024K, 0% used [0x00000000d6a00000,0x00000000d6a00000,0x00000000d6b00000)
 ParOldGen       total 68608K, used 38663K [0x0000000080000000, 0x0000000084300000, 0x00000000d5580000)
  object space 68608K, 56% used [0x0000000080000000,0x00000000825c1e80,0x0000000084300000)
 Metaspace       used 58748K, committed 60096K, reserved 1114112K
  class space    used 7403K, committed 8000K, reserved 1048576K
}
Event: 9.115 GC heap after
{Heap after GC invocations=38 (full 3):
 PSYoungGen      total 22016K, used 610K [0x00000000d5580000, 0x00000000d6c00000, 0x0000000100000000)
  eden space 20992K, 0% used [0x00000000d5580000,0x00000000d5580000,0x00000000d6a00000)
  from space 1024K, 59% used [0x00000000d6a00000,0x00000000d6a988c8,0x00000000d6b00000)
  to   space 1024K, 0% used [0x00000000d6b00000,0x00000000d6b00000,0x00000000d6c00000)
 ParOldGen       total 68608K, used 38719K [0x0000000080000000, 0x0000000084300000, 0x00000000d5580000)
  object space 68608K, 56% used [0x0000000080000000,0x00000000825cfe80,0x0000000084300000)
 Metaspace       used 58748K, committed 60096K, reserved 1114112K
  class space    used 7403K, committed 8000K, reserved 1048576K
}
Event: 9.161 GC heap before
{Heap before GC invocations=39 (full 3):
 PSYoungGen      total 22016K, used 21602K [0x00000000d5580000, 0x00000000d6c00000, 0x0000000100000000)
  eden space 20992K, 100% used [0x00000000d5580000,0x00000000d6a00000,0x00000000d6a00000)
  from space 1024K, 59% used [0x00000000d6a00000,0x00000000d6a988c8,0x00000000d6b00000)
  to   space 1024K, 0% used [0x00000000d6b00000,0x00000000d6b00000,0x00000000d6c00000)
 ParOldGen       total 68608K, used 38719K [0x0000000080000000, 0x0000000084300000, 0x00000000d5580000)
  object space 68608K, 56% used [0x0000000080000000,0x00000000825cfe80,0x0000000084300000)
 Metaspace       used 58748K, committed 60096K, reserved 1114112K
  class space    used 7403K, committed 8000K, reserved 1048576K
}
Event: 9.162 GC heap after
{Heap after GC invocations=39 (full 3):
 PSYoungGen      total 21504K, used 261K [0x00000000d5580000, 0x00000000d6b80000, 0x0000000100000000)
  eden space 20992K, 0% used [0x00000000d5580000,0x00000000d5580000,0x00000000d6a00000)
  from space 512K, 51% used [0x00000000d6b00000,0x00000000d6b416b0,0x00000000d6b80000)
  to   space 512K, 0% used [0x00000000d6a80000,0x00000000d6a80000,0x00000000d6b00000)
 ParOldGen       total 68608K, used 38727K [0x0000000080000000, 0x0000000084300000, 0x00000000d5580000)
  object space 68608K, 56% used [0x0000000080000000,0x00000000825d1e80,0x0000000084300000)
 Metaspace       used 58748K, committed 60096K, reserved 1114112K
  class space    used 7403K, committed 8000K, reserved 1048576K
}
Event: 9.201 GC heap before
{Heap before GC invocations=40 (full 3):
 PSYoungGen      total 21504K, used 21253K [0x00000000d5580000, 0x00000000d6b80000, 0x0000000100000000)
  eden space 20992K, 100% used [0x00000000d5580000,0x00000000d6a00000,0x00000000d6a00000)
  from space 512K, 51% used [0x00000000d6b00000,0x00000000d6b416b0,0x00000000d6b80000)
  to   space 512K, 0% used [0x00000000d6a80000,0x00000000d6a80000,0x00000000d6b00000)
 ParOldGen       total 68608K, used 38727K [0x0000000080000000, 0x0000000084300000, 0x00000000d5580000)
  object space 68608K, 56% used [0x0000000080000000,0x00000000825d1e80,0x0000000084300000)
 Metaspace       used 58748K, committed 60096K, reserved 1114112K
  class space    used 7403K, committed 8000K, reserved 1048576K
}
Event: 9.202 GC heap after
{Heap after GC invocations=40 (full 3):
 PSYoungGen      total 21504K, used 288K [0x00000000d5580000, 0x00000000d6b80000, 0x0000000100000000)
  eden space 20992K, 0% used [0x00000000d5580000,0x00000000d5580000,0x00000000d6a00000)
  from space 512K, 56% used [0x00000000d6a80000,0x00000000d6ac8000,0x00000000d6b00000)
  to   space 512K, 0% used [0x00000000d6b00000,0x00000000d6b00000,0x00000000d6b80000)
 ParOldGen       total 68608K, used 38835K [0x0000000080000000, 0x0000000084300000, 0x00000000d5580000)
  object space 68608K, 56% used [0x0000000080000000,0x00000000825ecf50,0x0000000084300000)
 Metaspace       used 58748K, committed 60096K, reserved 1114112K
  class space    used 7403K, committed 8000K, reserved 1048576K
}
Event: 9.312 GC heap before
{Heap before GC invocations=41 (full 3):
 PSYoungGen      total 21504K, used 21280K [0x00000000d5580000, 0x00000000d6b80000, 0x0000000100000000)
  eden space 20992K, 100% used [0x00000000d5580000,0x00000000d6a00000,0x00000000d6a00000)
  from space 512K, 56% used [0x00000000d6a80000,0x00000000d6ac8000,0x00000000d6b00000)
  to   space 512K, 0% used [0x00000000d6b00000,0x00000000d6b00000,0x00000000d6b80000)
 ParOldGen       total 68608K, used 38835K [0x0000000080000000, 0x0000000084300000, 0x00000000d5580000)
  object space 68608K, 56% used [0x0000000080000000,0x00000000825ecf50,0x0000000084300000)
 Metaspace       used 61007K, committed 62464K, reserved 1114112K
  class space    used 7762K, committed 8384K, reserved 1048576K
}
Event: 9.312 GC heap after
{Heap after GC invocations=41 (full 3):
 PSYoungGen      total 21504K, used 480K [0x00000000d5580000, 0x00000000d6c00000, 0x0000000100000000)
  eden space 20992K, 0% used [0x00000000d5580000,0x00000000d5580000,0x00000000d6a00000)
  from space 512K, 93% used [0x00000000d6b00000,0x00000000d6b78010,0x00000000d6b80000)
  to   space 1024K, 0% used [0x00000000d6a00000,0x00000000d6a00000,0x00000000d6b00000)
 ParOldGen       total 68608K, used 39171K [0x0000000080000000, 0x0000000084300000, 0x00000000d5580000)
  object space 68608K, 57% used [0x0000000080000000,0x0000000082640f60,0x0000000084300000)
 Metaspace       used 61007K, committed 62464K, reserved 1114112K
  class space    used 7762K, committed 8384K, reserved 1048576K
}
Event: 12.712 GC heap before
{Heap before GC invocations=42 (full 3):
 PSYoungGen      total 21504K, used 21472K [0x00000000d5580000, 0x00000000d6c00000, 0x0000000100000000)
  eden space 20992K, 100% used [0x00000000d5580000,0x00000000d6a00000,0x00000000d6a00000)
  from space 512K, 93% used [0x00000000d6b00000,0x00000000d6b78010,0x00000000d6b80000)
  to   space 1024K, 0% used [0x00000000d6a00000,0x00000000d6a00000,0x00000000d6b00000)
 ParOldGen       total 68608K, used 39171K [0x0000000080000000, 0x0000000084300000, 0x00000000d5580000)
  object space 68608K, 57% used [0x0000000080000000,0x0000000082640f60,0x0000000084300000)
 Metaspace       used 63091K, committed 64576K, reserved 1114112K
  class space    used 8011K, committed 8704K, reserved 1048576K
}
Event: 12.713 GC heap after
{Heap after GC invocations=42 (full 3):
 PSYoungGen      total 22016K, used 1001K [0x00000000d5580000, 0x00000000d6e00000, 0x0000000100000000)
  eden space 20992K, 0% used [0x00000000d5580000,0x00000000d5580000,0x00000000d6a00000)
  from space 1024K, 97% used [0x00000000d6a00000,0x00000000d6afa6b0,0x00000000d6b00000)
  to   space 2048K, 0% used [0x00000000d6c00000,0x00000000d6c00000,0x00000000d6e00000)
 ParOldGen       total 68608K, used 39791K [0x0000000080000000, 0x0000000084300000, 0x00000000d5580000)
  object space 68608K, 57% used [0x0000000080000000,0x00000000826dbc90,0x0000000084300000)
 Metaspace       used 63091K, committed 64576K, reserved 1114112K
  class space    used 8011K, committed 8704K, reserved 1048576K
}
Event: 13.098 GC heap before
{Heap before GC invocations=43 (full 3):
 PSYoungGen      total 22016K, used 21993K [0x00000000d5580000, 0x00000000d6e00000, 0x0000000100000000)
  eden space 20992K, 100% used [0x00000000d5580000,0x00000000d6a00000,0x00000000d6a00000)
  from space 1024K, 97% used [0x00000000d6a00000,0x00000000d6afa6b0,0x00000000d6b00000)
  to   space 2048K, 0% used [0x00000000d6c00000,0x00000000d6c00000,0x00000000d6e00000)
 ParOldGen       total 68608K, used 39791K [0x0000000080000000, 0x0000000084300000, 0x00000000d5580000)
  object space 68608K, 57% used [0x0000000080000000,0x00000000826dbc90,0x0000000084300000)
 Metaspace       used 63746K, committed 65216K, reserved 1114112K
  class space    used 8097K, committed 8768K, reserved 1048576K
}
Event: 13.099 GC heap after
{Heap after GC invocations=43 (full 3):
 PSYoungGen      total 22528K, used 1078K [0x00000000d5580000, 0x00000000d6d80000, 0x0000000100000000)
  eden space 20992K, 0% used [0x00000000d5580000,0x00000000d5580000,0x00000000d6a00000)
  from space 1536K, 70% used [0x00000000d6c00000,0x00000000d6d0d8a0,0x00000000d6d80000)
  to   space 1536K, 0% used [0x00000000d6a80000,0x00000000d6a80000,0x00000000d6c00000)
 ParOldGen       total 68608K, used 40700K [0x0000000080000000, 0x0000000084300000, 0x00000000d5580000)
  object space 68608K, 59% used [0x0000000080000000,0x00000000827bf1e8,0x0000000084300000)
 Metaspace       used 63746K, committed 65216K, reserved 1114112K
  class space    used 8097K, committed 8768K, reserved 1048576K
}
Event: 13.282 GC heap before
{Heap before GC invocations=44 (full 3):
 PSYoungGen      total 22528K, used 22070K [0x00000000d5580000, 0x00000000d6d80000, 0x0000000100000000)
  eden space 20992K, 100% used [0x00000000d5580000,0x00000000d6a00000,0x00000000d6a00000)
  from space 1536K, 70% used [0x00000000d6c00000,0x00000000d6d0d8a0,0x00000000d6d80000)
  to   space 1536K, 0% used [0x00000000d6a80000,0x00000000d6a80000,0x00000000d6c00000)
 ParOldGen       total 68608K, used 40700K [0x0000000080000000, 0x0000000084300000, 0x00000000d5580000)
  object space 68608K, 59% used [0x0000000080000000,0x00000000827bf1e8,0x0000000084300000)
 Metaspace       used 65149K, committed 66688K, reserved 1114112K
  class space    used 8261K, committed 8960K, reserved 1048576K
}
Event: 13.282 GC heap after
{Heap after GC invocations=44 (full 3):
 PSYoungGen      total 22016K, used 888K [0x00000000d5580000, 0x00000000d6c80000, 0x0000000100000000)
  eden space 20992K, 0% used [0x00000000d5580000,0x00000000d5580000,0x00000000d6a00000)
  from space 1024K, 86% used [0x00000000d6a80000,0x00000000d6b5e1b8,0x00000000d6b80000)
  to   space 1024K, 0% used [0x00000000d6b80000,0x00000000d6b80000,0x00000000d6c80000)
 ParOldGen       total 68608K, used 41524K [0x0000000080000000, 0x0000000084300000, 0x00000000d5580000)
  object space 68608K, 60% used [0x0000000080000000,0x000000008288d1f8,0x0000000084300000)
 Metaspace       used 65149K, committed 66688K, reserved 1114112K
  class space    used 8261K, committed 8960K, reserved 1048576K
}
Event: 751.548 GC heap before
{Heap before GC invocations=45 (full 3):
 PSYoungGen      total 22016K, used 21880K [0x00000000d5580000, 0x00000000d6c80000, 0x0000000100000000)
  eden space 20992K, 100% used [0x00000000d5580000,0x00000000d6a00000,0x00000000d6a00000)
  from space 1024K, 86% used [0x00000000d6a80000,0x00000000d6b5e1b8,0x00000000d6b80000)
  to   space 1024K, 0% used [0x00000000d6b80000,0x00000000d6b80000,0x00000000d6c80000)
 ParOldGen       total 68608K, used 41524K [0x0000000080000000, 0x0000000084300000, 0x00000000d5580000)
  object space 68608K, 60% used [0x0000000080000000,0x000000008288d1f8,0x0000000084300000)
 Metaspace       used 65788K, committed 67392K, reserved 1114112K
  class space    used 8324K, committed 9024K, reserved 1048576K
}
Event: 751.548 GC heap after
{Heap after GC invocations=45 (full 3):
 PSYoungGen      total 21504K, used 480K [0x00000000d5580000, 0x00000000d6c00000, 0x0000000100000000)
  eden space 20992K, 0% used [0x00000000d5580000,0x00000000d5580000,0x00000000d6a00000)
  from space 512K, 93% used [0x00000000d6b80000,0x00000000d6bf8000,0x00000000d6c00000)
  to   space 1024K, 0% used [0x00000000d6a00000,0x00000000d6a00000,0x00000000d6b00000)
 ParOldGen       total 68608K, used 42140K [0x0000000080000000, 0x0000000084300000, 0x00000000d5580000)
  object space 68608K, 61% used [0x0000000080000000,0x0000000082927100,0x0000000084300000)
 Metaspace       used 65788K, committed 67392K, reserved 1114112K
  class space    used 8324K, committed 9024K, reserved 1048576K
}

Dll operation events (15 events):
Event: 0.005 Loaded shared library c:\Users\slckc\.vscode\extensions\redhat.java-1.50.0-win32-x64\jre\21.0.9-win32-x86_64\bin\java.dll
Event: 0.031 Loaded shared library c:\Users\slckc\.vscode\extensions\redhat.java-1.50.0-win32-x64\jre\21.0.9-win32-x86_64\bin\zip.dll
Event: 0.039 Loaded shared library C:\Users\slckc\.vscode\extensions\redhat.java-1.50.0-win32-x64\jre\21.0.9-win32-x86_64\bin\instrument.dll
Event: 0.041 Loaded shared library C:\Users\slckc\.vscode\extensions\redhat.java-1.50.0-win32-x64\jre\21.0.9-win32-x86_64\bin\net.dll
Event: 0.042 Loaded shared library C:\Users\slckc\.vscode\extensions\redhat.java-1.50.0-win32-x64\jre\21.0.9-win32-x86_64\bin\nio.dll
Event: 0.044 Loaded shared library C:\Users\slckc\.vscode\extensions\redhat.java-1.50.0-win32-x64\jre\21.0.9-win32-x86_64\bin\zip.dll
Event: 0.054 Loaded shared library C:\Users\slckc\.vscode\extensions\redhat.java-1.50.0-win32-x64\jre\21.0.9-win32-x86_64\bin\jimage.dll
Event: 0.118 Loaded shared library c:\Users\slckc\.vscode\extensions\redhat.java-1.50.0-win32-x64\jre\21.0.9-win32-x86_64\bin\verify.dll
Event: 2.628 Loaded shared library C:\Users\slckc\AppData\Roaming\Code\User\globalStorage\redhat.java\1.50.0\config_win\org.eclipse.equinox.launcher\org.eclipse.equinox.launcher.win32.win32.x86_64_1.2.1400.v20250801-0854\eclipse_11916.dll
Event: 6.459 Loaded shared library C:\Users\slckc\AppData\Local\Temp\jna-109520898\jna7053209381949654180.dll
Event: 7.789 Loaded shared library C:\Users\slckc\.gradle\native\1def1411415f61bf3af743bc5b6707747c0891f09f0c88961ee8f79bc544acac\windows-amd64\native-platform.dll
Event: 8.401 Loaded shared library C:\Users\slckc\.vscode\extensions\redhat.java-1.50.0-win32-x64\jre\21.0.9-win32-x86_64\bin\management.dll
Event: 8.402 Loaded shared library C:\Users\slckc\.vscode\extensions\redhat.java-1.50.0-win32-x64\jre\21.0.9-win32-x86_64\bin\management_ext.dll
Event: 9.235 Loaded shared library C:\Users\slckc\.vscode\extensions\redhat.java-1.50.0-win32-x64\jre\21.0.9-win32-x86_64\bin\extnet.dll
Event: 10.597 Loaded shared library C:\Users\slckc\.vscode\extensions\redhat.java-1.50.0-win32-x64\jre\21.0.9-win32-x86_64\bin\sunmscapi.dll

Deoptimization events (20 events):
Event: 751.560 Thread 0x00000148c8de6140 DEOPT PACKING pc=0x00000148e9370778 sp=0x00000003392fedc0
Event: 751.560 Thread 0x00000148c8de6140 DEOPT UNPACKING pc=0x00000148ef8878e2 sp=0x00000003392fe2a0 mode 0
Event: 2294.850 Thread 0x00000148cbb157c0 DEOPT PACKING pc=0x00000148e93b23ab sp=0x00000003372ff370
Event: 2294.850 Thread 0x00000148cbb157c0 DEOPT UNPACKING pc=0x00000148ef8878e2 sp=0x00000003372fe858 mode 0
Event: 2465.511 Thread 0x00000148c8deb690 DEOPT PACKING pc=0x00000148e93b23ab sp=0x0000000339bff6c0
Event: 2465.511 Thread 0x00000148c8deb690 DEOPT UNPACKING pc=0x00000148ef8878e2 sp=0x0000000339bfeba8 mode 0
Event: 2663.623 Thread 0x00000148c8de7b80 DEOPT PACKING pc=0x00000148e93b23ab sp=0x00000003390ff210
Event: 2663.623 Thread 0x00000148c8de7b80 DEOPT UNPACKING pc=0x00000148ef8878e2 sp=0x00000003390fe6f8 mode 0
Event: 2912.516 Thread 0x00000148c8deb000 DEOPT PACKING pc=0x00000148e93b23ab sp=0x0000000339cff570
Event: 2912.517 Thread 0x00000148c8deb000 DEOPT UNPACKING pc=0x00000148ef8878e2 sp=0x0000000339cfea58 mode 0
Event: 3256.498 Thread 0x00000148c8debd20 DEOPT PACKING pc=0x00000148e93b23ab sp=0x0000000339aff4c0
Event: 3256.498 Thread 0x00000148c8debd20 DEOPT UNPACKING pc=0x00000148ef8878e2 sp=0x0000000339afe9a8 mode 0
Event: 3704.332 Thread 0x00000148cbb13d80 DEOPT PACKING pc=0x00000148e93b23ab sp=0x00000003371ff000
Event: 3704.332 Thread 0x00000148cbb13d80 DEOPT UNPACKING pc=0x00000148ef8878e2 sp=0x00000003371fe4e8 mode 0
Event: 4368.039 Thread 0x00000148c8de9c50 DEOPT PACKING pc=0x00000148e93b23ab sp=0x0000000339eff140
Event: 4368.039 Thread 0x00000148c8de9c50 DEOPT UNPACKING pc=0x00000148ef8878e2 sp=0x0000000339efe628 mode 0
Event: 5350.140 Thread 0x00000148c8de5ab0 DEOPT PACKING pc=0x00000148e93b23ab sp=0x00000003391ff5b0
Event: 5350.140 Thread 0x00000148c8de5ab0 DEOPT UNPACKING pc=0x00000148ef8878e2 sp=0x00000003391fea98 mode 0
Event: 7270.131 Thread 0x00000148cbb15e50 DEOPT PACKING pc=0x00000148e93b23ab sp=0x0000000336eff1d0
Event: 7270.131 Thread 0x00000148cbb15e50 DEOPT UNPACKING pc=0x00000148ef8878e2 sp=0x0000000336efe6b8 mode 0

Classes loaded (20 events):
Event: 30.645 Loading class sun/nio/cs/Surrogate
Event: 30.645 Loading class sun/nio/cs/Surrogate done
Event: 313.304 Loading class java/util/concurrent/ForkJoinTask$AdaptedCallable
Event: 313.305 Loading class java/util/concurrent/ForkJoinTask$AdaptedCallable done
Event: 313.306 Loading class java/util/stream/Nodes$CollectorTask$OfRef
Event: 313.306 Loading class java/util/stream/Nodes$CollectorTask
Event: 313.306 Loading class java/util/stream/Nodes$CollectorTask done
Event: 313.306 Loading class java/util/stream/Nodes$CollectorTask$OfRef done
Event: 313.306 Loading class java/util/function/LongFunction
Event: 313.306 Loading class java/util/function/LongFunction done
Event: 313.306 Loading class java/util/stream/Nodes$ConcNode
Event: 313.306 Loading class java/util/stream/Nodes$AbstractConcNode
Event: 313.306 Loading class java/util/stream/Nodes$AbstractConcNode done
Event: 313.306 Loading class java/util/stream/Nodes$ConcNode done
Event: 751.372 Loading class java/util/stream/DistinctOps
Event: 751.372 Loading class java/util/stream/DistinctOps done
Event: 751.372 Loading class java/util/stream/DistinctOps$1
Event: 751.372 Loading class java/util/stream/DistinctOps$1 done
Event: 751.374 Loading class java/util/stream/DistinctOps$1$2
Event: 751.374 Loading class java/util/stream/DistinctOps$1$2 done

Classes unloaded (7 events):
Event: 6.647 Thread 0x00000148fbc72f00 Unloading class 0x00000148811a2800 'java/lang/invoke/LambdaForm$MH+0x00000148811a2800'
Event: 6.647 Thread 0x00000148fbc72f00 Unloading class 0x00000148811a2400 'java/lang/invoke/LambdaForm$MH+0x00000148811a2400'
Event: 6.647 Thread 0x00000148fbc72f00 Unloading class 0x00000148811a2000 'java/lang/invoke/LambdaForm$MH+0x00000148811a2000'
Event: 6.647 Thread 0x00000148fbc72f00 Unloading class 0x00000148811a1c00 'java/lang/invoke/LambdaForm$MH+0x00000148811a1c00'
Event: 6.647 Thread 0x00000148fbc72f00 Unloading class 0x00000148811a1800 'java/lang/invoke/LambdaForm$BMH+0x00000148811a1800'
Event: 6.647 Thread 0x00000148fbc72f00 Unloading class 0x00000148811a1400 'java/lang/invoke/LambdaForm$DMH+0x00000148811a1400'
Event: 6.647 Thread 0x00000148fbc72f00 Unloading class 0x00000148811a0000 'java/lang/invoke/LambdaForm$DMH+0x00000148811a0000'

Classes redefined (0 events):
No events

Internal exceptions (20 events):
Event: 13.117 Thread 0x00000148c8dea970 Exception <a 'sun/nio/fs/WindowsException'{0x00000000d5757128}> (0x00000000d5757128) 
thrown [s\src\hotspot\share\prims\jni.cpp, line 520]
Event: 13.117 Thread 0x00000148c8dea970 Exception <a 'sun/nio/fs/WindowsException'{0x00000000d575ceb8}> (0x00000000d575ceb8) 
thrown [s\src\hotspot\share\prims\jni.cpp, line 520]
Event: 13.117 Thread 0x00000148c8dea970 Exception <a 'sun/nio/fs/WindowsException'{0x00000000d5760840}> (0x00000000d5760840) 
thrown [s\src\hotspot\share\prims\jni.cpp, line 520]
Event: 13.117 Thread 0x00000148c8dea970 Exception <a 'sun/nio/fs/WindowsException'{0x00000000d5765598}> (0x00000000d5765598) 
thrown [s\src\hotspot\share\prims\jni.cpp, line 520]
Event: 13.118 Thread 0x00000148c8dea970 Exception <a 'sun/nio/fs/WindowsException'{0x00000000d576add8}> (0x00000000d576add8) 
thrown [s\src\hotspot\share\prims\jni.cpp, line 520]
Event: 13.130 Thread 0x00000148c8de8210 Exception <a 'sun/nio/fs/WindowsException'{0x00000000d58af620}> (0x00000000d58af620) 
thrown [s\src\hotspot\share\prims\jni.cpp, line 520]
Event: 13.130 Thread 0x00000148c8de8210 Exception <a 'sun/nio/fs/WindowsException'{0x00000000d58afed0}> (0x00000000d58afed0) 
thrown [s\src\hotspot\share\prims\jni.cpp, line 520]
Event: 13.130 Thread 0x00000148c8de8210 Exception <a 'sun/nio/fs/WindowsException'{0x00000000d58b3f28}> (0x00000000d58b3f28) 
thrown [s\src\hotspot\share\prims\jni.cpp, line 520]
Event: 13.130 Thread 0x00000148c8de8210 Exception <a 'sun/nio/fs/WindowsException'{0x00000000d58b4578}> (0x00000000d58b4578) 
thrown [s\src\hotspot\share\prims\jni.cpp, line 520]
Event: 13.140 Thread 0x00000148c8de8210 Exception <a 'sun/nio/fs/WindowsException'{0x00000000d5bddb40}> (0x00000000d5bddb40) 
thrown [s\src\hotspot\share\prims\jni.cpp, line 520]
Event: 13.140 Thread 0x00000148c8de8210 Exception <a 'sun/nio/fs/WindowsException'{0x00000000d5bde8a8}> (0x00000000d5bde8a8) 
thrown [s\src\hotspot\share\prims\jni.cpp, line 520]
Event: 13.140 Thread 0x00000148c8de8210 Exception <a 'sun/nio/fs/WindowsException'{0x00000000d5bea8b8}> (0x00000000d5bea8b8) 
thrown [s\src\hotspot\share\prims\jni.cpp, line 520]
Event: 13.140 Thread 0x00000148c8de8210 Exception <a 'sun/nio/fs/WindowsException'{0x00000000d5beb438}> (0x00000000d5beb438) 
thrown [s\src\hotspot\share\prims\jni.cpp, line 520]
Event: 13.164 Thread 0x00000148c5700590 Exception <a 'java/lang/NoSuchMethodError'{0x00000000d6049000}: 'java.lang.Object java.lang.invoke.DirectMethodHandle$Holder.invokeStatic(java.lang.Object, java.lang.Object, int, java.lang.Object)'> (0x00000000d6049000) 
thrown [s\src\hotspot\share\interpreter\linkResolver.cpp, line 773]
Event: 13.181 Thread 0x00000148c5700590 Exception <a 'java/io/FileNotFoundException'{0x00000000d630d798}> (0x00000000d630d798) 
thrown [s\src\hotspot\share\prims\jni.cpp, line 520]
Event: 13.182 Thread 0x00000148c5700590 Exception <a 'java/io/FileNotFoundException'{0x00000000d630e500}> (0x00000000d630e500) 
thrown [s\src\hotspot\share\prims\jni.cpp, line 520]
Event: 13.188 Thread 0x00000148c8de8210 Exception <a 'java/lang/IncompatibleClassChangeError'{0x00000000d637e578}: Found class java.lang.Object, but interface was expected> (0x00000000d637e578) 
thrown [s\src\hotspot\share\interpreter\linkResolver.cpp, line 840]
Event: 13.276 Thread 0x00000148c8de95c0 Implicit null exception at 0x00000148f0444134 to 0x00000148f04444b4
Event: 313.313 Thread 0x00000148c6bb15b0 Exception <a 'java/lang/NoSuchMethodError'{0x00000000d5e6d490}: 'java.lang.Object java.lang.invoke.DirectMethodHandle$Holder.newInvokeSpecial(java.lang.Object, java.lang.Object, java.lang.Object, java.lang.Object, java.lang.Object, java.lang.Object, java.lang.Object, java.lang.Object)'> (0x00000000d5e6d490) 
thrown [s\src\hotspot\share\interpreter\linkResolver.cpp, line 773]
Event: 494.568 Thread 0x00000148c8de8210 Exception <a 'java/lang/IncompatibleClassChangeError'{0x00000000d5f0e100}: Found class java.lang.Object, but interface was expected> (0x00000000d5f0e100) 
thrown [s\src\hotspot\share\interpreter\linkResolver.cpp, line 840]

ZGC Phase Switch (0 events):
No events

VM Operations (20 events):
Event: 30018.435 Executing VM operation: HandshakeAllThreads (HandshakeForDeflation)
Event: 30018.435 Executing VM operation: HandshakeAllThreads (HandshakeForDeflation) done
Event: 30018.435 Executing VM operation: RendezvousGCThreads
Event: 30018.435 Executing VM operation: RendezvousGCThreads done
Event: 30078.592 Executing VM operation: HandshakeAllThreads (HandshakeForDeflation)
Event: 30078.592 Executing VM operation: HandshakeAllThreads (HandshakeForDeflation) done
Event: 30078.592 Executing VM operation: RendezvousGCThreads
Event: 30078.592 Executing VM operation: RendezvousGCThreads done
Event: 30138.746 Executing VM operation: HandshakeAllThreads (HandshakeForDeflation)
Event: 30138.746 Executing VM operation: HandshakeAllThreads (HandshakeForDeflation) done
Event: 30138.746 Executing VM operation: RendezvousGCThreads
Event: 30138.746 Executing VM operation: RendezvousGCThreads done
Event: 30198.897 Executing VM operation: HandshakeAllThreads (HandshakeForDeflation)
Event: 30198.897 Executing VM operation: HandshakeAllThreads (HandshakeForDeflation) done
Event: 30198.897 Executing VM operation: RendezvousGCThreads
Event: 30198.897 Executing VM operation: RendezvousGCThreads done
Event: 30259.053 Executing VM operation: HandshakeAllThreads (HandshakeForDeflation)
Event: 30259.053 Executing VM operation: HandshakeAllThreads (HandshakeForDeflation) done
Event: 30259.053 Executing VM operation: RendezvousGCThreads
Event: 30259.053 Executing VM operation: RendezvousGCThreads done

Memory protections (0 events):
No events

Nmethod flushes (20 events):
Event: 8.805 Thread 0x00000148fbc72f00 flushing  nmethod 0x00000148e8ccc610
Event: 8.805 Thread 0x00000148fbc72f00 flushing  nmethod 0x00000148e8ccce90
Event: 8.805 Thread 0x00000148fbc72f00 flushing  nmethod 0x00000148e8ccd490
Event: 8.805 Thread 0x00000148fbc72f00 flushing  nmethod 0x00000148e8ccef90
Event: 8.805 Thread 0x00000148fbc72f00 flushing  nmethod 0x00000148e8ce0990
Event: 8.805 Thread 0x00000148fbc72f00 flushing  nmethod 0x00000148e8ceb290
Event: 8.805 Thread 0x00000148fbc72f00 flushing  nmethod 0x00000148e8cfba90
Event: 8.805 Thread 0x00000148fbc72f00 flushing  nmethod 0x00000148e8d10f10
Event: 8.805 Thread 0x00000148fbc72f00 flushing  nmethod 0x00000148e8d17890
Event: 8.805 Thread 0x00000148fbc72f00 flushing osr nmethod 0x00000148e8d26790
Event: 8.805 Thread 0x00000148fbc72f00 flushing  nmethod 0x00000148e8d47d10
Event: 8.805 Thread 0x00000148fbc72f00 flushing  nmethod 0x00000148e8d48710
Event: 8.805 Thread 0x00000148fbc72f00 flushing  nmethod 0x00000148e8d4a210
Event: 8.805 Thread 0x00000148fbc72f00 flushing  nmethod 0x00000148e8d4bb10
Event: 8.805 Thread 0x00000148fbc72f00 flushing  nmethod 0x00000148e8d4e290
Event: 8.805 Thread 0x00000148fbc72f00 flushing  nmethod 0x00000148e8d51090
Event: 8.805 Thread 0x00000148fbc72f00 flushing  nmethod 0x00000148e8d56b90
Event: 8.805 Thread 0x00000148fbc72f00 flushing  nmethod 0x00000148e8d57710
Event: 8.805 Thread 0x00000148fbc72f00 flushing  nmethod 0x00000148e8d57c90
Event: 8.805 Thread 0x00000148fbc72f00 flushing  nmethod 0x00000148e8d97c90

Events (20 events):
Event: 40.999 Thread 0x00000148cb329e00 Thread exited: 0x00000148cb329e00
Event: 40.999 Thread 0x00000148cb32b270 Thread exited: 0x00000148cb32b270
Event: 69.495 Thread 0x00000148cbb164e0 Thread exited: 0x00000148cbb164e0
Event: 69.495 Thread 0x00000148cbb14410 Thread exited: 0x00000148cbb14410
Event: 69.498 Thread 0x00000148cbb14aa0 Thread exited: 0x00000148cbb14aa0
Event: 73.198 Thread 0x00000148c9728330 Thread exited: 0x00000148c9728330
Event: 74.176 Thread 0x00000148c8dea970 Thread exited: 0x00000148c8dea970
Event: 74.176 Thread 0x00000148c5700590 Thread exited: 0x00000148c5700590
Event: 74.176 Thread 0x00000148c8de8f30 Thread exited: 0x00000148c8de8f30
Event: 74.506 Thread 0x00000148c5700c20 Thread exited: 0x00000148c5700c20
Event: 74.557 Thread 0x00000148c56fde30 Thread exited: 0x00000148c56fde30
Event: 133.198 Thread 0x00000148c9725bd0 Thread exited: 0x00000148c9725bd0
Event: 193.198 Thread 0x00000148c9727ca0 Thread exited: 0x00000148c9727ca0
Event: 253.199 Thread 0x00000148c9729050 Thread exited: 0x00000148c9729050
Event: 313.305 Thread 0x00000148c6bb15b0 Thread added: 0x00000148c97289c0
Event: 313.306 Thread 0x00000148c97289c0 Thread exited: 0x00000148c97289c0
Event: 313.310 Thread 0x00000148c6bb15b0 Thread added: 0x00000148c9726260
Event: 313.311 Thread 0x00000148c9726260 Thread exited: 0x00000148c9726260
Event: 474.440 Thread 0x00000148c8de8210 Thread added: 0x00000148c9728330
Event: 534.446 Thread 0x00000148c9728330 Thread exited: 0x00000148c9728330


Dynamic libraries:
0x00007ff68a120000 - 0x00007ff68a12e000 	c:\Users\slckc\.vscode\extensions\redhat.java-1.50.0-win32-x64\jre\21.0.9-win32-x86_64\bin\java.exe
0x00007ff84c860000 - 0x00007ff84cac7000 	C:\WINDOWS\SYSTEM32\ntdll.dll
0x00007ff84b3e0000 - 0x00007ff84b4a9000 	C:\WINDOWS\System32\KERNEL32.DLL
0x00007ff849ed0000 - 0x00007ff84a2bf000 	C:\WINDOWS\System32\KERNELBASE.dll
0x00007ff849d80000 - 0x00007ff849ecb000 	C:\WINDOWS\System32\ucrtbase.dll
0x00007ff82b620000 - 0x00007ff82b63e000 	c:\Users\slckc\.vscode\extensions\redhat.java-1.50.0-win32-x64\jre\21.0.9-win32-x86_64\bin\VCRUNTIME140.dll
0x00007ff82f8c0000 - 0x00007ff82f8d8000 	c:\Users\slckc\.vscode\extensions\redhat.java-1.50.0-win32-x64\jre\21.0.9-win32-x86_64\bin\jli.dll
0x00007ff84ab30000 - 0x00007ff84acf5000 	C:\WINDOWS\System32\USER32.dll
0x00007ff82d5a0000 - 0x00007ff82d833000 	C:\WINDOWS\WinSxS\amd64_microsoft.windows.common-controls_6595b64144ccf1df_6.0.26100.7309_none_3e05feeae336a044\COMCTL32.dll
0x00007ff849d50000 - 0x00007ff849d77000 	C:\WINDOWS\System32\win32u.dll
0x00007ff84ba30000 - 0x00007ff84bad9000 	C:\WINDOWS\System32\msvcrt.dll
0x00007ff84aa80000 - 0x00007ff84aaab000 	C:\WINDOWS\System32\GDI32.dll
0x00007ff84a360000 - 0x00007ff84a48c000 	C:\WINDOWS\System32\gdi32full.dll
0x00007ff84a490000 - 0x00007ff84a533000 	C:\WINDOWS\System32\msvcp_win.dll
0x00007ff84bca0000 - 0x00007ff84bcd1000 	C:\WINDOWS\System32\IMM32.DLL
0x00007ff827400000 - 0x00007ff8274f2000 	C:\Program Files\Windhawk\Engine\1.6.1\64\windhawk.dll
0x00007ff84bd90000 - 0x00007ff84be44000 	C:\WINDOWS\System32\ADVAPI32.dll
0x00007ff84a6d0000 - 0x00007ff84a776000 	C:\WINDOWS\System32\sechost.dll
0x00007ff84ad00000 - 0x00007ff84ae18000 	C:\WINDOWS\System32\RPCRT4.dll
0x00007ff8285f0000 - 0x00007ff828608000 	C:\ProgramData\Windhawk\Engine\Mods\64\remove-ms-store-open-with_1.0.0_714486.dll
0x00007ff84bed0000 - 0x00007ff84c623000 	C:\WINDOWS\System32\shell32.dll
0x00007ff8499b0000 - 0x00007ff849b1a000 	C:\WINDOWS\System32\wintypes.dll
0x00007ff84b050000 - 0x00007ff84b3d5000 	C:\WINDOWS\System32\combase.dll
0x00007ff840f30000 - 0x00007ff840f3c000 	c:\Users\slckc\.vscode\extensions\redhat.java-1.50.0-win32-x64\jre\21.0.9-win32-x86_64\bin\vcruntime140_1.dll
0x00007ff8063e0000 - 0x00007ff80646d000 	c:\Users\slckc\.vscode\extensions\redhat.java-1.50.0-win32-x64\jre\21.0.9-win32-x86_64\bin\msvcp140.dll
0x00007ffef8ac0000 - 0x00007ffef9860000 	c:\Users\slckc\.vscode\extensions\redhat.java-1.50.0-win32-x64\jre\21.0.9-win32-x86_64\bin\server\jvm.dll
0x00007ff84c7a0000 - 0x00007ff84c814000 	C:\WINDOWS\System32\WS2_32.dll
0x00007ff848590000 - 0x00007ff8485ee000 	C:\WINDOWS\SYSTEM32\POWRPROF.dll
0x00007ff83aff0000 - 0x00007ff83b025000 	C:\WINDOWS\SYSTEM32\WINMM.dll
0x00007ff842150000 - 0x00007ff84215b000 	C:\WINDOWS\SYSTEM32\VERSION.dll
0x00007ff848570000 - 0x00007ff848584000 	C:\WINDOWS\SYSTEM32\UMPDC.dll
0x00007ff848850000 - 0x00007ff84886b000 	C:\WINDOWS\SYSTEM32\kernel.appcore.dll
0x00007ff828200000 - 0x00007ff82820a000 	c:\Users\slckc\.vscode\extensions\redhat.java-1.50.0-win32-x64\jre\21.0.9-win32-x86_64\bin\jimage.dll
0x00007ff8477d0000 - 0x00007ff847a12000 	C:\WINDOWS\SYSTEM32\DBGHELP.DLL
0x00007ff84b4c0000 - 0x00007ff84b596000 	C:\WINDOWS\System32\OLEAUT32.dll
0x00007ff81a820000 - 0x00007ff81a85c000 	C:\WINDOWS\SYSTEM32\dbgcore.DLL
0x00007ff849ca0000 - 0x00007ff849d45000 	C:\WINDOWS\System32\bcryptPrimitives.dll
0x00007ff828110000 - 0x00007ff82811f000 	c:\Users\slckc\.vscode\extensions\redhat.java-1.50.0-win32-x64\jre\21.0.9-win32-x86_64\bin\instrument.dll
0x00007ff828120000 - 0x00007ff828140000 	c:\Users\slckc\.vscode\extensions\redhat.java-1.50.0-win32-x64\jre\21.0.9-win32-x86_64\bin\java.dll
0x00007ff8464f0000 - 0x00007ff846d4e000 	C:\WINDOWS\SYSTEM32\windows.storage.dll
0x00007ff84a960000 - 0x00007ff84aa55000 	C:\WINDOWS\System32\SHCORE.dll
0x00007ff84bcf0000 - 0x00007ff84bd56000 	C:\WINDOWS\System32\shlwapi.dll
0x00007ff8498d0000 - 0x00007ff8498f9000 	C:\WINDOWS\SYSTEM32\profapi.dll
0x00007ff8280b0000 - 0x00007ff8280c8000 	c:\Users\slckc\.vscode\extensions\redhat.java-1.50.0-win32-x64\jre\21.0.9-win32-x86_64\bin\zip.dll
0x00007ff828100000 - 0x00007ff828110000 	C:\Users\slckc\.vscode\extensions\redhat.java-1.50.0-win32-x64\jre\21.0.9-win32-x86_64\bin\net.dll
0x00007ff841490000 - 0x00007ff8415b8000 	C:\WINDOWS\SYSTEM32\WINHTTP.dll
0x00007ff848df0000 - 0x00007ff848e5b000 	C:\WINDOWS\system32\mswsock.dll
0x00007ff8258f0000 - 0x00007ff825906000 	C:\Users\slckc\.vscode\extensions\redhat.java-1.50.0-win32-x64\jre\21.0.9-win32-x86_64\bin\nio.dll
0x00007ff8258e0000 - 0x00007ff8258f0000 	c:\Users\slckc\.vscode\extensions\redhat.java-1.50.0-win32-x64\jre\21.0.9-win32-x86_64\bin\verify.dll
0x00007fffd6890000 - 0x00007fffd68d4000 	C:\Users\slckc\AppData\Roaming\Code\User\globalStorage\redhat.java\1.50.0\config_win\org.eclipse.equinox.launcher\org.eclipse.equinox.launcher.win32.win32.x86_64_1.2.1400.v20250801-0854\eclipse_11916.dll
0x00007ff84ae20000 - 0x00007ff84afb7000 	C:\WINDOWS\System32\ole32.dll
0x00007ff8490b0000 - 0x00007ff8490cb000 	C:\WINDOWS\SYSTEM32\CRYPTSP.dll
0x00007ff8487b0000 - 0x00007ff8487ea000 	C:\WINDOWS\system32\rsaenh.dll
0x00007ff848ea0000 - 0x00007ff848ecb000 	C:\WINDOWS\SYSTEM32\USERENV.dll
0x00007ff8498a0000 - 0x00007ff8498ca000 	C:\WINDOWS\SYSTEM32\bcrypt.dll
0x00007ff8490d0000 - 0x00007ff8490dc000 	C:\WINDOWS\SYSTEM32\CRYPTBASE.dll
0x00007ff8481f0000 - 0x00007ff848224000 	C:\WINDOWS\SYSTEM32\IPHLPAPI.DLL
0x00007ff84bae0000 - 0x00007ff84baea000 	C:\WINDOWS\System32\NSI.dll
0x00007fffb8790000 - 0x00007fffb87d9000 	C:\Users\slckc\AppData\Local\Temp\jna-109520898\jna7053209381949654180.dll
0x00007ff84bce0000 - 0x00007ff84bce8000 	C:\WINDOWS\System32\PSAPI.DLL
0x00007ff840eb0000 - 0x00007ff840ece000 	C:\WINDOWS\SYSTEM32\dhcpcsvc6.DLL
0x00007ff840bb0000 - 0x00007ff840bd3000 	C:\WINDOWS\SYSTEM32\dhcpcsvc.DLL
0x00007fffb7040000 - 0x00007fffb7067000 	C:\Users\slckc\.gradle\native\1def1411415f61bf3af743bc5b6707747c0891f09f0c88961ee8f79bc544acac\windows-amd64\native-platform.dll
0x00007ff8063d0000 - 0x00007ff8063da000 	C:\Users\slckc\.vscode\extensions\redhat.java-1.50.0-win32-x64\jre\21.0.9-win32-x86_64\bin\management.dll
0x00007ff8063c0000 - 0x00007ff8063cc000 	C:\Users\slckc\.vscode\extensions\redhat.java-1.50.0-win32-x64\jre\21.0.9-win32-x86_64\bin\management_ext.dll
0x00007ff8063a0000 - 0x00007ff8063a9000 	C:\Users\slckc\.vscode\extensions\redhat.java-1.50.0-win32-x64\jre\21.0.9-win32-x86_64\bin\extnet.dll
0x00007ff8063b0000 - 0x00007ff8063be000 	C:\Users\slckc\.vscode\extensions\redhat.java-1.50.0-win32-x64\jre\21.0.9-win32-x86_64\bin\sunmscapi.dll
0x00007ff849b20000 - 0x00007ff849c97000 	C:\WINDOWS\System32\CRYPT32.dll
0x00007ff8492d0000 - 0x00007ff849300000 	C:\WINDOWS\SYSTEM32\ncrypt.dll
0x00007ff849280000 - 0x00007ff8492bf000 	C:\WINDOWS\SYSTEM32\NTASN1.dll
0x00007fff10b90000 - 0x00007fff10b98000 	C:\WINDOWS\system32\wshunix.dll

JVMTI agents:
c:\Users\slckc\.vscode\extensions\redhat.java-1.50.0-win32-x64\lombok\lombok-1.18.39-4050.jar path:c:\Users\slckc\.vscode\extensions\redhat.java-1.50.0-win32-x64\jre\21.0.9-win32-x86_64\bin\instrument.dll, loaded, initialized, instrumentlib options:none

dbghelp: loaded successfully - version: 4.0.5 - missing functions: none
symbol engine: initialized successfully - sym options: 0x614 - pdb path: .;c:\Users\slckc\.vscode\extensions\redhat.java-1.50.0-win32-x64\jre\21.0.9-win32-x86_64\bin;C:\WINDOWS\SYSTEM32;C:\WINDOWS\WinSxS\amd64_microsoft.windows.common-controls_6595b64144ccf1df_6.0.26100.7309_none_3e05feeae336a044;C:\Program Files\Windhawk\Engine\1.6.1\64;C:\ProgramData\Windhawk\Engine\Mods\64;c:\Users\slckc\.vscode\extensions\redhat.java-1.50.0-win32-x64\jre\21.0.9-win32-x86_64\bin\server;C:\Users\slckc\AppData\Roaming\Code\User\globalStorage\redhat.java\1.50.0\config_win\org.eclipse.equinox.launcher\org.eclipse.equinox.launcher.win32.win32.x86_64_1.2.1400.v20250801-0854;C:\Users\slckc\AppData\Local\Temp\jna-109520898;C:\Users\slckc\.gradle\native\1def1411415f61bf3af743bc5b6707747c0891f09f0c88961ee8f79bc544acac\windows-amd64

VM Arguments:
jvm_args: --add-modules=ALL-SYSTEM --add-opens=java.base/java.util=ALL-UNNAMED --add-opens=java.base/java.lang=ALL-UNNAMED --add-opens=java.base/sun.nio.fs=ALL-UNNAMED -Declipse.application=org.eclipse.jdt.ls.core.id1 -Dosgi.bundles.defaultStartLevel=4 -Declipse.product=org.eclipse.jdt.ls.core.product -Djava.import.generatesMetadataFilesAtProjectRoot=false -DDetectVMInstallationsJob.disabled=true -Dfile.encoding=utf8 -XX:+UseParallelGC -XX:GCTimeRatio=4 -XX:AdaptiveSizePolicyWeight=90 -Dsun.zip.disableMemoryMapping=true -Xmx2G -Xms100m -Xlog:disable -javaagent:c:\Users\slckc\.vscode\extensions\redhat.java-1.50.0-win32-x64\lombok\lombok-1.18.39-4050.jar -XX:+HeapDumpOnOutOfMemoryError -XX:HeapDumpPath=c:\Users\slckc\AppData\Roaming\Code\User\workspaceStorage\b5d2e1146c176a6eed179b0ba5530afd\redhat.java -Daether.dependencyCollector.impl=bf 
java_command: c:\Users\slckc\.vscode\extensions\redhat.java-1.50.0-win32-x64\server\plugins\org.eclipse.equinox.launcher_1.7.100.v20251111-0406.jar -configuration c:\Users\slckc\AppData\Roaming\Code\User\globalStorage\redhat.java\1.50.0\config_win -data c:\Users\slckc\AppData\Roaming\Code\User\workspaceStorage\b5d2e1146c176a6eed179b0ba5530afd\redhat.java\jdt_ws --pipe=\\.\pipe\lsp-06cea735a90e769b1892919d0c03bf46-sock
java_class_path (initial): c:\Users\slckc\.vscode\extensions\redhat.java-1.50.0-win32-x64\server\plugins\org.eclipse.equinox.launcher_1.7.100.v20251111-0406.jar
Launcher Type: SUN_STANDARD

[Global flags]
    uintx AdaptiveSizePolicyWeight                 = 90                                        {product} {command line}
     intx CICompilerCount                          = 12                                        {product} {ergonomic}
    uintx GCTimeRatio                              = 4                                         {product} {command line}
     bool HeapDumpOnOutOfMemoryError               = true                                   {manageable} {command line}
    ccstr HeapDumpPath                             = c:\Users\slckc\AppData\Roaming\Code\User\workspaceStorage\b5d2e1146c176a6eed179b0ba5530afd\redhat.java         {manageable} {command line}
   size_t InitialHeapSize                          = 104857600                                 {product} {command line}
   size_t MaxHeapSize                              = 2147483648                                {product} {command line}
   size_t MaxNewSize                               = 715653120                                 {product} {ergonomic}
   size_t MinHeapDeltaBytes                        = 524288                                    {product} {ergonomic}
   size_t MinHeapSize                              = 104857600                                 {product} {command line}
   size_t NewSize                                  = 34603008                                  {product} {ergonomic}
    uintx NonNMethodCodeHeapSize                   = 7602480                                {pd product} {ergonomic}
    uintx NonProfiledCodeHeapSize                  = 122027880                              {pd product} {ergonomic}
   size_t OldSize                                  = 70254592                                  {product} {ergonomic}
    uintx ProfiledCodeHeapSize                     = 122027880                              {pd product} {ergonomic}
    uintx ReservedCodeCacheSize                    = 251658240                              {pd product} {ergonomic}
     bool SegmentedCodeCache                       = true                                      {product} {ergonomic}
   size_t SoftMaxHeapSize                          = 2147483648                             {manageable} {ergonomic}
     bool UseCompressedOops                        = true                           {product lp64_product} {ergonomic}
     bool UseLargePagesIndividualAllocation        = false                                  {pd product} {ergonomic}
     bool UseParallelGC                            = true                                      {product} {command line}

Logging:
Log output configuration:
 #0: stdout all=off uptime,level,tags foldmultilines=false
 #1: stderr all=off uptime,level,tags foldmultilines=false

Release file:
JAVA_VERSION="21.0.9" 
MODULES="java.base java.compiler java.datatransfer java.xml java.prefs java.desktop java.instrument java.logging java.management java.security.sasl java.naming java.rmi java.management.rmi java.net.http java.scripting java.security.jgss java.transaction.xa java.sql java.sql.rowset java.xml.crypto java.se java.smartcardio jdk.accessibility jdk.internal.jvmstat jdk.attach jdk.charsets jdk.internal.opt jdk.zipfs jdk.compiler jdk.crypto.ec jdk.crypto.cryptoki jdk.crypto.mscapi jdk.dynalink jdk.internal.ed jdk.editpad jdk.hotspot.agent jdk.httpserver jdk.internal.le jdk.internal.vm.ci jdk.internal.vm.compiler jdk.internal.vm.compiler.management jdk.jartool jdk.javadoc jdk.jcmd jdk.management jdk.management.agent jdk.jconsole jdk.jdeps jdk.jdwp.agent jdk.jdi jdk.jfr jdk.jshell jdk.jsobject jdk.jstatd jdk.localedata jdk.management.jfr jdk.naming.dns jdk.naming.rmi jdk.net jdk.nio.mapmode jdk.random jdk.sctp jdk.security.auth jdk.security.jgss jdk.unsupported jdk.unsupported.desktop jdk.xml.dom" 

Environment Variables:
PATH=C:\Program Files\NVIDIA GPU Computing Toolkit\CUDA\v13.1\bin\x64;C:\Program Files\NVIDIA GPU Computing Toolkit\CUDA\v13.1\bin;C:\Program Files (x86)\Common Files\Oracle\Java\java8path;C:\Program Files (x86)\Common Files\Oracle\Java\javapath;C:\Program Files\NVIDIA GPU Computing Toolkit\CUDA\v13.0\bin\x64;C:\Program Files\NVIDIA GPU Computing Toolkit\CUDA\v13.0\bin;C:\WINDOWS\system32;C:\WINDOWS;C:\WINDOWS\System32\Wbem;C:\WINDOWS\System32\WindowsPowerShell\v1.0\;C:\WINDOWS\System32\OpenSSH\;C:\Program Files (x86)\NVIDIA Corporation\PhysX\Common;C:\Program Files\dotnet\;C:\Program Files\Git\cmd;C:\Program Files\nodejs\;C:\ProgramData\chocolatey\bin;C:\Program Files\Apollo;C:\Program Files\Apollo\tools;C:\Program Files\NVIDIA Corporation\Nsight Compute 2025.1.1\;C:\Program Files\CMake\bin;C:\Program Files\NVIDIA Corporation\NVIDIA App\NvDLISR;C:\Program Files\NVIDIA Corporation\Nsight Compute 2025.4.0\;C:\Users\slckc\AppData\Local\Programs\Python\Python310\Scripts\;C:\Users\slckc\AppData\Local\Programs\Python\Python310\;C:\Users\slckc\AppData\Local\Microsoft\WindowsApps;C:\Users\slckc\AppData\Local\spicetify;C:\Users\slckc\AppData\Local\Programs\Microsoft VS Code\bin;C:\Users\slckc\AppData\Local\Microsoft\WinGet\Packages\Schniz.fnm_Microsoft.Winget.Source_8wekyb3d8bbwe;C:\Users\slckc\AppData\Roaming\npm;C:\Users\slckc\AppData\Local\Muse Hub\lib;C:\Users\slckc\AppData\Local\GitHubDesktop\bin;C:\Qt\6.9.0\msvc2022_64\bin;C:\Qt\Tools\Ninja;C:\Program Files\NVIDIA GPU Computing Toolkit\CUDA\v13.1;C:\ffmpeg\bin;
USERNAME=slckc
OS=Windows_NT
PROCESSOR_IDENTIFIER=AMD64 Family 26 Model 68 Stepping 0, AuthenticAMD
TMP=C:\Users\slckc\AppData\Local\Temp
TEMP=C:\Users\slckc\AppData\Local\Temp




Periodic native trim disabled

---------------  S Y S T E M  ---------------

OS:
 Windows 11 , 64 bit Build 26100 (10.0.26100.7309)
OS uptime: 0 days 10:43 hours
Hyper-V role detected

CPU: total 16 (initial active 16) (16 cores per cpu, 2 threads per core) family 26 model 68 stepping 0 microcode 0xb404023, cx8, cmov, fxsr, ht, mmx, 3dnowpref, sse, sse2, sse3, ssse3, sse4a, sse4.1, sse4.2, popcnt, lzcnt, tsc, tscinvbit, avx, avx2, aes, erms, clmul, bmi1, bmi2, adx, avx512f, avx512dq, avx512cd, avx512bw, avx512vl, sha, fma, vzeroupper, avx512_vpopcntdq, avx512_vpclmulqdq, avx512_vaes, avx512_vnni, clflush, clflushopt, avx512_vbmi2, avx512_vbmi, hv, rdtscp, rdpid, fsrm, gfni, avx512_bitalg, f16c, cet_ss, avx512_ifma
Processor Information for the first 16 processors :
  Max Mhz: 3800, Current Mhz: 3800, Mhz Limit: 3800

Memory: 4k page, system-wide physical 32361M (454M free)
TotalPageFile size 93303M (AvailPageFile size 0M)
current process WorkingSet (physical memory assigned to process): 19M, peak: 322M
current process commit charge ("private bytes"): 383M, peak: 441M

vm_info: OpenJDK 64-Bit Server VM (21.0.9+10-LTS) for windows-amd64 JRE (21.0.9+10-LTS), built on 2025-10-21T00:00:00Z by "admin" with unknown MS VC++:1942

END.
