#
# There is insufficient memory for the Java Runtime Environment to continue.
# Native memory allocation (malloc) failed to allocate 1411536 bytes. Error detail: Chunk::new
# Possible reasons:
#   The system is out of physical RAM or swap space
#   This process is running with CompressedOops enabled, and the Java Heap may be blocking the growth of the native heap
# Possible solutions:
#   Reduce memory load on the system
#   Increase physical memory or swap space
#   Check if swap backing store is full
#   Decrease Java heap size (-Xmx/-Xms)
#   Decrease number of Java threads
#   Decrease Java thread stack sizes (-Xss)
#   Set larger code cache with -XX:ReservedCodeCacheSize=
#   JVM is running with Unscaled Compressed Oops mode in which the Java heap is
#     placed in the first 4GB address space. The Java Heap base address is the
#     maximum limit for the native heap growth. Please use -XX:HeapBaseMinAddress
#     to set the Java Heap base and to place the Java Heap above 4GB virtual address.
# This output file may be truncated or incomplete.
#
#  Out of Memory Error (arena.cpp:168), pid=15864, tid=27308
#
# JRE version: OpenJDK Runtime Environment Temurin-21.0.9+10 (21.0.9+10) (build 21.0.9+10-LTS)
# Java VM: OpenJDK 64-Bit Server VM Temurin-21.0.9+10 (21.0.9+10-LTS, mixed mode, sharing, tiered, compressed oops, compressed class ptrs, parallel gc, windows-amd64)
# No core dump will be written. Minidumps are not enabled by default on client versions of Windows
#

---------------  S U M M A R Y ------------

Command Line: --add-modules=ALL-SYSTEM --add-opens=java.base/java.util=ALL-UNNAMED --add-opens=java.base/java.lang=ALL-UNNAMED --add-opens=java.base/sun.nio.fs=ALL-UNNAMED -Declipse.application=org.eclipse.jdt.ls.core.id1 -Dosgi.bundles.defaultStartLevel=4 -Declipse.product=org.eclipse.jdt.ls.core.product -Djava.import.generatesMetadataFilesAtProjectRoot=false -DDetectVMInstallationsJob.disabled=true -Dfile.encoding=utf8 -XX:+UseParallelGC -XX:GCTimeRatio=4 -XX:AdaptiveSizePolicyWeight=90 -Dsun.zip.disableMemoryMapping=true -Xmx2G -Xms100m -Xlog:disable -javaagent:c:\Users\slckc\.vscode\extensions\redhat.java-1.50.0-win32-x64\lombok\lombok-1.18.39-4050.jar -XX:+HeapDumpOnOutOfMemoryError -XX:HeapDumpPath=c:\Users\slckc\AppData\Roaming\Code\User\workspaceStorage\b5d2e1146c176a6eed179b0ba5530afd\redhat.java -Daether.dependencyCollector.impl=bf c:\Users\slckc\.vscode\extensions\redhat.java-1.50.0-win32-x64\server\plugins\org.eclipse.equinox.launcher_1.7.100.v20251111-0406.jar -configuration c:\Users\slckc\AppData\Roaming\Code\User\globalStorage\redhat.java\1.50.0\config_win -data c:\Users\slckc\AppData\Roaming\Code\User\workspaceStorage\b5d2e1146c176a6eed179b0ba5530afd\redhat.java\jdt_ws --pipe=\\.\pipe\lsp-1920cadf5efa440240f105305741972c-sock

Host: AMD Ryzen 7 9700X 8-Core Processor             , 16 cores, 31G,  Windows 11 , 64 bit Build 26100 (10.0.26100.7309)
Time: Thu Dec 18 10:52:56 2025 Turkey Standard Time elapsed time: 2.652290 seconds (0d 0h 0m 2s)

---------------  T H R E A D  ---------------

Current thread (0x0000019ddd44aff0):  JavaThread "C2 CompilerThread1" daemon [_thread_in_native, id=27308, stack(0x000000365e400000,0x000000365e500000) (1024K)]


Current CompileTask:
C2:2652 4844   !   4       org.eclipse.osgi.internal.loader.BundleLoader::findClass0 (490 bytes)

Stack: [0x000000365e400000,0x000000365e500000]
Native frames: (J=compiled Java code, j=interpreted, Vv=VM code, C=native code)
V  [jvm.dll+0x6d6e29]
V  [jvm.dll+0x8b4b76]
V  [jvm.dll+0x8b712e]
V  [jvm.dll+0x8b7813]
V  [jvm.dll+0x283d86]
V  [jvm.dll+0xc66ed]
V  [jvm.dll+0xc6c31]
V  [jvm.dll+0x2facee]
V  [jvm.dll+0x5fde44]
V  [jvm.dll+0x255557]
V  [jvm.dll+0x25591d]
V  [jvm.dll+0x24df40]
V  [jvm.dll+0x24b482]
V  [jvm.dll+0x1cb13e]
V  [jvm.dll+0x25b29d]
V  [jvm.dll+0x25982a]
V  [jvm.dll+0x3f7ea6]
V  [jvm.dll+0x85e9ad]
V  [jvm.dll+0x6d565d]
C  [ucrtbase.dll+0x37b0]
C  [KERNEL32.DLL+0x2e8d7]
C  [ntdll.dll+0x8c53c]


---------------  P R O C E S S  ---------------

Threads class SMR info:
_java_thread_list=0x0000019de394ae60, length=52, elements={
0x0000019dc3147da0, 0x0000019ddc08d5b0, 0x0000019ddc08e160, 0x0000019dc56832f0,
0x0000019dc5683e70, 0x0000019dc5685ae0, 0x0000019ddd275ef0, 0x0000019dc569b4a0,
0x0000019dc569d920, 0x0000019ddd33da10, 0x0000019ddd44aff0, 0x0000019ddd4cf5b0,
0x0000019ddd53f800, 0x0000019ddd53fea0, 0x0000019de3064900, 0x0000019de3716940,
0x0000019de388c890, 0x0000019de3a3a2a0, 0x0000019de3c2c080, 0x0000019de3e90a00,
0x0000019de3e92440, 0x0000019de3e8efc0, 0x0000019de3e91db0, 0x0000019de3e8f650,
0x0000019de3e8fce0, 0x0000019de3e90370, 0x0000019de3e91720, 0x0000019de4f34150,
0x0000019de4f32da0, 0x0000019de4f347e0, 0x0000019de4f32710, 0x0000019de4f34e70,
0x0000019de4f35500, 0x0000019de4f32080, 0x0000019de4f35b90, 0x0000019de4f36220,
0x0000019de4f368b0, 0x0000019de4f33430, 0x0000019de4f36f40, 0x0000019de4f33ac0,
0x0000019de4f37c60, 0x0000019de4f375d0, 0x0000019de4f382f0, 0x0000019de4f38980,
0x0000019de4f39010, 0x0000019de4f396a0, 0x0000019de576e660, 0x0000019de576dfd0,
0x0000019de576cc20, 0x0000019de576c590, 0x0000019de576d940, 0x0000019de5770730
}

Java Threads: ( => current thread )
  0x0000019dc3147da0 JavaThread "main"                              [_thread_blocked, id=27588, stack(0x000000365d700000,0x000000365d800000) (1024K)]
  0x0000019ddc08d5b0 JavaThread "Reference Handler"          daemon [_thread_blocked, id=28832, stack(0x000000365db00000,0x000000365dc00000) (1024K)]
  0x0000019ddc08e160 JavaThread "Finalizer"                  daemon [_thread_blocked, id=15108, stack(0x000000365dc00000,0x000000365dd00000) (1024K)]
  0x0000019dc56832f0 JavaThread "Signal Dispatcher"          daemon [_thread_blocked, id=30764, stack(0x000000365dd00000,0x000000365de00000) (1024K)]
  0x0000019dc5683e70 JavaThread "Attach Listener"            daemon [_thread_blocked, id=14028, stack(0x000000365de00000,0x000000365df00000) (1024K)]
  0x0000019dc5685ae0 JavaThread "Service Thread"             daemon [_thread_blocked, id=29320, stack(0x000000365df00000,0x000000365e000000) (1024K)]
  0x0000019ddd275ef0 JavaThread "Monitor Deflation Thread"   daemon [_thread_blocked, id=31124, stack(0x000000365e000000,0x000000365e100000) (1024K)]
  0x0000019dc569b4a0 JavaThread "C2 CompilerThread0"         daemon [_thread_in_native, id=10316, stack(0x000000365e100000,0x000000365e200000) (1024K)]
  0x0000019dc569d920 JavaThread "C1 CompilerThread0"         daemon [_thread_blocked, id=11728, stack(0x000000365e200000,0x000000365e300000) (1024K)]
  0x0000019ddd33da10 JavaThread "C1 CompilerThread1"         daemon [_thread_blocked, id=20664, stack(0x000000365e300000,0x000000365e400000) (1024K)]
=>0x0000019ddd44aff0 JavaThread "C2 CompilerThread1"         daemon [_thread_in_native, id=27308, stack(0x000000365e400000,0x000000365e500000) (1024K)]
  0x0000019ddd4cf5b0 JavaThread "Common-Cleaner"             daemon [_thread_blocked, id=28460, stack(0x000000365e500000,0x000000365e600000) (1024K)]
  0x0000019ddd53f800 JavaThread "C1 CompilerThread2"         daemon [_thread_blocked, id=30848, stack(0x000000365e600000,0x000000365e700000) (1024K)]
  0x0000019ddd53fea0 JavaThread "C1 CompilerThread3"         daemon [_thread_blocked, id=13732, stack(0x000000365e700000,0x000000365e800000) (1024K)]
  0x0000019de3064900 JavaThread "Notification Thread"        daemon [_thread_blocked, id=13244, stack(0x000000365e800000,0x000000365e900000) (1024K)]
  0x0000019de3716940 JavaThread "Active Thread: Equinox Container: 1e367047-2331-4b9c-a5c8-62eded6e791d"        [_thread_blocked, id=14180, stack(0x000000365ef00000,0x000000365f000000) (1024K)]
  0x0000019de388c890 JavaThread "Refresh Thread: Equinox Container: 1e367047-2331-4b9c-a5c8-62eded6e791d" daemon [_thread_blocked, id=19180, stack(0x000000365f100000,0x000000365f200000) (1024K)]
  0x0000019de3a3a2a0 JavaThread "Framework Event Dispatcher: Equinox Container: 1e367047-2331-4b9c-a5c8-62eded6e791d" daemon [_thread_blocked, id=20500, stack(0x000000365f200000,0x000000365f300000) (1024K)]
  0x0000019de3c2c080 JavaThread "Start Level: Equinox Container: 1e367047-2331-4b9c-a5c8-62eded6e791d" daemon [_thread_blocked, id=30388, stack(0x000000365f300000,0x000000365f400000) (1024K)]
  0x0000019de3e90a00 JavaThread "Bundle File Closer"         daemon [_thread_blocked, id=30380, stack(0x000000365f700000,0x000000365f800000) (1024K)]
  0x0000019de3e92440 JavaThread "SCR Component Actor"        daemon [_thread_blocked, id=15080, stack(0x000000365f800000,0x000000365f900000) (1024K)]
  0x0000019de3e8efc0 JavaThread "Worker-JM"                         [_thread_blocked, id=9716, stack(0x000000365fa00000,0x000000365fb00000) (1024K)]
  0x0000019de3e91db0 JavaThread "JNA Cleaner"                daemon [_thread_blocked, id=13444, stack(0x000000365fc00000,0x000000365fd00000) (1024K)]
  0x0000019de3e8f650 JavaThread "Worker-0: Load persistent model for all projects"        [_thread_blocked, id=13880, stack(0x000000365fd00000,0x000000365fe00000) (1024K)]
  0x0000019de3e8fce0 JavaThread "Worker-1: Loading available Gradle versions"        [_thread_blocked, id=33148, stack(0x000000365fe00000,0x000000365ff00000) (1024K)]
  0x0000019de3e90370 JavaThread "Worker-2: Building"                [_thread_blocked, id=32964, stack(0x000000365ff00000,0x0000003660000000) (1024K)]
  0x0000019de3e91720 JavaThread "Worker-3: Processing Java changes since last activation"        [_thread_blocked, id=2656, stack(0x0000003660200000,0x0000003660300000) (1024K)]
  0x0000019de4f34150 JavaThread "Java indexing"              daemon [_thread_blocked, id=2136, stack(0x0000003660300000,0x0000003660400000) (1024K)]
  0x0000019de4f32da0 JavaThread "Worker-4: Initialize After Load"        [_thread_blocked, id=9156, stack(0x0000003660400000,0x0000003660500000) (1024K)]
  0x0000019de4f347e0 JavaThread "Worker-5: Updating Maven Dependencies"        [_thread_in_vm, id=31852, stack(0x0000003660500000,0x0000003660600000) (1024K)]
  0x0000019de4f32710 JavaThread "Thread-1"                   daemon [_thread_in_native, id=19824, stack(0x0000003660600000,0x0000003660700000) (1024K)]
  0x0000019de4f34e70 JavaThread "Thread-2"                   daemon [_thread_in_native, id=19948, stack(0x0000003660700000,0x0000003660800000) (1024K)]
  0x0000019de4f35500 JavaThread "Thread-3"                   daemon [_thread_in_native, id=16048, stack(0x0000003660800000,0x0000003660900000) (1024K)]
  0x0000019de4f32080 JavaThread "Thread-4"                   daemon [_thread_in_native, id=12556, stack(0x0000003660900000,0x0000003660a00000) (1024K)]
  0x0000019de4f35b90 JavaThread "Thread-5"                   daemon [_thread_in_native, id=25512, stack(0x0000003660a00000,0x0000003660b00000) (1024K)]
  0x0000019de4f36220 JavaThread "Thread-6"                   daemon [_thread_in_native, id=31056, stack(0x0000003660b00000,0x0000003660c00000) (1024K)]
  0x0000019de4f368b0 JavaThread "Thread-7"                   daemon [_thread_in_native, id=30008, stack(0x0000003660c00000,0x0000003660d00000) (1024K)]
  0x0000019de4f33430 JavaThread "Thread-8"                   daemon [_thread_in_native, id=32120, stack(0x0000003660d00000,0x0000003660e00000) (1024K)]
  0x0000019de4f36f40 JavaThread "Thread-9"                   daemon [_thread_in_native, id=31592, stack(0x0000003660e00000,0x0000003660f00000) (1024K)]
  0x0000019de4f33ac0 JavaThread "Thread-10"                  daemon [_thread_in_native, id=7372, stack(0x0000003660f00000,0x0000003661000000) (1024K)]
  0x0000019de4f37c60 JavaThread "Thread-11"                  daemon [_thread_in_native, id=32988, stack(0x0000003661000000,0x0000003661100000) (1024K)]
  0x0000019de4f375d0 JavaThread "Thread-12"                  daemon [_thread_in_native, id=33292, stack(0x0000003661100000,0x0000003661200000) (1024K)]
  0x0000019de4f382f0 JavaThread "Thread-13"                  daemon [_thread_in_native, id=28080, stack(0x0000003661200000,0x0000003661300000) (1024K)]
  0x0000019de4f38980 JavaThread "Thread-14"                  daemon [_thread_in_native, id=13952, stack(0x0000003661300000,0x0000003661400000) (1024K)]
  0x0000019de4f39010 JavaThread "Thread-15"                  daemon [_thread_in_native, id=26132, stack(0x0000003661400000,0x0000003661500000) (1024K)]
  0x0000019de4f396a0 JavaThread "Thread-16"                  daemon [_thread_in_native, id=28840, stack(0x0000003661500000,0x0000003661600000) (1024K)]
  0x0000019de576e660 JavaThread "Thread-17"                  daemon [_thread_in_native, id=31080, stack(0x0000003661600000,0x0000003661700000) (1024K)]
  0x0000019de576dfd0 JavaThread "pool-2-thread-1"                   [_thread_blocked, id=7176, stack(0x0000003661700000,0x0000003661800000) (1024K)]
  0x0000019de576cc20 JavaThread "WorkspaceEventsHandler"            [_thread_blocked, id=19892, stack(0x0000003661800000,0x0000003661900000) (1024K)]
  0x0000019de576c590 JavaThread "pool-1-thread-1"                   [_thread_blocked, id=30064, stack(0x0000003661900000,0x0000003661a00000) (1024K)]
  0x0000019de576d940 JavaThread "Worker-6: Repository registry initialization"        [_thread_blocked, id=5344, stack(0x0000003661a00000,0x0000003661b00000) (1024K)]
  0x0000019de5770730 JavaThread "Worker-7"                          [_thread_blocked, id=9036, stack(0x0000003661b00000,0x0000003661c00000) (1024K)]
Total: 52

Other Threads:
  0x0000019ddd255460 VMThread "VM Thread"                           [id=28292, stack(0x000000365da00000,0x000000365db00000) (1024K)]
  0x0000019dc566d870 WatcherThread "VM Periodic Task Thread"        [id=28652, stack(0x000000365d900000,0x000000365da00000) (1024K)]
  0x0000019dc561e5b0 WorkerThread "GC Thread#0"                     [id=30056, stack(0x000000365d800000,0x000000365d900000) (1024K)]
  0x0000019de34d6900 WorkerThread "GC Thread#1"                     [id=23956, stack(0x000000365e900000,0x000000365ea00000) (1024K)]
  0x0000019de31eeef0 WorkerThread "GC Thread#2"                     [id=31928, stack(0x000000365ea00000,0x000000365eb00000) (1024K)]
  0x0000019de31ef290 WorkerThread "GC Thread#3"                     [id=9028, stack(0x000000365eb00000,0x000000365ec00000) (1024K)]
  0x0000019de31ef630 WorkerThread "GC Thread#4"                     [id=24236, stack(0x000000365ec00000,0x000000365ed00000) (1024K)]
  0x0000019de31ef9d0 WorkerThread "GC Thread#5"                     [id=33132, stack(0x000000365ed00000,0x000000365ee00000) (1024K)]
  0x0000019de31efd70 WorkerThread "GC Thread#6"                     [id=30396, stack(0x000000365ee00000,0x000000365ef00000) (1024K)]
  0x0000019de394b730 WorkerThread "GC Thread#7"                     [id=21228, stack(0x000000365f000000,0x000000365f100000) (1024K)]
  0x0000019de3fe9620 WorkerThread "GC Thread#8"                     [id=31948, stack(0x000000365f400000,0x000000365f500000) (1024K)]
  0x0000019de41a8a10 WorkerThread "GC Thread#9"                     [id=26464, stack(0x000000365f500000,0x000000365f600000) (1024K)]
  0x0000019de41a94f0 WorkerThread "GC Thread#10"                    [id=2916, stack(0x000000365f600000,0x000000365f700000) (1024K)]
  0x0000019de41a9fd0 WorkerThread "GC Thread#11"                    [id=14104, stack(0x000000365f900000,0x000000365fa00000) (1024K)]
  0x0000019de41a8db0 WorkerThread "GC Thread#12"                    [id=21908, stack(0x000000365fb00000,0x000000365fc00000) (1024K)]
Total: 15

Threads with active compile tasks:
C2 CompilerThread0  3674 4841   !   4       org.eclipse.osgi.internal.loader.classpath.ClasspathManager::findClassImpl (328 bytes)
C2 CompilerThread1  3674 4844   !   4       org.eclipse.osgi.internal.loader.BundleLoader::findClass0 (490 bytes)
C1 CompilerThread2  3674 5221       2       com.google.inject.internal.DeclaredMembers$$Lambda/0x0000019d81404000::apply (8 bytes)
C1 CompilerThread3  3674 5222       2       com.google.inject.internal.DeclaredMembers::lambda$getDeclaredMethods$1 (8 bytes)
Total: 4

VM state: not at safepoint (normal execution)

VM Mutex/Monitor currently owned by a thread: None

Heap address: 0x0000000080000000, size: 2048 MB, Compressed Oops mode: 32-bit

CDS archive(s) mapped at: [0x0000019d80000000-0x0000019d80ba0000-0x0000019d80ba0000), size 12189696, SharedBaseAddress: 0x0000019d80000000, ArchiveRelocationMode: 1.
Compressed class space mapped at: 0x0000019d81000000-0x0000019dc1000000, reserved size: 1073741824
Narrow klass base: 0x0000019d80000000, Narrow klass shift: 0, Narrow klass range: 0x100000000

GC Precious Log:
 CardTable entry size: 512
 CPUs: 16 total, 16 available
 Memory: 32361M
 Large Page Support: Disabled
 NUMA Support: Disabled
 Compressed Oops: Enabled (32-bit)
 Alignments: Space 512K, Generation 512K, Heap 2M
 Heap Min Capacity: 100M
 Heap Initial Capacity: 100M
 Heap Max Capacity: 2G
 Pre-touch: Disabled
 Parallel Workers: 13

Heap:
 PSYoungGen      total 23040K, used 19045K [0x00000000d5580000, 0x00000000d7080000, 0x0000000100000000)
  eden space 22016K, 82% used [0x00000000d5580000,0x00000000d673a660,0x00000000d6b00000)
  from space 1024K, 87% used [0x00000000d6e80000,0x00000000d6f5edf0,0x00000000d6f80000)
  to   space 1024K, 0% used [0x00000000d6f80000,0x00000000d6f80000,0x00000000d7080000)
 ParOldGen       total 68608K, used 17686K [0x0000000080000000, 0x0000000084300000, 0x00000000d5580000)
  object space 68608K, 25% used [0x0000000080000000,0x0000000081145ba0,0x0000000084300000)
 Metaspace       used 38451K, committed 39552K, reserved 1114112K
  class space    used 4088K, committed 4544K, reserved 1048576K

Card table byte_map: [0x0000019dc4f80000,0x0000019dc5390000] _byte_map_base: 0x0000019dc4b80000

Marking Bits: (ParMarkBitMap*) 0x00007ffef9782460
 Begin Bits: [0x0000019dd7a90000, 0x0000019dd9a90000)
 End Bits:   [0x0000019dd9a90000, 0x0000019ddba90000)

Polling page: 0x0000019dc33a0000

Metaspace:

Usage:
  Non-class:     33.56 MB used.
      Class:      3.99 MB used.
       Both:     37.55 MB used.

Virtual space:
  Non-class space:       64.00 MB reserved,      34.19 MB ( 53%) committed,  1 nodes.
      Class space:        1.00 GB reserved,       4.44 MB ( <1%) committed,  1 nodes.
             Both:        1.06 GB reserved,      38.62 MB (  4%) committed. 

Chunk freelists:
   Non-Class:  13.50 MB
       Class:  11.60 MB
        Both:  25.10 MB

MaxMetaspaceSize: unlimited
CompressedClassSpaceSize: 1.00 GB
Initial GC threshold: 21.00 MB
Current GC threshold: 59.31 MB
CDS: on
 - commit_granule_bytes: 65536.
 - commit_granule_words: 8192.
 - virtual_space_node_default_size: 8388608.
 - enlarge_chunks_in_place: 1.
 - use_allocation_guard: 0.


Internal statistics:

num_allocs_failed_limit: 10.
num_arena_births: 730.
num_arena_deaths: 14.
num_vsnodes_births: 2.
num_vsnodes_deaths: 0.
num_space_committed: 618.
num_space_uncommitted: 0.
num_chunks_returned_to_freelist: 24.
num_chunks_taken_from_freelist: 2345.
num_chunk_merges: 15.
num_chunk_splits: 1501.
num_chunks_enlarged: 931.
num_inconsistent_stats: 0.

CodeHeap 'non-profiled nmethods': size=119168Kb used=1865Kb max_used=2198Kb free=117302Kb
 bounds [0x0000019dd0380000, 0x0000019dd05f0000, 0x0000019dd77e0000]
CodeHeap 'profiled nmethods': size=119104Kb used=9660Kb max_used=10370Kb free=109443Kb
 bounds [0x0000019dc87e0000, 0x0000019dc9210000, 0x0000019dcfc30000]
CodeHeap 'non-nmethods': size=7488Kb used=3061Kb max_used=3100Kb free=4427Kb
 bounds [0x0000019dcfc30000, 0x0000019dcff50000, 0x0000019dd0380000]
CodeCache: size=245760Kb, used=14586Kb, max_used=15668Kb, free=231172Kb
 total_blobs=5287, nmethods=4630, adapters=560, full_count=0
Compilation: enabled, stopped_count=0, restarted_count=0

Compilation events (20 events):
Event: 2.625 Thread 0x0000019ddd53f800 nmethod 5200 0x0000019dc89b8790 code [0x0000019dc89b8980, 0x0000019dc89b8d20]
Event: 2.625 Thread 0x0000019ddd53f800 5201       2       java.lang.reflect.Constructor::isVarArgs (5 bytes)
Event: 2.625 Thread 0x0000019dc569d920 5202       2       java.lang.invoke.MemberName::<init> (78 bytes)
Event: 2.625 Thread 0x0000019ddd53f800 nmethod 5201 0x0000019dc8829310 code [0x0000019dc88294a0, 0x0000019dc88295c0]
Event: 2.626 Thread 0x0000019ddd53fea0 nmethod 5198 0x0000019dc8828090 code [0x0000019dc88282e0, 0x0000019dc8828a78]
Event: 2.626 Thread 0x0000019dc569d920 nmethod 5202 0x0000019dc88d4410 code [0x0000019dc88d4600, 0x0000019dc88d4a90]
Event: 2.626 Thread 0x0000019dc569d920 5203       2       com.google.inject.internal.DeclaredMembers$$Lambda/0x0000019d813ff958::apply (8 bytes)
Event: 2.626 Thread 0x0000019ddd33da10 5204       2       com.google.inject.internal.DeclaredMembers$$Lambda/0x0000019d813ffb98::apply (8 bytes)
Event: 2.627 Thread 0x0000019ddd53fea0 5205       2       java.lang.Class::getEnclosingClass (70 bytes)
Event: 2.627 Thread 0x0000019ddd53f800 5206       2       java.lang.Class::getEnclosingMethodInfo (20 bytes)
Event: 2.627 Thread 0x0000019dc569d920 nmethod 5203 0x0000019dc88d4010 code [0x0000019dc88d41a0, 0x0000019dc88d42e8]
Event: 2.627 Thread 0x0000019dc569d920 5207       2       com.google.inject.TypeLiteral::getSupertype (35 bytes)
Event: 2.627 Thread 0x0000019ddd33da10 nmethod 5204 0x0000019dc88d3c10 code [0x0000019dc88d3dc0, 0x0000019dc88d3f38]
Event: 2.627 Thread 0x0000019ddd53f800 nmethod 5206 0x0000019dc88d3690 code [0x0000019dc88d3860, 0x0000019dc88d3a28]
Event: 2.627 Thread 0x0000019ddd33da10 5208       2       java.util.Comparator$$Lambda/0x0000019d81022a38::compare (14 bytes)
Event: 2.627 Thread 0x0000019ddd53fea0 nmethod 5205 0x0000019dc895d490 code [0x0000019dc895d680, 0x0000019dc895d948]
Event: 2.627 Thread 0x0000019ddd53f800 5209       2       java.util.Comparator::lambda$comparing$ea9a8b3a$1 (21 bytes)
Event: 2.627 Thread 0x0000019dc569d920 nmethod 5207 0x0000019dc895ce90 code [0x0000019dc895d080, 0x0000019dc895d2f0]
Event: 2.627 Thread 0x0000019ddd33da10 nmethod 5208 0x0000019dc895ca10 code [0x0000019dc895cbe0, 0x0000019dc895cda8]
Event: 2.627 Thread 0x0000019ddd53f800 nmethod 5209 0x0000019dc895c510 code [0x0000019dc895c6e0, 0x0000019dc895c878]

GC Heap History (20 events):
Event: 1.413 GC heap before
{Heap before GC invocations=8 (full 0):
 PSYoungGen      total 29184K, used 6854K [0x00000000d5580000, 0x00000000d7780000, 0x0000000100000000)
  eden space 24576K, 9% used [0x00000000d5580000,0x00000000d57b3d70,0x00000000d6d80000)
  from space 4608K, 99% used [0x00000000d6e00000,0x00000000d727db60,0x00000000d7280000)
  to   space 5120K, 0% used [0x00000000d7280000,0x00000000d7280000,0x00000000d7780000)
 ParOldGen       total 68608K, used 9427K [0x0000000080000000, 0x0000000084300000, 0x00000000d5580000)
  object space 68608K, 13% used [0x0000000080000000,0x0000000080934e18,0x0000000084300000)
 Metaspace       used 21001K, committed 21824K, reserved 1114112K
  class space    used 2207K, committed 2560K, reserved 1048576K
}
Event: 1.414 GC heap after
{Heap after GC invocations=8 (full 0):
 PSYoungGen      total 28672K, used 3795K [0x00000000d5580000, 0x00000000d7680000, 0x0000000100000000)
  eden space 24576K, 0% used [0x00000000d5580000,0x00000000d5580000,0x00000000d6d80000)
  from space 4096K, 92% used [0x00000000d7280000,0x00000000d7634f40,0x00000000d7680000)
  to   space 4608K, 0% used [0x00000000d6d80000,0x00000000d6d80000,0x00000000d7200000)
 ParOldGen       total 68608K, used 10658K [0x0000000080000000, 0x0000000084300000, 0x00000000d5580000)
  object space 68608K, 15% used [0x0000000080000000,0x0000000080a689b0,0x0000000084300000)
 Metaspace       used 21001K, committed 21824K, reserved 1114112K
  class space    used 2207K, committed 2560K, reserved 1048576K
}
Event: 1.414 GC heap before
{Heap before GC invocations=9 (full 1):
 PSYoungGen      total 28672K, used 3795K [0x00000000d5580000, 0x00000000d7680000, 0x0000000100000000)
  eden space 24576K, 0% used [0x00000000d5580000,0x00000000d5580000,0x00000000d6d80000)
  from space 4096K, 92% used [0x00000000d7280000,0x00000000d7634f40,0x00000000d7680000)
  to   space 4608K, 0% used [0x00000000d6d80000,0x00000000d6d80000,0x00000000d7200000)
 ParOldGen       total 68608K, used 10658K [0x0000000080000000, 0x0000000084300000, 0x00000000d5580000)
  object space 68608K, 15% used [0x0000000080000000,0x0000000080a689b0,0x0000000084300000)
 Metaspace       used 21001K, committed 21824K, reserved 1114112K
  class space    used 2207K, committed 2560K, reserved 1048576K
}
Event: 1.429 GC heap after
{Heap after GC invocations=9 (full 1):
 PSYoungGen      total 28672K, used 0K [0x00000000d5580000, 0x00000000d7680000, 0x0000000100000000)
  eden space 24576K, 0% used [0x00000000d5580000,0x00000000d5580000,0x00000000d6d80000)
  from space 4096K, 0% used [0x00000000d7280000,0x00000000d7280000,0x00000000d7680000)
  to   space 4608K, 0% used [0x00000000d6d80000,0x00000000d6d80000,0x00000000d7200000)
 ParOldGen       total 68608K, used 13396K [0x0000000080000000, 0x0000000084300000, 0x00000000d5580000)
  object space 68608K, 19% used [0x0000000080000000,0x0000000080d15348,0x0000000084300000)
 Metaspace       used 20988K, committed 21824K, reserved 1114112K
  class space    used 2204K, committed 2560K, reserved 1048576K
}
Event: 1.522 GC heap before
{Heap before GC invocations=10 (full 1):
 PSYoungGen      total 28672K, used 24575K [0x00000000d5580000, 0x00000000d7680000, 0x0000000100000000)
  eden space 24576K, 99% used [0x00000000d5580000,0x00000000d6d7fcf0,0x00000000d6d80000)
  from space 4096K, 0% used [0x00000000d7280000,0x00000000d7280000,0x00000000d7680000)
  to   space 4608K, 0% used [0x00000000d6d80000,0x00000000d6d80000,0x00000000d7200000)
 ParOldGen       total 68608K, used 13396K [0x0000000080000000, 0x0000000084300000, 0x00000000d5580000)
  object space 68608K, 19% used [0x0000000080000000,0x0000000080d15348,0x0000000084300000)
 Metaspace       used 23519K, committed 24384K, reserved 1114112K
  class space    used 2382K, committed 2752K, reserved 1048576K
}
Event: 1.522 GC heap after
{Heap after GC invocations=10 (full 1):
 PSYoungGen      total 25088K, used 660K [0x00000000d5580000, 0x00000000d7300000, 0x0000000100000000)
  eden space 24064K, 0% used [0x00000000d5580000,0x00000000d5580000,0x00000000d6d00000)
  from space 1024K, 64% used [0x00000000d6d80000,0x00000000d6e25280,0x00000000d6e80000)
  to   space 2048K, 0% used [0x00000000d7100000,0x00000000d7100000,0x00000000d7300000)
 ParOldGen       total 68608K, used 13404K [0x0000000080000000, 0x0000000084300000, 0x00000000d5580000)
  object space 68608K, 19% used [0x0000000080000000,0x0000000080d17348,0x0000000084300000)
 Metaspace       used 23519K, committed 24384K, reserved 1114112K
  class space    used 2382K, committed 2752K, reserved 1048576K
}
Event: 1.611 GC heap before
{Heap before GC invocations=11 (full 1):
 PSYoungGen      total 25088K, used 24724K [0x00000000d5580000, 0x00000000d7300000, 0x0000000100000000)
  eden space 24064K, 100% used [0x00000000d5580000,0x00000000d6d00000,0x00000000d6d00000)
  from space 1024K, 64% used [0x00000000d6d80000,0x00000000d6e25280,0x00000000d6e80000)
  to   space 2048K, 0% used [0x00000000d7100000,0x00000000d7100000,0x00000000d7300000)
 ParOldGen       total 68608K, used 13404K [0x0000000080000000, 0x0000000084300000, 0x00000000d5580000)
  object space 68608K, 19% used [0x0000000080000000,0x0000000080d17348,0x0000000084300000)
 Metaspace       used 26849K, committed 27712K, reserved 1114112K
  class space    used 2645K, committed 3008K, reserved 1048576K
}
Event: 1.612 GC heap after
{Heap after GC invocations=11 (full 1):
 PSYoungGen      total 25600K, used 1646K [0x00000000d5580000, 0x00000000d7300000, 0x0000000100000000)
  eden space 23552K, 0% used [0x00000000d5580000,0x00000000d5580000,0x00000000d6c80000)
  from space 2048K, 80% used [0x00000000d7100000,0x00000000d729b8e8,0x00000000d7300000)
  to   space 2048K, 0% used [0x00000000d6f00000,0x00000000d6f00000,0x00000000d7100000)
 ParOldGen       total 68608K, used 14194K [0x0000000080000000, 0x0000000084300000, 0x00000000d5580000)
  object space 68608K, 20% used [0x0000000080000000,0x0000000080ddc858,0x0000000084300000)
 Metaspace       used 26849K, committed 27712K, reserved 1114112K
  class space    used 2645K, committed 3008K, reserved 1048576K
}
Event: 1.666 GC heap before
{Heap before GC invocations=12 (full 1):
 PSYoungGen      total 25600K, used 25197K [0x00000000d5580000, 0x00000000d7300000, 0x0000000100000000)
  eden space 23552K, 99% used [0x00000000d5580000,0x00000000d6c7fcd8,0x00000000d6c80000)
  from space 2048K, 80% used [0x00000000d7100000,0x00000000d729b8e8,0x00000000d7300000)
  to   space 2048K, 0% used [0x00000000d6f00000,0x00000000d6f00000,0x00000000d7100000)
 ParOldGen       total 68608K, used 14194K [0x0000000080000000, 0x0000000084300000, 0x00000000d5580000)
  object space 68608K, 20% used [0x0000000080000000,0x0000000080ddc858,0x0000000084300000)
 Metaspace       used 28226K, committed 29056K, reserved 1114112K
  class space    used 2801K, committed 3136K, reserved 1048576K
}
Event: 1.667 GC heap after
{Heap after GC invocations=12 (full 1):
 PSYoungGen      total 24064K, used 827K [0x00000000d5580000, 0x00000000d7180000, 0x0000000100000000)
  eden space 23040K, 0% used [0x00000000d5580000,0x00000000d5580000,0x00000000d6c00000)
  from space 1024K, 80% used [0x00000000d6f00000,0x00000000d6fcee28,0x00000000d7000000)
  to   space 1536K, 0% used [0x00000000d7000000,0x00000000d7000000,0x00000000d7180000)
 ParOldGen       total 68608K, used 15657K [0x0000000080000000, 0x0000000084300000, 0x00000000d5580000)
  object space 68608K, 22% used [0x0000000080000000,0x0000000080f4a5b0,0x0000000084300000)
 Metaspace       used 28226K, committed 29056K, reserved 1114112K
  class space    used 2801K, committed 3136K, reserved 1048576K
}
Event: 1.816 GC heap before
{Heap before GC invocations=13 (full 1):
 PSYoungGen      total 24064K, used 23867K [0x00000000d5580000, 0x00000000d7180000, 0x0000000100000000)
  eden space 23040K, 100% used [0x00000000d5580000,0x00000000d6c00000,0x00000000d6c00000)
  from space 1024K, 80% used [0x00000000d6f00000,0x00000000d6fcee28,0x00000000d7000000)
  to   space 1536K, 0% used [0x00000000d7000000,0x00000000d7000000,0x00000000d7180000)
 ParOldGen       total 68608K, used 15657K [0x0000000080000000, 0x0000000084300000, 0x00000000d5580000)
  object space 68608K, 22% used [0x0000000080000000,0x0000000080f4a5b0,0x0000000084300000)
 Metaspace       used 31854K, committed 32960K, reserved 1114112K
  class space    used 3208K, committed 3712K, reserved 1048576K
}
Event: 1.817 GC heap after
{Heap after GC invocations=13 (full 1):
 PSYoungGen      total 24064K, used 1410K [0x00000000d5580000, 0x00000000d7180000, 0x0000000100000000)
  eden space 22528K, 0% used [0x00000000d5580000,0x00000000d5580000,0x00000000d6b80000)
  from space 1536K, 91% used [0x00000000d7000000,0x00000000d7160a70,0x00000000d7180000)
  to   space 1536K, 0% used [0x00000000d6e80000,0x00000000d6e80000,0x00000000d7000000)
 ParOldGen       total 68608K, used 16289K [0x0000000080000000, 0x0000000084300000, 0x00000000d5580000)
  object space 68608K, 23% used [0x0000000080000000,0x0000000080fe86b8,0x0000000084300000)
 Metaspace       used 31854K, committed 32960K, reserved 1114112K
  class space    used 3208K, committed 3712K, reserved 1048576K
}
Event: 2.425 GC heap before
{Heap before GC invocations=14 (full 1):
 PSYoungGen      total 24064K, used 23935K [0x00000000d5580000, 0x00000000d7180000, 0x0000000100000000)
  eden space 22528K, 99% used [0x00000000d5580000,0x00000000d6b7f3a8,0x00000000d6b80000)
  from space 1536K, 91% used [0x00000000d7000000,0x00000000d7160a70,0x00000000d7180000)
  to   space 1536K, 0% used [0x00000000d6e80000,0x00000000d6e80000,0x00000000d7000000)
 ParOldGen       total 68608K, used 16289K [0x0000000080000000, 0x0000000084300000, 0x00000000d5580000)
  object space 68608K, 23% used [0x0000000080000000,0x0000000080fe86b8,0x0000000084300000)
 Metaspace       used 34599K, committed 35648K, reserved 1114112K
  class space    used 3537K, committed 3968K, reserved 1048576K
}
Event: 2.426 GC heap after
{Heap after GC invocations=14 (full 1):
 PSYoungGen      total 23552K, used 1344K [0x00000000d5580000, 0x00000000d7080000, 0x0000000100000000)
  eden space 22016K, 0% used [0x00000000d5580000,0x00000000d5580000,0x00000000d6b00000)
  from space 1536K, 87% used [0x00000000d6e80000,0x00000000d6fd0000,0x00000000d7000000)
  to   space 512K, 0% used [0x00000000d7000000,0x00000000d7000000,0x00000000d7080000)
 ParOldGen       total 68608K, used 17514K [0x0000000080000000, 0x0000000084300000, 0x00000000d5580000)
  object space 68608K, 25% used [0x0000000080000000,0x000000008111aa98,0x0000000084300000)
 Metaspace       used 34599K, committed 35648K, reserved 1114112K
  class space    used 3537K, committed 3968K, reserved 1048576K
}
Event: 2.458 GC heap before
{Heap before GC invocations=15 (full 1):
 PSYoungGen      total 23552K, used 7726K [0x00000000d5580000, 0x00000000d7080000, 0x0000000100000000)
  eden space 22016K, 28% used [0x00000000d5580000,0x00000000d5bbb858,0x00000000d6b00000)
  from space 1536K, 87% used [0x00000000d6e80000,0x00000000d6fd0000,0x00000000d7000000)
  to   space 512K, 0% used [0x00000000d7000000,0x00000000d7000000,0x00000000d7080000)
 ParOldGen       total 68608K, used 17514K [0x0000000080000000, 0x0000000084300000, 0x00000000d5580000)
  object space 68608K, 25% used [0x0000000080000000,0x000000008111aa98,0x0000000084300000)
 Metaspace       used 35365K, committed 36416K, reserved 1114112K
  class space    used 3649K, committed 4096K, reserved 1048576K
}
Event: 2.459 GC heap after
{Heap after GC invocations=15 (full 1):
 PSYoungGen      total 22528K, used 416K [0x00000000d5580000, 0x00000000d7080000, 0x0000000100000000)
  eden space 22016K, 0% used [0x00000000d5580000,0x00000000d5580000,0x00000000d6b00000)
  from space 512K, 81% used [0x00000000d7000000,0x00000000d7068000,0x00000000d7080000)
  to   space 1024K, 0% used [0x00000000d6e80000,0x00000000d6e80000,0x00000000d6f80000)
 ParOldGen       total 68608K, used 18664K [0x0000000080000000, 0x0000000084300000, 0x00000000d5580000)
  object space 68608K, 27% used [0x0000000080000000,0x000000008123a340,0x0000000084300000)
 Metaspace       used 35365K, committed 36416K, reserved 1114112K
  class space    used 3649K, committed 4096K, reserved 1048576K
}
Event: 2.459 GC heap before
{Heap before GC invocations=16 (full 2):
 PSYoungGen      total 22528K, used 416K [0x00000000d5580000, 0x00000000d7080000, 0x0000000100000000)
  eden space 22016K, 0% used [0x00000000d5580000,0x00000000d5580000,0x00000000d6b00000)
  from space 512K, 81% used [0x00000000d7000000,0x00000000d7068000,0x00000000d7080000)
  to   space 1024K, 0% used [0x00000000d6e80000,0x00000000d6e80000,0x00000000d6f80000)
 ParOldGen       total 68608K, used 18664K [0x0000000080000000, 0x0000000084300000, 0x00000000d5580000)
  object space 68608K, 27% used [0x0000000080000000,0x000000008123a340,0x0000000084300000)
 Metaspace       used 35365K, committed 36416K, reserved 1114112K
  class space    used 3649K, committed 4096K, reserved 1048576K
}
Event: 2.473 GC heap after
{Heap after GC invocations=16 (full 2):
 PSYoungGen      total 22528K, used 0K [0x00000000d5580000, 0x00000000d7080000, 0x0000000100000000)
  eden space 22016K, 0% used [0x00000000d5580000,0x00000000d5580000,0x00000000d6b00000)
  from space 512K, 0% used [0x00000000d7000000,0x00000000d7000000,0x00000000d7080000)
  to   space 1024K, 0% used [0x00000000d6e80000,0x00000000d6e80000,0x00000000d6f80000)
 ParOldGen       total 68608K, used 17678K [0x0000000080000000, 0x0000000084300000, 0x00000000d5580000)
  object space 68608K, 25% used [0x0000000080000000,0x0000000081143ba0,0x0000000084300000)
 Metaspace       used 35365K, committed 36416K, reserved 1114112K
  class space    used 3649K, committed 4096K, reserved 1048576K
}
Event: 2.574 GC heap before
{Heap before GC invocations=17 (full 2):
 PSYoungGen      total 22528K, used 21999K [0x00000000d5580000, 0x00000000d7080000, 0x0000000100000000)
  eden space 22016K, 99% used [0x00000000d5580000,0x00000000d6afbc08,0x00000000d6b00000)
  from space 512K, 0% used [0x00000000d7000000,0x00000000d7000000,0x00000000d7080000)
  to   space 1024K, 0% used [0x00000000d6e80000,0x00000000d6e80000,0x00000000d6f80000)
 ParOldGen       total 68608K, used 17678K [0x0000000080000000, 0x0000000084300000, 0x00000000d5580000)
  object space 68608K, 25% used [0x0000000080000000,0x0000000081143ba0,0x0000000084300000)
 Metaspace       used 36934K, committed 38016K, reserved 1114112K
  class space    used 3893K, committed 4352K, reserved 1048576K
}
Event: 2.575 GC heap after
{Heap after GC invocations=17 (full 2):
 PSYoungGen      total 23040K, used 891K [0x00000000d5580000, 0x00000000d7080000, 0x0000000100000000)
  eden space 22016K, 0% used [0x00000000d5580000,0x00000000d5580000,0x00000000d6b00000)
  from space 1024K, 87% used [0x00000000d6e80000,0x00000000d6f5edf0,0x00000000d6f80000)
  to   space 1024K, 0% used [0x00000000d6f80000,0x00000000d6f80000,0x00000000d7080000)
 ParOldGen       total 68608K, used 17686K [0x0000000080000000, 0x0000000084300000, 0x00000000d5580000)
  object space 68608K, 25% used [0x0000000080000000,0x0000000081145ba0,0x0000000084300000)
 Metaspace       used 36934K, committed 38016K, reserved 1114112K
  class space    used 3893K, committed 4352K, reserved 1048576K
}

Dll operation events (10 events):
Event: 0.006 Loaded shared library c:\Users\slckc\.vscode\extensions\redhat.java-1.50.0-win32-x64\jre\21.0.9-win32-x86_64\bin\java.dll
Event: 0.039 Loaded shared library c:\Users\slckc\.vscode\extensions\redhat.java-1.50.0-win32-x64\jre\21.0.9-win32-x86_64\bin\zip.dll
Event: 0.049 Loaded shared library C:\Users\slckc\.vscode\extensions\redhat.java-1.50.0-win32-x64\jre\21.0.9-win32-x86_64\bin\instrument.dll
Event: 0.052 Loaded shared library C:\Users\slckc\.vscode\extensions\redhat.java-1.50.0-win32-x64\jre\21.0.9-win32-x86_64\bin\net.dll
Event: 0.053 Loaded shared library C:\Users\slckc\.vscode\extensions\redhat.java-1.50.0-win32-x64\jre\21.0.9-win32-x86_64\bin\nio.dll
Event: 0.054 Loaded shared library C:\Users\slckc\.vscode\extensions\redhat.java-1.50.0-win32-x64\jre\21.0.9-win32-x86_64\bin\zip.dll
Event: 0.063 Loaded shared library C:\Users\slckc\.vscode\extensions\redhat.java-1.50.0-win32-x64\jre\21.0.9-win32-x86_64\bin\jimage.dll
Event: 0.101 Loaded shared library c:\Users\slckc\.vscode\extensions\redhat.java-1.50.0-win32-x64\jre\21.0.9-win32-x86_64\bin\verify.dll
Event: 0.570 Loaded shared library C:\Users\slckc\AppData\Roaming\Code\User\globalStorage\redhat.java\1.50.0\config_win\org.eclipse.equinox.launcher\org.eclipse.equinox.launcher.win32.win32.x86_64_1.2.1400.v20250801-0854\eclipse_11916.dll
Event: 1.199 Loaded shared library C:\Users\slckc\AppData\Local\Temp\jna-109520898\jna6155603045561665870.dll

Deoptimization events (20 events):
Event: 2.475 Thread 0x0000019de576d940 DEOPT PACKING pc=0x0000019dd03e6ea8 sp=0x0000003661afd0f0
Event: 2.476 Thread 0x0000019de576d940 DEOPT UNPACKING pc=0x0000019dcfc86da2 sp=0x0000003661afd088 mode 2
Event: 2.519 Thread 0x0000019de4f347e0 Uncommon trap: trap_request=0xffffffc6 fr.pc=0x0000019dd047d424 relative=0x0000000000000f44
Event: 2.519 Thread 0x0000019de4f347e0 Uncommon trap: reason=bimorphic_or_optimized_type_check action=maybe_recompile pc=0x0000019dd047d424 method=java.util.Properties$LineReader.readLine()I @ 479 c2
Event: 2.519 Thread 0x0000019de4f347e0 DEOPT PACKING pc=0x0000019dd047d424 sp=0x00000036605fd3c0
Event: 2.519 Thread 0x0000019de4f347e0 DEOPT UNPACKING pc=0x0000019dcfc86da2 sp=0x00000036605fd350 mode 2
Event: 2.529 Thread 0x0000019de4f347e0 Uncommon trap: trap_request=0xffffff45 fr.pc=0x0000019dd04b7554 relative=0x0000000000000134
Event: 2.529 Thread 0x0000019de4f347e0 Uncommon trap: reason=unstable_if action=reinterpret pc=0x0000019dd04b7554 method=java.util.ArrayList.indexOfRange(Ljava/lang/Object;II)I @ 7 c2
Event: 2.529 Thread 0x0000019de4f347e0 DEOPT PACKING pc=0x0000019dd04b7554 sp=0x00000036605fdf10
Event: 2.529 Thread 0x0000019de4f347e0 DEOPT UNPACKING pc=0x0000019dcfc86da2 sp=0x00000036605fddd0 mode 2
Event: 2.532 Thread 0x0000019de4f347e0 Uncommon trap: trap_request=0xffffff45 fr.pc=0x0000019dd04ac730 relative=0x0000000000000110
Event: 2.532 Thread 0x0000019de4f347e0 Uncommon trap: reason=unstable_if action=reinterpret pc=0x0000019dd04ac730 method=java.util.ArrayList.indexOfRange(Ljava/lang/Object;II)I @ 7 c2
Event: 2.532 Thread 0x0000019de4f347e0 DEOPT PACKING pc=0x0000019dd04ac730 sp=0x00000036605fde70
Event: 2.532 Thread 0x0000019de4f347e0 DEOPT UNPACKING pc=0x0000019dcfc86da2 sp=0x00000036605fddf0 mode 2
Event: 2.561 Thread 0x0000019de4f347e0 DEOPT PACKING pc=0x0000019dc8a0971b sp=0x00000036605fde00
Event: 2.561 Thread 0x0000019de4f347e0 DEOPT UNPACKING pc=0x0000019dcfc878e2 sp=0x00000036605fd308 mode 0
Event: 2.572 Thread 0x0000019de4f347e0 DEOPT PACKING pc=0x0000019dc91d8dd6 sp=0x00000036605fd810
Event: 2.572 Thread 0x0000019de4f347e0 DEOPT UNPACKING pc=0x0000019dcfc878e2 sp=0x00000036605fcd20 mode 0
Event: 2.581 Thread 0x0000019de4f347e0 DEOPT PACKING pc=0x0000019dc8bc45d3 sp=0x00000036605fdc90
Event: 2.581 Thread 0x0000019de4f347e0 DEOPT UNPACKING pc=0x0000019dcfc878e2 sp=0x00000036605fd100 mode 0

Classes loaded (20 events):
Event: 2.478 Loading class sun/reflect/annotation/TypeAnnotation$TypeAnnotationTarget
Event: 2.478 Loading class sun/reflect/annotation/TypeAnnotation$TypeAnnotationTarget done
Event: 2.478 Loading class sun/reflect/annotation/TypeAnnotation$LocationInfo
Event: 2.478 Loading class sun/reflect/annotation/TypeAnnotation$LocationInfo done
Event: 2.478 Loading class sun/reflect/annotation/TypeAnnotation$LocationInfo$Location
Event: 2.478 Loading class sun/reflect/annotation/TypeAnnotation$LocationInfo$Location done
Event: 2.478 Loading class sun/reflect/annotation/AnnotatedTypeFactory
Event: 2.478 Loading class sun/reflect/annotation/AnnotatedTypeFactory done
Event: 2.478 Loading class sun/reflect/annotation/AnnotatedTypeFactory$AnnotatedTypeBaseImpl
Event: 2.478 Loading class sun/reflect/annotation/AnnotatedTypeFactory$AnnotatedTypeBaseImpl done
Event: 2.500 Loading class java/lang/annotation/ElementType
Event: 2.500 Loading class java/lang/annotation/ElementType done
Event: 2.523 Loading class java/lang/annotation/IncompleteAnnotationException
Event: 2.523 Loading class java/lang/annotation/IncompleteAnnotationException done
Event: 2.533 Loading class java/lang/foreign/MemorySegment
Event: 2.533 Loading class java/lang/foreign/MemorySegment done
Event: 2.623 Loading class sun/reflect/annotation/AnnotatedTypeFactory$AnnotatedParameterizedTypeImpl
Event: 2.623 Loading class java/lang/reflect/AnnotatedParameterizedType
Event: 2.623 Loading class java/lang/reflect/AnnotatedParameterizedType done
Event: 2.623 Loading class sun/reflect/annotation/AnnotatedTypeFactory$AnnotatedParameterizedTypeImpl done

Classes unloaded (7 events):
Event: 1.416 Thread 0x0000019ddd255460 Unloading class 0x0000019d811a3000 'java/lang/invoke/LambdaForm$MH+0x0000019d811a3000'
Event: 1.416 Thread 0x0000019ddd255460 Unloading class 0x0000019d811a2c00 'java/lang/invoke/LambdaForm$MH+0x0000019d811a2c00'
Event: 1.416 Thread 0x0000019ddd255460 Unloading class 0x0000019d811a2800 'java/lang/invoke/LambdaForm$MH+0x0000019d811a2800'
Event: 1.416 Thread 0x0000019ddd255460 Unloading class 0x0000019d811a2400 'java/lang/invoke/LambdaForm$MH+0x0000019d811a2400'
Event: 1.416 Thread 0x0000019ddd255460 Unloading class 0x0000019d811a2000 'java/lang/invoke/LambdaForm$BMH+0x0000019d811a2000'
Event: 1.416 Thread 0x0000019ddd255460 Unloading class 0x0000019d811a1c00 'java/lang/invoke/LambdaForm$DMH+0x0000019d811a1c00'
Event: 1.416 Thread 0x0000019ddd255460 Unloading class 0x0000019d811a0800 'java/lang/invoke/LambdaForm$DMH+0x0000019d811a0800'

Classes redefined (0 events):
No events

Internal exceptions (20 events):
Event: 1.769 Thread 0x0000019dc3147da0 Exception <a 'java/lang/NoSuchMethodError'{0x00000000d664c980}: 'java.lang.Object java.lang.invoke.DirectMethodHandle$Holder.invokeStaticInit(java.lang.Object, long, java.lang.Object)'> (0x00000000d664c980) 
thrown [s\src\hotspot\share\interpreter\linkResolver.cpp, line 773]
Event: 1.769 Thread 0x0000019dc3147da0 Exception <a 'java/lang/NoSuchMethodError'{0x00000000d6652280}: 'java.lang.Object java.lang.invoke.DirectMethodHandle$Holder.newInvokeSpecial(java.lang.Object, long)'> (0x00000000d6652280) 
thrown [s\src\hotspot\share\interpreter\linkResolver.cpp, line 773]
Event: 1.866 Thread 0x0000019dc3147da0 Exception <a 'java/lang/NoSuchMethodError'{0x00000000d5e30cc0}: 'void java.lang.invoke.DirectMethodHandle$Holder.invokeSpecial(java.lang.Object, java.lang.Object, java.lang.Object, java.lang.Object, java.lang.Object, java.lang.Object)'> (0x00000000d5e30cc0) 
thrown [s\src\hotspot\share\interpreter\linkResolver.cpp, line 773]
Event: 1.866 Thread 0x0000019dc3147da0 Exception <a 'java/lang/IncompatibleClassChangeError'{0x00000000d5e39048}: Found class java.lang.Object, but interface was expected> (0x00000000d5e39048) 
thrown [s\src\hotspot\share\interpreter\linkResolver.cpp, line 840]
Event: 1.866 Thread 0x0000019dc3147da0 Exception <a 'java/lang/IncompatibleClassChangeError'{0x00000000d5e3adf8}: Found class java.lang.Object, but interface was expected> (0x00000000d5e3adf8) 
thrown [s\src\hotspot\share\interpreter\linkResolver.cpp, line 840]
Event: 2.405 Thread 0x0000019de4f347e0 Exception <a 'java/lang/NoSuchMethodError'{0x00000000d68b2b70}: 'java.lang.Object java.lang.invoke.DirectMethodHandle$Holder.invokeStaticInit(java.lang.Object, java.lang.Object, java.lang.Object, java.lang.Object, java.lang.Object, java.lang.Object, java.lang.Object)'> (0x00000000d68b2b70) 
thrown [s\src\hotspot\share\interpreter\linkResolver.cpp, line 773]
Event: 2.405 Thread 0x0000019de4f347e0 Exception <a 'java/lang/NoSuchMethodError'{0x00000000d68b7348}: 'java.lang.Object java.lang.invoke.Invokers$Holder.invoke_MT(java.lang.Object, java.lang.Object, java.lang.Object, java.lang.Object, java.lang.Object, java.lang.Object, java.lang.Object, java.lang.Object, java.lang.Object)'> (0x00000000d68b7348) 
thrown [s\src\hotspot\share\interpreter\linkResolver.cpp, line 773]
Event: 2.407 Thread 0x0000019de4f347e0 Exception <a 'java/lang/NoSuchMethodError'{0x00000000d68f7220}: 'int java.lang.invoke.DirectMethodHandle$Holder.invokeVirtual(java.lang.Object, java.lang.Object, java.lang.Object)'> (0x00000000d68f7220) 
thrown [s\src\hotspot\share\interpreter\linkResolver.cpp, line 773]
Event: 2.407 Thread 0x0000019de4f347e0 Exception <a 'java/lang/NoSuchMethodError'{0x00000000d68fb3e0}: 'int java.lang.invoke.DirectMethodHandle$Holder.invokeStaticInit(java.lang.Object, int, int)'> (0x00000000d68fb3e0) 
thrown [s\src\hotspot\share\interpreter\linkResolver.cpp, line 773]
Event: 2.407 Thread 0x0000019de4f347e0 Exception <a 'java/lang/NoSuchMethodError'{0x00000000d6902988}: 'int java.lang.invoke.DirectMethodHandle$Holder.invokeStaticInit(java.lang.Object, long, long)'> (0x00000000d6902988) 
thrown [s\src\hotspot\share\interpreter\linkResolver.cpp, line 773]
Event: 2.407 Thread 0x0000019de4f347e0 Exception <a 'java/lang/NoSuchMethodError'{0x00000000d69096e0}: 'int java.lang.invoke.DirectMethodHandle$Holder.invokeStaticInit(java.lang.Object, float, float)'> (0x00000000d69096e0) 
thrown [s\src\hotspot\share\interpreter\linkResolver.cpp, line 773]
Event: 2.407 Thread 0x0000019de4f347e0 Exception <a 'java/lang/NoSuchMethodError'{0x00000000d69102b8}: 'int java.lang.invoke.DirectMethodHandle$Holder.invokeStaticInit(java.lang.Object, double, double)'> (0x00000000d69102b8) 
thrown [s\src\hotspot\share\interpreter\linkResolver.cpp, line 773]
Event: 2.407 Thread 0x0000019de4f347e0 Exception <a 'java/lang/NoSuchMethodError'{0x00000000d69146b0}: 'int java.lang.invoke.DirectMethodHandle$Holder.invokeStatic(java.lang.Object, long)'> (0x00000000d69146b0) 
thrown [s\src\hotspot\share\interpreter\linkResolver.cpp, line 773]
Event: 2.408 Thread 0x0000019de4f347e0 Exception <a 'java/lang/NoSuchMethodError'{0x00000000d69330d8}: 'int java.lang.invoke.Invokers$Holder.linkToTargetMethod(java.lang.Object, java.lang.Object)'> (0x00000000d69330d8) 
thrown [s\src\hotspot\share\interpreter\linkResolver.cpp, line 773]
Event: 2.421 Thread 0x0000019de4f347e0 Exception <a 'java/lang/NoSuchMethodError'{0x00000000d6ac9dc0}: 'java.lang.Object java.lang.invoke.DirectMethodHandle$Holder.invokeSpecialIFC(java.lang.Object, java.lang.Object, java.lang.Object, java.lang.Object)'> (0x00000000d6ac9dc0) 
thrown [s\src\hotspot\share\interpreter\linkResolver.cpp, line 773]
Event: 2.474 Thread 0x0000019de576d940 Exception <a 'java/lang/NoSuchMethodError'{0x00000000d55a6c20}: 'int java.lang.invoke.DirectMethodHandle$Holder.invokeSpecial(java.lang.Object, java.lang.Object, java.lang.Object, java.lang.Object)'> (0x00000000d55a6c20) 
thrown [s\src\hotspot\share\interpreter\linkResolver.cpp, line 773]
Event: 2.475 Thread 0x0000019de576d940 Exception <a 'java/lang/NoSuchMethodError'{0x00000000d55c5100}: 'java.lang.Object java.lang.invoke.DirectMethodHandle$Holder.invokeStatic(java.lang.Object, int, java.lang.Object, java.lang.Object)'> (0x00000000d55c5100) 
thrown [s\src\hotspot\share\interpreter\linkResolver.cpp, line 773]
Event: 2.475 Thread 0x0000019de576d940 Exception <a 'java/lang/NoSuchMethodError'{0x00000000d55d5a40}: 'java.lang.Object java.lang.invoke.DelegatingMethodHandle$Holder.delegate(java.lang.Object, int, java.lang.Object, java.lang.Object)'> (0x00000000d55d5a40) 
thrown [s\src\hotspot\share\interpreter\linkResolver.cpp, line 773]
Event: 2.476 Thread 0x0000019de576d940 Exception <a 'java/lang/NoSuchMethodError'{0x00000000d55f4f58}: 'int java.lang.invoke.Invokers$Holder.linkToTargetMethod(java.lang.Object, java.lang.Object, java.lang.Object)'> (0x00000000d55f4f58) 
thrown [s\src\hotspot\share\interpreter\linkResolver.cpp, line 773]
Event: 2.523 Thread 0x0000019de4f347e0 Exception <a 'java/lang/NoClassDefFoundError'{0x00000000d5d721d8}: javax/enterprise/inject/Typed> (0x00000000d5d721d8) 
thrown [s\src\hotspot\share\classfile\systemDictionary.cpp, line 301]

ZGC Phase Switch (0 events):
No events

VM Operations (20 events):
Event: 1.622 Executing VM operation: HandshakeAllThreads (Deoptimize)
Event: 1.622 Executing VM operation: HandshakeAllThreads (Deoptimize) done
Event: 1.666 Executing VM operation: ParallelGCFailedAllocation (Allocation Failure)
Event: 1.667 Executing VM operation: ParallelGCFailedAllocation (Allocation Failure) done
Event: 1.724 Executing VM operation: HandshakeAllThreads (Deoptimize)
Event: 1.724 Executing VM operation: HandshakeAllThreads (Deoptimize) done
Event: 1.738 Executing VM operation: HandshakeAllThreads (Deoptimize)
Event: 1.738 Executing VM operation: HandshakeAllThreads (Deoptimize) done
Event: 1.816 Executing VM operation: ParallelGCFailedAllocation (Allocation Failure)
Event: 1.817 Executing VM operation: ParallelGCFailedAllocation (Allocation Failure) done
Event: 2.411 Executing VM operation: HandshakeAllThreads (Deoptimize)
Event: 2.411 Executing VM operation: HandshakeAllThreads (Deoptimize) done
Event: 2.425 Executing VM operation: ParallelGCFailedAllocation (Allocation Failure)
Event: 2.426 Executing VM operation: ParallelGCFailedAllocation (Allocation Failure) done
Event: 2.458 Executing VM operation: CollectForMetadataAllocation (Metadata GC Threshold)
Event: 2.473 Executing VM operation: CollectForMetadataAllocation (Metadata GC Threshold) done
Event: 2.520 Executing VM operation: HandshakeAllThreads (Deoptimize)
Event: 2.520 Executing VM operation: HandshakeAllThreads (Deoptimize) done
Event: 2.574 Executing VM operation: ParallelGCFailedAllocation (Allocation Failure)
Event: 2.575 Executing VM operation: ParallelGCFailedAllocation (Allocation Failure) done

Memory protections (0 events):
No events

Nmethod flushes (20 events):
Event: 2.467 Thread 0x0000019ddd255460 flushing  nmethod 0x0000019dc8e99e90
Event: 2.467 Thread 0x0000019ddd255460 flushing  nmethod 0x0000019dc8e9a590
Event: 2.467 Thread 0x0000019ddd255460 flushing  nmethod 0x0000019dc8ec0c10
Event: 2.467 Thread 0x0000019ddd255460 flushing  nmethod 0x0000019dc8ec1010
Event: 2.467 Thread 0x0000019ddd255460 flushing  nmethod 0x0000019dc8ec1910
Event: 2.467 Thread 0x0000019ddd255460 flushing  nmethod 0x0000019dc8ec2b10
Event: 2.467 Thread 0x0000019ddd255460 flushing  nmethod 0x0000019dc8ec3890
Event: 2.467 Thread 0x0000019ddd255460 flushing  nmethod 0x0000019dc8ec3d90
Event: 2.467 Thread 0x0000019ddd255460 flushing  nmethod 0x0000019dc8ec4990
Event: 2.467 Thread 0x0000019ddd255460 flushing  nmethod 0x0000019dc8ec4e90
Event: 2.467 Thread 0x0000019ddd255460 flushing  nmethod 0x0000019dc8ec6390
Event: 2.467 Thread 0x0000019ddd255460 flushing  nmethod 0x0000019dc8ec6810
Event: 2.467 Thread 0x0000019ddd255460 flushing  nmethod 0x0000019dc8ec7b90
Event: 2.467 Thread 0x0000019ddd255460 flushing  nmethod 0x0000019dc8ec7e90
Event: 2.467 Thread 0x0000019ddd255460 flushing  nmethod 0x0000019dc8ecb790
Event: 2.467 Thread 0x0000019ddd255460 flushing  nmethod 0x0000019dc8ed4410
Event: 2.467 Thread 0x0000019ddd255460 flushing  nmethod 0x0000019dc8f0f010
Event: 2.467 Thread 0x0000019ddd255460 flushing  nmethod 0x0000019dc8f0fb10
Event: 2.467 Thread 0x0000019ddd255460 flushing  nmethod 0x0000019dc8f15990
Event: 2.467 Thread 0x0000019ddd255460 flushing  nmethod 0x0000019dc8f1ce10

Events (20 events):
Event: 1.773 Thread 0x0000019dc3147da0 Thread added: 0x0000019de4f35500
Event: 1.773 Thread 0x0000019dc3147da0 Thread added: 0x0000019de4f32080
Event: 1.773 Thread 0x0000019dc3147da0 Thread added: 0x0000019de4f35b90
Event: 1.773 Thread 0x0000019dc3147da0 Thread added: 0x0000019de4f36220
Event: 1.773 Thread 0x0000019dc3147da0 Thread added: 0x0000019de4f368b0
Event: 1.773 Thread 0x0000019dc3147da0 Thread added: 0x0000019de4f33430
Event: 1.773 Thread 0x0000019dc3147da0 Thread added: 0x0000019de4f36f40
Event: 1.773 Thread 0x0000019dc3147da0 Thread added: 0x0000019de4f33ac0
Event: 1.773 Thread 0x0000019dc3147da0 Thread added: 0x0000019de4f37c60
Event: 1.773 Thread 0x0000019dc3147da0 Thread added: 0x0000019de4f375d0
Event: 1.773 Thread 0x0000019dc3147da0 Thread added: 0x0000019de4f382f0
Event: 1.773 Thread 0x0000019dc3147da0 Thread added: 0x0000019de4f38980
Event: 1.773 Thread 0x0000019dc3147da0 Thread added: 0x0000019de4f39010
Event: 1.773 Thread 0x0000019dc3147da0 Thread added: 0x0000019de4f396a0
Event: 1.773 Thread 0x0000019dc3147da0 Thread added: 0x0000019de576e660
Event: 1.787 Thread 0x0000019dc3147da0 Thread added: 0x0000019de576dfd0
Event: 1.875 Thread 0x0000019dc3147da0 Thread added: 0x0000019de576cc20
Event: 1.875 Thread 0x0000019dc3147da0 Thread added: 0x0000019de576c590
Event: 2.399 Thread 0x0000019de4f347e0 Thread added: 0x0000019de576d940
Event: 2.473 Thread 0x0000019de576d940 Thread added: 0x0000019de5770730


Dynamic libraries:
0x00007ff68a120000 - 0x00007ff68a12e000 	c:\Users\slckc\.vscode\extensions\redhat.java-1.50.0-win32-x64\jre\21.0.9-win32-x86_64\bin\java.exe
0x00007ff84c860000 - 0x00007ff84cac7000 	C:\WINDOWS\SYSTEM32\ntdll.dll
0x00007ff84b3e0000 - 0x00007ff84b4a9000 	C:\WINDOWS\System32\KERNEL32.DLL
0x00007ff849ed0000 - 0x00007ff84a2bf000 	C:\WINDOWS\System32\KERNELBASE.dll
0x00007ff849d80000 - 0x00007ff849ecb000 	C:\WINDOWS\System32\ucrtbase.dll
0x00007ff82b620000 - 0x00007ff82b63e000 	c:\Users\slckc\.vscode\extensions\redhat.java-1.50.0-win32-x64\jre\21.0.9-win32-x86_64\bin\VCRUNTIME140.dll
0x00007ff82f8c0000 - 0x00007ff82f8d8000 	c:\Users\slckc\.vscode\extensions\redhat.java-1.50.0-win32-x64\jre\21.0.9-win32-x86_64\bin\jli.dll
0x00007ff84ab30000 - 0x00007ff84acf5000 	C:\WINDOWS\System32\USER32.dll
0x00007ff849d50000 - 0x00007ff849d77000 	C:\WINDOWS\System32\win32u.dll
0x00007ff82d5a0000 - 0x00007ff82d833000 	C:\WINDOWS\WinSxS\amd64_microsoft.windows.common-controls_6595b64144ccf1df_6.0.26100.7309_none_3e05feeae336a044\COMCTL32.dll
0x00007ff84aa80000 - 0x00007ff84aaab000 	C:\WINDOWS\System32\GDI32.dll
0x00007ff84a360000 - 0x00007ff84a48c000 	C:\WINDOWS\System32\gdi32full.dll
0x00007ff84ba30000 - 0x00007ff84bad9000 	C:\WINDOWS\System32\msvcrt.dll
0x00007ff84a490000 - 0x00007ff84a533000 	C:\WINDOWS\System32\msvcp_win.dll
0x00007ff84bca0000 - 0x00007ff84bcd1000 	C:\WINDOWS\System32\IMM32.DLL
0x00007ff827400000 - 0x00007ff8274f2000 	C:\Program Files\Windhawk\Engine\1.6.1\64\windhawk.dll
0x00007ff84bd90000 - 0x00007ff84be44000 	C:\WINDOWS\System32\ADVAPI32.dll
0x00007ff84a6d0000 - 0x00007ff84a776000 	C:\WINDOWS\System32\sechost.dll
0x00007ff84ad00000 - 0x00007ff84ae18000 	C:\WINDOWS\System32\RPCRT4.dll
0x00007ff8285f0000 - 0x00007ff828608000 	C:\ProgramData\Windhawk\Engine\Mods\64\remove-ms-store-open-with_1.0.0_714486.dll
0x00007ff84bed0000 - 0x00007ff84c623000 	C:\WINDOWS\System32\shell32.dll
0x00007ff8499b0000 - 0x00007ff849b1a000 	C:\WINDOWS\System32\wintypes.dll
0x00007ff84b050000 - 0x00007ff84b3d5000 	C:\WINDOWS\System32\combase.dll
0x00007ff840f30000 - 0x00007ff840f3c000 	c:\Users\slckc\.vscode\extensions\redhat.java-1.50.0-win32-x64\jre\21.0.9-win32-x86_64\bin\vcruntime140_1.dll
0x00007ff8063e0000 - 0x00007ff80646d000 	c:\Users\slckc\.vscode\extensions\redhat.java-1.50.0-win32-x64\jre\21.0.9-win32-x86_64\bin\msvcp140.dll
0x00007ffef8ac0000 - 0x00007ffef9860000 	c:\Users\slckc\.vscode\extensions\redhat.java-1.50.0-win32-x64\jre\21.0.9-win32-x86_64\bin\server\jvm.dll
0x00007ff84c7a0000 - 0x00007ff84c814000 	C:\WINDOWS\System32\WS2_32.dll
0x00007ff848590000 - 0x00007ff8485ee000 	C:\WINDOWS\SYSTEM32\POWRPROF.dll
0x00007ff83aff0000 - 0x00007ff83b025000 	C:\WINDOWS\SYSTEM32\WINMM.dll
0x00007ff842150000 - 0x00007ff84215b000 	C:\WINDOWS\SYSTEM32\VERSION.dll
0x00007ff848570000 - 0x00007ff848584000 	C:\WINDOWS\SYSTEM32\UMPDC.dll
0x00007ff848850000 - 0x00007ff84886b000 	C:\WINDOWS\SYSTEM32\kernel.appcore.dll
0x00007ff828200000 - 0x00007ff82820a000 	c:\Users\slckc\.vscode\extensions\redhat.java-1.50.0-win32-x64\jre\21.0.9-win32-x86_64\bin\jimage.dll
0x00007ff8477d0000 - 0x00007ff847a12000 	C:\WINDOWS\SYSTEM32\DBGHELP.DLL
0x00007ff84b4c0000 - 0x00007ff84b596000 	C:\WINDOWS\System32\OLEAUT32.dll
0x00007ff81a820000 - 0x00007ff81a85c000 	C:\WINDOWS\SYSTEM32\dbgcore.DLL
0x00007ff849ca0000 - 0x00007ff849d45000 	C:\WINDOWS\System32\bcryptPrimitives.dll
0x00007ff82f960000 - 0x00007ff82f96f000 	c:\Users\slckc\.vscode\extensions\redhat.java-1.50.0-win32-x64\jre\21.0.9-win32-x86_64\bin\instrument.dll
0x00007ff828120000 - 0x00007ff828140000 	c:\Users\slckc\.vscode\extensions\redhat.java-1.50.0-win32-x64\jre\21.0.9-win32-x86_64\bin\java.dll
0x00007ff8464f0000 - 0x00007ff846d4e000 	C:\WINDOWS\SYSTEM32\windows.storage.dll
0x00007ff84a960000 - 0x00007ff84aa55000 	C:\WINDOWS\System32\SHCORE.dll
0x00007ff84bcf0000 - 0x00007ff84bd56000 	C:\WINDOWS\System32\shlwapi.dll
0x00007ff8498d0000 - 0x00007ff8498f9000 	C:\WINDOWS\SYSTEM32\profapi.dll
0x00007ff8280b0000 - 0x00007ff8280c8000 	c:\Users\slckc\.vscode\extensions\redhat.java-1.50.0-win32-x64\jre\21.0.9-win32-x86_64\bin\zip.dll
0x00007ff828100000 - 0x00007ff828110000 	C:\Users\slckc\.vscode\extensions\redhat.java-1.50.0-win32-x64\jre\21.0.9-win32-x86_64\bin\net.dll
0x00007ff841490000 - 0x00007ff8415b8000 	C:\WINDOWS\SYSTEM32\WINHTTP.dll
0x00007ff848df0000 - 0x00007ff848e5b000 	C:\WINDOWS\system32\mswsock.dll
0x00007ff8258f0000 - 0x00007ff825906000 	C:\Users\slckc\.vscode\extensions\redhat.java-1.50.0-win32-x64\jre\21.0.9-win32-x86_64\bin\nio.dll
0x00007ff82f950000 - 0x00007ff82f960000 	c:\Users\slckc\.vscode\extensions\redhat.java-1.50.0-win32-x64\jre\21.0.9-win32-x86_64\bin\verify.dll
0x00007ff818730000 - 0x00007ff818774000 	C:\Users\slckc\AppData\Roaming\Code\User\globalStorage\redhat.java\1.50.0\config_win\org.eclipse.equinox.launcher\org.eclipse.equinox.launcher.win32.win32.x86_64_1.2.1400.v20250801-0854\eclipse_11916.dll
0x00007ff84ae20000 - 0x00007ff84afb7000 	C:\WINDOWS\System32\ole32.dll
0x00007ff8490b0000 - 0x00007ff8490cb000 	C:\WINDOWS\SYSTEM32\CRYPTSP.dll
0x00007ff8487b0000 - 0x00007ff8487ea000 	C:\WINDOWS\system32\rsaenh.dll
0x00007ff848ea0000 - 0x00007ff848ecb000 	C:\WINDOWS\SYSTEM32\USERENV.dll
0x00007ff8498a0000 - 0x00007ff8498ca000 	C:\WINDOWS\SYSTEM32\bcrypt.dll
0x00007ff8490d0000 - 0x00007ff8490dc000 	C:\WINDOWS\SYSTEM32\CRYPTBASE.dll
0x00007ff8481f0000 - 0x00007ff848224000 	C:\WINDOWS\SYSTEM32\IPHLPAPI.DLL
0x00007ff84bae0000 - 0x00007ff84baea000 	C:\WINDOWS\System32\NSI.dll
0x00007ff8127a0000 - 0x00007ff8127e9000 	C:\Users\slckc\AppData\Local\Temp\jna-109520898\jna6155603045561665870.dll
0x00007ff84bce0000 - 0x00007ff84bce8000 	C:\WINDOWS\System32\PSAPI.DLL
0x00007ff840eb0000 - 0x00007ff840ece000 	C:\WINDOWS\SYSTEM32\dhcpcsvc6.DLL
0x00007ff840bb0000 - 0x00007ff840bd3000 	C:\WINDOWS\SYSTEM32\dhcpcsvc.DLL

JVMTI agents:
c:\Users\slckc\.vscode\extensions\redhat.java-1.50.0-win32-x64\lombok\lombok-1.18.39-4050.jar path:c:\Users\slckc\.vscode\extensions\redhat.java-1.50.0-win32-x64\jre\21.0.9-win32-x86_64\bin\instrument.dll, loaded, initialized, instrumentlib options:none

dbghelp: loaded successfully - version: 4.0.5 - missing functions: none
symbol engine: initialized successfully - sym options: 0x614 - pdb path: .;c:\Users\slckc\.vscode\extensions\redhat.java-1.50.0-win32-x64\jre\21.0.9-win32-x86_64\bin;C:\WINDOWS\SYSTEM32;C:\WINDOWS\WinSxS\amd64_microsoft.windows.common-controls_6595b64144ccf1df_6.0.26100.7309_none_3e05feeae336a044;C:\Program Files\Windhawk\Engine\1.6.1\64;C:\ProgramData\Windhawk\Engine\Mods\64;c:\Users\slckc\.vscode\extensions\redhat.java-1.50.0-win32-x64\jre\21.0.9-win32-x86_64\bin\server;C:\Users\slckc\AppData\Roaming\Code\User\globalStorage\redhat.java\1.50.0\config_win\org.eclipse.equinox.launcher\org.eclipse.equinox.launcher.win32.win32.x86_64_1.2.1400.v20250801-0854;C:\Users\slckc\AppData\Local\Temp\jna-109520898

VM Arguments:
jvm_args: --add-modules=ALL-SYSTEM --add-opens=java.base/java.util=ALL-UNNAMED --add-opens=java.base/java.lang=ALL-UNNAMED --add-opens=java.base/sun.nio.fs=ALL-UNNAMED -Declipse.application=org.eclipse.jdt.ls.core.id1 -Dosgi.bundles.defaultStartLevel=4 -Declipse.product=org.eclipse.jdt.ls.core.product -Djava.import.generatesMetadataFilesAtProjectRoot=false -DDetectVMInstallationsJob.disabled=true -Dfile.encoding=utf8 -XX:+UseParallelGC -XX:GCTimeRatio=4 -XX:AdaptiveSizePolicyWeight=90 -Dsun.zip.disableMemoryMapping=true -Xmx2G -Xms100m -Xlog:disable -javaagent:c:\Users\slckc\.vscode\extensions\redhat.java-1.50.0-win32-x64\lombok\lombok-1.18.39-4050.jar -XX:+HeapDumpOnOutOfMemoryError -XX:HeapDumpPath=c:\Users\slckc\AppData\Roaming\Code\User\workspaceStorage\b5d2e1146c176a6eed179b0ba5530afd\redhat.java -Daether.dependencyCollector.impl=bf 
java_command: c:\Users\slckc\.vscode\extensions\redhat.java-1.50.0-win32-x64\server\plugins\org.eclipse.equinox.launcher_1.7.100.v20251111-0406.jar -configuration c:\Users\slckc\AppData\Roaming\Code\User\globalStorage\redhat.java\1.50.0\config_win -data c:\Users\slckc\AppData\Roaming\Code\User\workspaceStorage\b5d2e1146c176a6eed179b0ba5530afd\redhat.java\jdt_ws --pipe=\\.\pipe\lsp-1920cadf5efa440240f105305741972c-sock
java_class_path (initial): c:\Users\slckc\.vscode\extensions\redhat.java-1.50.0-win32-x64\server\plugins\org.eclipse.equinox.launcher_1.7.100.v20251111-0406.jar
Launcher Type: SUN_STANDARD

[Global flags]
    uintx AdaptiveSizePolicyWeight                 = 90                                        {product} {command line}
     intx CICompilerCount                          = 12                                        {product} {ergonomic}
    uintx GCTimeRatio                              = 4                                         {product} {command line}
     bool HeapDumpOnOutOfMemoryError               = true                                   {manageable} {command line}
    ccstr HeapDumpPath                             = c:\Users\slckc\AppData\Roaming\Code\User\workspaceStorage\b5d2e1146c176a6eed179b0ba5530afd\redhat.java         {manageable} {command line}
   size_t InitialHeapSize                          = 104857600                                 {product} {command line}
   size_t MaxHeapSize                              = 2147483648                                {product} {command line}
   size_t MaxNewSize                               = 715653120                                 {product} {ergonomic}
   size_t MinHeapDeltaBytes                        = 524288                                    {product} {ergonomic}
   size_t MinHeapSize                              = 104857600                                 {product} {command line}
   size_t NewSize                                  = 34603008                                  {product} {ergonomic}
    uintx NonNMethodCodeHeapSize                   = 7602480                                {pd product} {ergonomic}
    uintx NonProfiledCodeHeapSize                  = 122027880                              {pd product} {ergonomic}
   size_t OldSize                                  = 70254592                                  {product} {ergonomic}
    uintx ProfiledCodeHeapSize                     = 122027880                              {pd product} {ergonomic}
    uintx ReservedCodeCacheSize                    = 251658240                              {pd product} {ergonomic}
     bool SegmentedCodeCache                       = true                                      {product} {ergonomic}
   size_t SoftMaxHeapSize                          = 2147483648                             {manageable} {ergonomic}
     bool UseCompressedOops                        = true                           {product lp64_product} {ergonomic}
     bool UseLargePagesIndividualAllocation        = false                                  {pd product} {ergonomic}
     bool UseParallelGC                            = true                                      {product} {command line}

Logging:
Log output configuration:
 #0: stdout all=off uptime,level,tags foldmultilines=false
 #1: stderr all=off uptime,level,tags foldmultilines=false

Release file:
JAVA_VERSION="21.0.9" 
MODULES="java.base java.compiler java.datatransfer java.xml java.prefs java.desktop java.instrument java.logging java.management java.security.sasl java.naming java.rmi java.management.rmi java.net.http java.scripting java.security.jgss java.transaction.xa java.sql java.sql.rowset java.xml.crypto java.se java.smartcardio jdk.accessibility jdk.internal.jvmstat jdk.attach jdk.charsets jdk.internal.opt jdk.zipfs jdk.compiler jdk.crypto.ec jdk.crypto.cryptoki jdk.crypto.mscapi jdk.dynalink jdk.internal.ed jdk.editpad jdk.hotspot.agent jdk.httpserver jdk.internal.le jdk.internal.vm.ci jdk.internal.vm.compiler jdk.internal.vm.compiler.management jdk.jartool jdk.javadoc jdk.jcmd jdk.management jdk.management.agent jdk.jconsole jdk.jdeps jdk.jdwp.agent jdk.jdi jdk.jfr jdk.jshell jdk.jsobject jdk.jstatd jdk.localedata jdk.management.jfr jdk.naming.dns jdk.naming.rmi jdk.net jdk.nio.mapmode jdk.random jdk.sctp jdk.security.auth jdk.security.jgss jdk.unsupported jdk.unsupported.desktop jdk.xml.dom" 

Environment Variables:
PATH=C:\Program Files\NVIDIA GPU Computing Toolkit\CUDA\v13.1\bin\x64;C:\Program Files\NVIDIA GPU Computing Toolkit\CUDA\v13.1\bin;C:\Program Files (x86)\Common Files\Oracle\Java\java8path;C:\Program Files (x86)\Common Files\Oracle\Java\javapath;C:\Program Files\NVIDIA GPU Computing Toolkit\CUDA\v13.0\bin\x64;C:\Program Files\NVIDIA GPU Computing Toolkit\CUDA\v13.0\bin;C:\WINDOWS\system32;C:\WINDOWS;C:\WINDOWS\System32\Wbem;C:\WINDOWS\System32\WindowsPowerShell\v1.0\;C:\WINDOWS\System32\OpenSSH\;C:\Program Files (x86)\NVIDIA Corporation\PhysX\Common;C:\Program Files\dotnet\;C:\Program Files\Git\cmd;C:\Program Files\nodejs\;C:\ProgramData\chocolatey\bin;C:\Program Files\Apollo;C:\Program Files\Apollo\tools;C:\Program Files\NVIDIA Corporation\Nsight Compute 2025.1.1\;C:\Program Files\CMake\bin;C:\Program Files\NVIDIA Corporation\NVIDIA App\NvDLISR;C:\Program Files\NVIDIA Corporation\Nsight Compute 2025.4.0\;C:\Users\slckc\AppData\Local\Programs\Python\Python310\Scripts\;C:\Users\slckc\AppData\Local\Programs\Python\Python310\;C:\Users\slckc\AppData\Local\Microsoft\WindowsApps;C:\Users\slckc\AppData\Local\spicetify;C:\Users\slckc\AppData\Local\Programs\Microsoft VS Code\bin;C:\Users\slckc\AppData\Local\Microsoft\WinGet\Packages\Schniz.fnm_Microsoft.Winget.Source_8wekyb3d8bbwe;C:\Users\slckc\AppData\Roaming\npm;C:\Users\slckc\AppData\Local\Muse Hub\lib;C:\Users\slckc\AppData\Local\GitHubDesktop\bin;C:\Qt\6.9.0\msvc2022_64\bin;C:\Qt\Tools\Ninja;C:\Program Files\NVIDIA GPU Computing Toolkit\CUDA\v13.1;C:\ffmpeg\bin;
USERNAME=slckc
OS=Windows_NT
PROCESSOR_IDENTIFIER=AMD64 Family 26 Model 68 Stepping 0, AuthenticAMD
TMP=C:\Users\slckc\AppData\Local\Temp
TEMP=C:\Users\slckc\AppData\Local\Temp




Periodic native trim disabled

---------------  S Y S T E M  ---------------

OS:
 Windows 11 , 64 bit Build 26100 (10.0.26100.7309)
OS uptime: 0 days 10:43 hours
Hyper-V role detected

CPU: total 16 (initial active 16) (16 cores per cpu, 2 threads per core) family 26 model 68 stepping 0 microcode 0xb404023, cx8, cmov, fxsr, ht, mmx, 3dnowpref, sse, sse2, sse3, ssse3, sse4a, sse4.1, sse4.2, popcnt, lzcnt, tsc, tscinvbit, avx, avx2, aes, erms, clmul, bmi1, bmi2, adx, avx512f, avx512dq, avx512cd, avx512bw, avx512vl, sha, fma, vzeroupper, avx512_vpopcntdq, avx512_vpclmulqdq, avx512_vaes, avx512_vnni, clflush, clflushopt, avx512_vbmi2, avx512_vbmi, hv, rdtscp, rdpid, fsrm, gfni, avx512_bitalg, f16c, cet_ss, avx512_ifma
Processor Information for the first 16 processors :
  Max Mhz: 3800, Current Mhz: 3800, Mhz Limit: 3800

Memory: 4k page, system-wide physical 32361M (560M free)
TotalPageFile size 93303M (AvailPageFile size 14M)
current process WorkingSet (physical memory assigned to process): 208M, peak: 211M
current process commit charge ("private bytes"): 349M, peak: 351M

vm_info: OpenJDK 64-Bit Server VM (21.0.9+10-LTS) for windows-amd64 JRE (21.0.9+10-LTS), built on 2025-10-21T00:00:00Z by "admin" with unknown MS VC++:1942

END.
